<?xml version="1.0" encoding="UTF-8"?>
<coverage generated="1691157640148" clover="3.2.0">
  <project timestamp="1691157640148" name="All files">
    <metrics statements="1640" coveredstatements="1640" conditionals="418" coveredconditionals="418" methods="95" coveredmethods="92" elements="2153" coveredelements="2150" complexity="0" loc="1640" ncloc="1640" packages="13" files="25" classes="25"/>
    <package name="src">
      <metrics statements="9" coveredstatements="9" conditionals="0" coveredconditionals="0" methods="0" coveredmethods="0"/>
      <file name="index.js" path="/home/kelvinsoh/Desktop/math/mathlify/packages/mathlify/src/index.js">
        <metrics statements="9" coveredstatements="9" conditionals="0" coveredconditionals="0" methods="0" coveredmethods="0"/>
        <line num="1" count="1" type="stmt"/>
        <line num="2" count="1" type="stmt"/>
        <line num="3" count="1" type="stmt"/>
        <line num="4" count="1" type="stmt"/>
        <line num="5" count="1" type="stmt"/>
        <line num="6" count="1" type="stmt"/>
        <line num="7" count="1" type="stmt"/>
        <line num="8" count="1" type="stmt"/>
        <line num="9" count="1" type="stmt"/>
      </file>
    </package>
    <package name="src.algebra">
      <metrics statements="2" coveredstatements="2" conditionals="0" coveredconditionals="0" methods="0" coveredmethods="0"/>
      <file name="index.js" path="/home/kelvinsoh/Desktop/math/mathlify/packages/mathlify/src/algebra/index.js">
        <metrics statements="2" coveredstatements="2" conditionals="0" coveredconditionals="0" methods="0" coveredmethods="0"/>
        <line num="1" count="1" type="stmt"/>
        <line num="2" count="1" type="stmt"/>
      </file>
    </package>
    <package name="src.algebra.expression">
      <metrics statements="110" coveredstatements="110" conditionals="38" coveredconditionals="38" methods="5" coveredmethods="5"/>
      <file name="index.js" path="/home/kelvinsoh/Desktop/math/mathlify/packages/mathlify/src/algebra/expression/index.js">
        <metrics statements="1" coveredstatements="1" conditionals="0" coveredconditionals="0" methods="0" coveredmethods="0"/>
        <line num="1" count="1" type="stmt"/>
      </file>
      <file name="unsimplified-expression.js" path="/home/kelvinsoh/Desktop/math/mathlify/packages/mathlify/src/algebra/expression/unsimplified-expression.js">
        <metrics statements="109" coveredstatements="109" conditionals="38" coveredconditionals="38" methods="5" coveredmethods="5"/>
        <line num="1" count="1" type="stmt"/>
        <line num="2" count="1" type="stmt"/>
        <line num="3" count="1" type="stmt"/>
        <line num="4" count="1" type="stmt"/>
        <line num="5" count="1" type="stmt"/>
        <line num="6" count="1" type="stmt"/>
        <line num="7" count="1" type="stmt"/>
        <line num="8" count="1" type="stmt"/>
        <line num="9" count="1" type="stmt"/>
        <line num="10" count="1" type="stmt"/>
        <line num="11" count="1" type="stmt"/>
        <line num="12" count="1" type="stmt"/>
        <line num="13" count="1" type="stmt"/>
        <line num="14" count="1" type="stmt"/>
        <line num="15" count="1" type="stmt"/>
        <line num="16" count="1" type="stmt"/>
        <line num="17" count="1" type="stmt"/>
        <line num="18" count="1" type="cond" truecount="1" falsecount="0"/>
        <line num="19" count="22" type="stmt"/>
        <line num="20" count="22" type="cond" truecount="1" falsecount="0"/>
        <line num="21" count="21" type="cond" truecount="1" falsecount="0"/>
        <line num="22" count="21" type="stmt"/>
        <line num="23" count="21" type="cond" truecount="1" falsecount="0"/>
        <line num="24" count="37" type="stmt"/>
        <line num="25" count="37" type="cond" truecount="1" falsecount="0"/>
        <line num="26" count="37" type="cond" truecount="1" falsecount="0"/>
        <line num="27" count="8" type="stmt"/>
        <line num="28" count="8" type="stmt"/>
        <line num="29" count="8" type="cond" truecount="2" falsecount="0"/>
        <line num="30" count="8" type="stmt"/>
        <line num="31" count="8" type="stmt"/>
        <line num="32" count="37" type="cond" truecount="1" falsecount="0"/>
        <line num="33" count="29" type="cond" truecount="1" falsecount="0"/>
        <line num="34" count="2" type="stmt"/>
        <line num="35" count="2" type="stmt"/>
        <line num="36" count="2" type="cond" truecount="2" falsecount="0"/>
        <line num="37" count="2" type="stmt"/>
        <line num="38" count="2" type="stmt"/>
        <line num="39" count="29" type="cond" truecount="1" falsecount="0"/>
        <line num="40" count="27" type="cond" truecount="1" falsecount="0"/>
        <line num="41" count="2" type="stmt"/>
        <line num="42" count="2" type="stmt"/>
        <line num="43" count="2" type="cond" truecount="2" falsecount="0"/>
        <line num="44" count="2" type="stmt"/>
        <line num="45" count="2" type="stmt"/>
        <line num="46" count="27" type="cond" truecount="1" falsecount="0"/>
        <line num="47" count="25" type="cond" truecount="1" falsecount="0"/>
        <line num="48" count="2" type="stmt"/>
        <line num="49" count="2" type="stmt"/>
        <line num="50" count="2" type="cond" truecount="2" falsecount="0"/>
        <line num="51" count="2" type="stmt"/>
        <line num="52" count="2" type="stmt"/>
        <line num="53" count="25" type="cond" truecount="1" falsecount="0"/>
        <line num="54" count="23" type="cond" truecount="2" falsecount="0"/>
        <line num="55" count="23" type="stmt"/>
        <line num="56" count="23" type="cond" truecount="3" falsecount="0"/>
        <line num="57" count="23" type="cond" truecount="1" falsecount="0"/>
        <line num="58" count="37" type="stmt"/>
        <line num="59" count="37" type="stmt"/>
        <line num="60" count="21" type="stmt"/>
        <line num="61" count="21" type="stmt"/>
        <line num="62" count="21" type="stmt"/>
        <line num="63" count="21" type="stmt"/>
        <line num="64" count="22" type="stmt"/>
        <line num="65" count="1" type="stmt"/>
        <line num="66" count="1" type="stmt"/>
        <line num="67" count="1" type="stmt"/>
        <line num="68" count="1" type="stmt"/>
        <line num="69" count="1" type="stmt"/>
        <line num="70" count="1" type="stmt"/>
        <line num="71" count="1" type="cond" truecount="1" falsecount="0"/>
        <line num="72" count="4" type="stmt"/>
        <line num="73" count="4" type="stmt"/>
        <line num="74" count="4" type="stmt"/>
        <line num="75" count="4" type="stmt"/>
        <line num="76" count="4" type="stmt"/>
        <line num="77" count="4" type="stmt"/>
        <line num="78" count="1" type="stmt"/>
        <line num="79" count="1" type="stmt"/>
        <line num="80" count="1" type="stmt"/>
        <line num="81" count="1" type="stmt"/>
        <line num="82" count="1" type="stmt"/>
        <line num="83" count="1" type="stmt"/>
        <line num="84" count="1" type="cond" truecount="1" falsecount="0"/>
        <line num="85" count="5" type="stmt"/>
        <line num="86" count="5" type="stmt"/>
        <line num="87" count="5" type="stmt"/>
        <line num="88" count="5" type="stmt"/>
        <line num="89" count="5" type="stmt"/>
        <line num="90" count="5" type="stmt"/>
        <line num="91" count="1" type="stmt"/>
        <line num="92" count="1" type="stmt"/>
        <line num="93" count="1" type="stmt"/>
        <line num="94" count="1" type="stmt"/>
        <line num="95" count="1" type="cond" truecount="1" falsecount="0"/>
        <line num="96" count="1" type="stmt"/>
        <line num="97" count="1" type="stmt"/>
        <line num="98" count="1" type="stmt"/>
        <line num="99" count="1" type="stmt"/>
        <line num="100" count="1" type="stmt"/>
        <line num="101" count="1" type="stmt"/>
        <line num="102" count="1" type="cond" truecount="1" falsecount="0"/>
        <line num="103" count="12" type="cond" truecount="1" falsecount="0"/>
        <line num="104" count="27" type="stmt"/>
        <line num="105" count="27" type="cond" truecount="6" falsecount="0"/>
        <line num="106" count="27" type="stmt"/>
        <line num="107" count="12" type="stmt"/>
        <line num="108" count="12" type="stmt"/>
        <line num="109" count="1" type="stmt"/>
      </file>
    </package>
    <package name="src.algebra.rational">
      <metrics statements="175" coveredstatements="175" conditionals="34" coveredconditionals="34" methods="12" coveredmethods="12"/>
      <file name="index.js" path="/home/kelvinsoh/Desktop/math/mathlify/packages/mathlify/src/algebra/rational/index.js">
        <metrics statements="1" coveredstatements="1" conditionals="0" coveredconditionals="0" methods="0" coveredmethods="0"/>
        <line num="1" count="1" type="stmt"/>
      </file>
      <file name="rational.js" path="/home/kelvinsoh/Desktop/math/mathlify/packages/mathlify/src/algebra/rational/rational.js">
        <metrics statements="174" coveredstatements="174" conditionals="34" coveredconditionals="34" methods="12" coveredmethods="12"/>
        <line num="1" count="1" type="stmt"/>
        <line num="2" count="1" type="stmt"/>
        <line num="3" count="1" type="stmt"/>
        <line num="4" count="1" type="stmt"/>
        <line num="5" count="1" type="stmt"/>
        <line num="6" count="1" type="stmt"/>
        <line num="7" count="1" type="stmt"/>
        <line num="8" count="1" type="stmt"/>
        <line num="9" count="1" type="stmt"/>
        <line num="10" count="1" type="stmt"/>
        <line num="11" count="1" type="stmt"/>
        <line num="12" count="1" type="stmt"/>
        <line num="13" count="1" type="stmt"/>
        <line num="14" count="1" type="stmt"/>
        <line num="15" count="1" type="stmt"/>
        <line num="16" count="1" type="stmt"/>
        <line num="17" count="1" type="stmt"/>
        <line num="18" count="1" type="stmt"/>
        <line num="19" count="1" type="stmt"/>
        <line num="20" count="1" type="stmt"/>
        <line num="21" count="1" type="cond" truecount="1" falsecount="0"/>
        <line num="22" count="27" type="stmt"/>
        <line num="23" count="27" type="stmt"/>
        <line num="24" count="27" type="stmt"/>
        <line num="25" count="27" type="stmt"/>
        <line num="26" count="27" type="stmt"/>
        <line num="27" count="27" type="stmt"/>
        <line num="28" count="27" type="stmt"/>
        <line num="29" count="27" type="cond" truecount="1" falsecount="0"/>
        <line num="30" count="28" type="cond" truecount="1" falsecount="0"/>
        <line num="31" count="11" type="stmt"/>
        <line num="32" count="11" type="cond" truecount="1" falsecount="0"/>
        <line num="33" count="11" type="cond" truecount="1" falsecount="0"/>
        <line num="34" count="11" type="stmt"/>
        <line num="35" count="28" type="cond" truecount="1" falsecount="0"/>
        <line num="36" count="14" type="stmt"/>
        <line num="37" count="14" type="cond" truecount="1" falsecount="0"/>
        <line num="38" count="14" type="cond" truecount="1" falsecount="0"/>
        <line num="39" count="14" type="stmt"/>
        <line num="40" count="28" type="cond" truecount="1" falsecount="0"/>
        <line num="41" count="1" type="stmt"/>
        <line num="42" count="1" type="stmt"/>
        <line num="43" count="27" type="cond" truecount="1" falsecount="0"/>
        <line num="44" count="27" type="stmt"/>
        <line num="45" count="27" type="stmt"/>
        <line num="46" count="27" type="stmt"/>
        <line num="47" count="27" type="stmt"/>
        <line num="48" count="27" type="stmt"/>
        <line num="49" count="27" type="stmt"/>
        <line num="50" count="27" type="stmt"/>
        <line num="51" count="27" type="stmt"/>
        <line num="52" count="27" type="stmt"/>
        <line num="53" count="27" type="stmt"/>
        <line num="54" count="27" type="stmt"/>
        <line num="55" count="27" type="stmt"/>
        <line num="56" count="28" type="cond" truecount="2" falsecount="0"/>
        <line num="57" count="28" type="stmt"/>
        <line num="58" count="27" type="stmt"/>
        <line num="59" count="27" type="stmt"/>
        <line num="60" count="27" type="stmt"/>
        <line num="61" count="27" type="stmt"/>
        <line num="62" count="27" type="stmt"/>
        <line num="63" count="27" type="stmt"/>
        <line num="64" count="27" type="cond" truecount="1" falsecount="0"/>
        <line num="65" count="2" type="stmt"/>
        <line num="66" count="2" type="cond" truecount="2" falsecount="0"/>
        <line num="67" count="2" type="stmt"/>
        <line num="68" count="2" type="stmt"/>
        <line num="69" count="2" type="stmt"/>
        <line num="70" count="2" type="stmt"/>
        <line num="71" count="2" type="stmt"/>
        <line num="72" count="27" type="stmt"/>
        <line num="73" count="27" type="stmt"/>
        <line num="74" count="27" type="stmt"/>
        <line num="75" count="27" type="stmt"/>
        <line num="76" count="27" type="stmt"/>
        <line num="77" count="27" type="stmt"/>
        <line num="78" count="27" type="cond" truecount="1" falsecount="0"/>
        <line num="79" count="2" type="stmt"/>
        <line num="80" count="2" type="cond" truecount="2" falsecount="0"/>
        <line num="81" count="2" type="stmt"/>
        <line num="82" count="2" type="stmt"/>
        <line num="83" count="2" type="stmt"/>
        <line num="84" count="2" type="stmt"/>
        <line num="85" count="2" type="stmt"/>
        <line num="86" count="27" type="stmt"/>
        <line num="87" count="27" type="stmt"/>
        <line num="88" count="27" type="stmt"/>
        <line num="89" count="27" type="stmt"/>
        <line num="90" count="27" type="stmt"/>
        <line num="91" count="27" type="stmt"/>
        <line num="92" count="27" type="cond" truecount="1" falsecount="0"/>
        <line num="93" count="3" type="stmt"/>
        <line num="94" count="3" type="cond" truecount="2" falsecount="0"/>
        <line num="95" count="3" type="stmt"/>
        <line num="96" count="3" type="stmt"/>
        <line num="97" count="3" type="stmt"/>
        <line num="98" count="3" type="stmt"/>
        <line num="99" count="3" type="stmt"/>
        <line num="100" count="3" type="stmt"/>
        <line num="101" count="27" type="stmt"/>
        <line num="102" count="27" type="stmt"/>
        <line num="103" count="27" type="stmt"/>
        <line num="104" count="27" type="stmt"/>
        <line num="105" count="27" type="stmt"/>
        <line num="106" count="27" type="cond" truecount="1" falsecount="0"/>
        <line num="107" count="1" type="stmt"/>
        <line num="108" count="1" type="stmt"/>
        <line num="109" count="27" type="stmt"/>
        <line num="110" count="27" type="stmt"/>
        <line num="111" count="27" type="stmt"/>
        <line num="112" count="27" type="stmt"/>
        <line num="113" count="27" type="stmt"/>
        <line num="114" count="27" type="stmt"/>
        <line num="115" count="27" type="cond" truecount="1" falsecount="0"/>
        <line num="116" count="2" type="cond" truecount="2" falsecount="0"/>
        <line num="117" count="1" type="stmt"/>
        <line num="118" count="1" type="stmt"/>
        <line num="119" count="2" type="stmt"/>
        <line num="120" count="2" type="stmt"/>
        <line num="121" count="27" type="stmt"/>
        <line num="122" count="27" type="stmt"/>
        <line num="123" count="27" type="stmt"/>
        <line num="124" count="27" type="stmt"/>
        <line num="125" count="27" type="stmt"/>
        <line num="126" count="27" type="stmt"/>
        <line num="127" count="27" type="cond" truecount="1" falsecount="0"/>
        <line num="128" count="1" type="stmt"/>
        <line num="129" count="1" type="stmt"/>
        <line num="130" count="1" type="stmt"/>
        <line num="131" count="1" type="stmt"/>
        <line num="132" count="1" type="stmt"/>
        <line num="133" count="27" type="stmt"/>
        <line num="134" count="27" type="stmt"/>
        <line num="135" count="27" type="stmt"/>
        <line num="136" count="27" type="stmt"/>
        <line num="137" count="27" type="stmt"/>
        <line num="138" count="27" type="stmt"/>
        <line num="139" count="27" type="stmt"/>
        <line num="140" count="27" type="cond" truecount="1" falsecount="0"/>
        <line num="141" count="3" type="cond" truecount="1" falsecount="0"/>
        <line num="142" count="2" type="stmt"/>
        <line num="143" count="2" type="stmt"/>
        <line num="144" count="1" type="cond" truecount="1" falsecount="0"/>
        <line num="145" count="1" type="stmt"/>
        <line num="146" count="1" type="stmt"/>
        <line num="147" count="27" type="stmt"/>
        <line num="148" count="27" type="stmt"/>
        <line num="149" count="27" type="stmt"/>
        <line num="150" count="27" type="stmt"/>
        <line num="151" count="27" type="stmt"/>
        <line num="152" count="27" type="cond" truecount="1" falsecount="0"/>
        <line num="153" count="1" type="stmt"/>
        <line num="154" count="27" type="stmt"/>
        <line num="155" count="27" type="stmt"/>
        <line num="156" count="27" type="stmt"/>
        <line num="157" count="27" type="stmt"/>
        <line num="158" count="27" type="stmt"/>
        <line num="159" count="27" type="cond" truecount="1" falsecount="0"/>
        <line num="160" count="1" type="stmt"/>
        <line num="161" count="27" type="stmt"/>
        <line num="162" count="27" type="stmt"/>
        <line num="163" count="27" type="stmt"/>
        <line num="164" count="27" type="stmt"/>
        <line num="165" count="27" type="stmt"/>
        <line num="166" count="27" type="stmt"/>
        <line num="167" count="27" type="stmt"/>
        <line num="168" count="27" type="cond" truecount="1" falsecount="0"/>
        <line num="169" count="12" type="cond" truecount="1" falsecount="0"/>
        <line num="170" count="2" type="stmt"/>
        <line num="171" count="2" type="stmt"/>
        <line num="172" count="10" type="cond" truecount="1" falsecount="0"/>
        <line num="173" count="10" type="stmt"/>
        <line num="174" count="27" type="stmt"/>
      </file>
    </package>
    <package name="src.core">
      <metrics statements="398" coveredstatements="398" conditionals="74" coveredconditionals="74" methods="41" coveredmethods="39"/>
      <file name="fraction.js" path="/home/kelvinsoh/Desktop/math/mathlify/packages/mathlify/src/core/fraction.js">
        <metrics statements="396" coveredstatements="396" conditionals="74" coveredconditionals="74" methods="41" coveredmethods="39"/>
        <line num="1" count="1" type="stmt"/>
        <line num="2" count="1" type="stmt"/>
        <line num="3" count="1" type="stmt"/>
        <line num="4" count="1" type="stmt"/>
        <line num="5" count="1" type="stmt"/>
        <line num="6" count="1" type="stmt"/>
        <line num="7" count="1" type="stmt"/>
        <line num="8" count="1" type="stmt"/>
        <line num="9" count="1" type="cond" truecount="1" falsecount="0"/>
        <line num="10" count="2942" type="stmt"/>
        <line num="11" count="2942" type="stmt"/>
        <line num="12" count="2942" type="stmt"/>
        <line num="13" count="2942" type="stmt"/>
        <line num="14" count="2942" type="stmt"/>
        <line num="15" count="2942" type="stmt"/>
        <line num="16" count="2942" type="stmt"/>
        <line num="17" count="2942" type="stmt"/>
        <line num="18" count="2942" type="cond" truecount="1" falsecount="0"/>
        <line num="19" count="2942" type="cond" truecount="2" falsecount="0"/>
        <line num="20" count="4" type="stmt"/>
        <line num="21" count="4" type="stmt"/>
        <line num="22" count="4" type="stmt"/>
        <line num="23" count="4" type="stmt"/>
        <line num="24" count="2942" type="cond" truecount="3" falsecount="0"/>
        <line num="25" count="1" type="stmt"/>
        <line num="26" count="1" type="stmt"/>
        <line num="27" count="1" type="stmt"/>
        <line num="28" count="1" type="stmt"/>
        <line num="29" count="2937" type="cond" truecount="1" falsecount="0"/>
        <line num="30" count="2942" type="cond" truecount="1" falsecount="0"/>
        <line num="31" count="4" type="stmt"/>
        <line num="32" count="4" type="stmt"/>
        <line num="33" count="4" type="stmt"/>
        <line num="34" count="2937" type="cond" truecount="1" falsecount="0"/>
        <line num="35" count="2937" type="stmt"/>
        <line num="36" count="2937" type="stmt"/>
        <line num="37" count="2937" type="stmt"/>
        <line num="38" count="2937" type="stmt"/>
        <line num="39" count="2937" type="stmt"/>
        <line num="40" count="2937" type="stmt"/>
        <line num="41" count="2937" type="stmt"/>
        <line num="42" count="2937" type="stmt"/>
        <line num="43" count="2942" type="cond" truecount="2" falsecount="0"/>
        <line num="44" count="2942" type="stmt"/>
        <line num="45" count="2942" type="stmt"/>
        <line num="46" count="2942" type="stmt"/>
        <line num="47" count="2942" type="stmt"/>
        <line num="48" count="2942" type="stmt"/>
        <line num="49" count="2942" type="stmt"/>
        <line num="50" count="2942" type="stmt"/>
        <line num="51" count="2942" type="cond" truecount="1" falsecount="0"/>
        <line num="52" count="890" type="stmt"/>
        <line num="53" count="890" type="stmt"/>
        <line num="54" count="2942" type="stmt"/>
        <line num="55" count="2942" type="stmt"/>
        <line num="56" count="2942" type="stmt"/>
        <line num="57" count="2942" type="stmt"/>
        <line num="58" count="2942" type="stmt"/>
        <line num="59" count="2942" type="cond" truecount="1" falsecount="0"/>
        <line num="60" count="1157" type="cond" truecount="1" falsecount="0"/>
        <line num="61" count="1137" type="cond" truecount="2" falsecount="0"/>
        <line num="62" count="1137" type="stmt"/>
        <line num="63" count="1157" type="cond" truecount="4" falsecount="0"/>
        <line num="64" count="1157" type="stmt"/>
        <line num="65" count="1157" type="stmt"/>
        <line num="66" count="2942" type="stmt"/>
        <line num="67" count="2942" type="stmt"/>
        <line num="68" count="2942" type="stmt"/>
        <line num="69" count="2942" type="stmt"/>
        <line num="70" count="2942" type="stmt"/>
        <line num="71" count="2942" type="stmt"/>
        <line num="72" count="2942" type="stmt"/>
        <line num="73" count="2942" type="stmt"/>
        <line num="74" count="2942" type="stmt"/>
        <line num="75" count="2942" type="cond" truecount="1" falsecount="0"/>
        <line num="76" count="2942" type="stmt"/>
        <line num="77" count="2942" type="stmt"/>
        <line num="78" count="2942" type="stmt"/>
        <line num="79" count="2942" type="stmt"/>
        <line num="80" count="2942" type="stmt"/>
        <line num="81" count="2942" type="cond" truecount="1" falsecount="0"/>
        <line num="82" count="2942" type="stmt"/>
        <line num="83" count="2942" type="stmt"/>
        <line num="84" count="2942" type="stmt"/>
        <line num="85" count="2942" type="stmt"/>
        <line num="86" count="2942" type="stmt"/>
        <line num="87" count="2942" type="cond" truecount="1" falsecount="0"/>
        <line num="88" count="2942" type="stmt"/>
        <line num="89" count="2942" type="stmt"/>
        <line num="90" count="2942" type="stmt"/>
        <line num="91" count="2942" type="stmt"/>
        <line num="92" count="2942" type="stmt"/>
        <line num="93" count="2942" type="cond" truecount="1" falsecount="0"/>
        <line num="94" count="2942" type="stmt"/>
        <line num="95" count="2942" type="stmt"/>
        <line num="96" count="2942" type="stmt"/>
        <line num="97" count="2942" type="stmt"/>
        <line num="98" count="2942" type="stmt"/>
        <line num="99" count="2942" type="cond" truecount="1" falsecount="0"/>
        <line num="100" count="2942" type="stmt"/>
        <line num="101" count="2942" type="stmt"/>
        <line num="102" count="2942" type="stmt"/>
        <line num="103" count="2942" type="stmt"/>
        <line num="104" count="2942" type="stmt"/>
        <line num="105" count="2942" type="stmt"/>
        <line num="106" count="2942" type="cond" truecount="1" falsecount="0"/>
        <line num="107" count="2942" type="stmt"/>
        <line num="108" count="2942" type="stmt"/>
        <line num="109" count="2942" type="stmt"/>
        <line num="110" count="2942" type="stmt"/>
        <line num="111" count="2942" type="stmt"/>
        <line num="112" count="2942" type="stmt"/>
        <line num="113" count="2942" type="cond" truecount="1" falsecount="0"/>
        <line num="114" count="2942" type="stmt"/>
        <line num="115" count="2942" type="stmt"/>
        <line num="116" count="2942" type="stmt"/>
        <line num="117" count="2942" type="stmt"/>
        <line num="118" count="2942" type="stmt"/>
        <line num="119" count="2942" type="stmt"/>
        <line num="120" count="2942" type="cond" truecount="1" falsecount="0"/>
        <line num="121" count="2942" type="stmt"/>
        <line num="122" count="2942" type="stmt"/>
        <line num="123" count="2942" type="stmt"/>
        <line num="124" count="2942" type="stmt"/>
        <line num="125" count="2942" type="stmt"/>
        <line num="126" count="2942" type="stmt"/>
        <line num="127" count="2942" type="stmt"/>
        <line num="128" count="2942" type="stmt"/>
        <line num="129" count="2942" type="stmt"/>
        <line num="130" count="2942" type="stmt"/>
        <line num="131" count="2942" type="cond" truecount="1" falsecount="0"/>
        <line num="132" count="2942" type="stmt"/>
        <line num="133" count="2942" type="stmt"/>
        <line num="134" count="2942" type="stmt"/>
        <line num="135" count="2942" type="cond" truecount="1" falsecount="0"/>
        <line num="136" count="2942" type="stmt"/>
        <line num="137" count="2942" type="stmt"/>
        <line num="138" count="2942" type="stmt"/>
        <line num="139" count="2942" type="stmt"/>
        <line num="140" count="2942" type="cond" truecount="1" falsecount="0"/>
        <line num="141" count="2942" type="stmt"/>
        <line num="142" count="2942" type="stmt"/>
        <line num="143" count="2942" type="stmt"/>
        <line num="144" count="2942" type="stmt"/>
        <line num="145" count="2942" type="stmt"/>
        <line num="146" count="2942" type="stmt"/>
        <line num="147" count="2942" type="stmt"/>
        <line num="148" count="2942" type="stmt"/>
        <line num="149" count="2942" type="stmt"/>
        <line num="150" count="2942" type="stmt"/>
        <line num="151" count="2942" type="cond" truecount="1" falsecount="0"/>
        <line num="152" count="2942" type="stmt"/>
        <line num="153" count="2942" type="stmt"/>
        <line num="154" count="2942" type="stmt"/>
        <line num="155" count="2942" type="stmt"/>
        <line num="156" count="2942" type="cond" truecount="1" falsecount="0"/>
        <line num="157" count="2942" type="stmt"/>
        <line num="158" count="2942" type="stmt"/>
        <line num="159" count="2942" type="stmt"/>
        <line num="160" count="2942" type="stmt"/>
        <line num="161" count="2942" type="cond" truecount="1" falsecount="0"/>
        <line num="162" count="2942" type="stmt"/>
        <line num="163" count="2942" type="stmt"/>
        <line num="164" count="2942" type="stmt"/>
        <line num="165" count="2942" type="stmt"/>
        <line num="166" count="2942" type="stmt"/>
        <line num="167" count="2942" type="stmt"/>
        <line num="168" count="2942" type="stmt"/>
        <line num="169" count="2942" type="cond" truecount="1" falsecount="0"/>
        <line num="170" count="2942" type="stmt"/>
        <line num="171" count="2942" type="stmt"/>
        <line num="172" count="2942" type="stmt"/>
        <line num="173" count="2942" type="stmt"/>
        <line num="174" count="2942" type="stmt"/>
        <line num="175" count="2942" type="stmt"/>
        <line num="176" count="2942" type="cond" truecount="1" falsecount="0"/>
        <line num="177" count="2942" type="stmt"/>
        <line num="178" count="2942" type="stmt"/>
        <line num="179" count="2942" type="stmt"/>
        <line num="180" count="2942" type="stmt"/>
        <line num="181" count="2942" type="stmt"/>
        <line num="182" count="2942" type="stmt"/>
        <line num="183" count="2942" type="stmt"/>
        <line num="184" count="2942" type="stmt"/>
        <line num="185" count="2942" type="cond" truecount="1" falsecount="0"/>
        <line num="186" count="21" type="cond" truecount="4" falsecount="0"/>
        <line num="187" count="21" type="stmt"/>
        <line num="188" count="2942" type="stmt"/>
        <line num="189" count="2942" type="stmt"/>
        <line num="190" count="2942" type="stmt"/>
        <line num="191" count="2942" type="stmt"/>
        <line num="192" count="2942" type="stmt"/>
        <line num="193" count="2942" type="stmt"/>
        <line num="194" count="2942" type="cond" truecount="1" falsecount="0"/>
        <line num="195" count="463" type="stmt"/>
        <line num="196" count="463" type="stmt"/>
        <line num="197" count="463" type="stmt"/>
        <line num="198" count="2942" type="stmt"/>
        <line num="199" count="2942" type="stmt"/>
        <line num="200" count="2942" type="stmt"/>
        <line num="201" count="2942" type="stmt"/>
        <line num="202" count="2942" type="stmt"/>
        <line num="203" count="2942" type="stmt"/>
        <line num="204" count="2942" type="cond" truecount="1" falsecount="0"/>
        <line num="205" count="744" type="stmt"/>
        <line num="206" count="744" type="stmt"/>
        <line num="207" count="744" type="stmt"/>
        <line num="208" count="2942" type="stmt"/>
        <line num="209" count="2942" type="stmt"/>
        <line num="210" count="2942" type="stmt"/>
        <line num="211" count="2942" type="stmt"/>
        <line num="212" count="2942" type="stmt"/>
        <line num="213" count="2942" type="cond" truecount="1" falsecount="0"/>
        <line num="214" count="16" type="stmt"/>
        <line num="215" count="16" type="stmt"/>
        <line num="216" count="2942" type="stmt"/>
        <line num="217" count="2942" type="stmt"/>
        <line num="218" count="2942" type="stmt"/>
        <line num="219" count="2942" type="stmt"/>
        <line num="220" count="2942" type="stmt"/>
        <line num="221" count="2942" type="stmt"/>
        <line num="222" count="2942" type="cond" truecount="1" falsecount="0"/>
        <line num="223" count="5" type="stmt"/>
        <line num="224" count="5" type="stmt"/>
        <line num="225" count="5" type="stmt"/>
        <line num="226" count="2942" type="stmt"/>
        <line num="227" count="2942" type="stmt"/>
        <line num="228" count="2942" type="stmt"/>
        <line num="229" count="2942" type="stmt"/>
        <line num="230" count="2942" type="stmt"/>
        <line num="231" count="2942" type="cond" truecount="1" falsecount="0"/>
        <line num="232" count="147" type="cond" truecount="1" falsecount="0"/>
        <line num="233" count="1" type="stmt"/>
        <line num="234" count="1" type="stmt"/>
        <line num="235" count="146" type="cond" truecount="1" falsecount="0"/>
        <line num="236" count="146" type="stmt"/>
        <line num="237" count="2942" type="stmt"/>
        <line num="238" count="2942" type="stmt"/>
        <line num="239" count="2942" type="stmt"/>
        <line num="240" count="2942" type="stmt"/>
        <line num="241" count="2942" type="stmt"/>
        <line num="242" count="2942" type="stmt"/>
        <line num="243" count="2942" type="cond" truecount="1" falsecount="0"/>
        <line num="244" count="83" type="stmt"/>
        <line num="245" count="83" type="cond" truecount="2" falsecount="0"/>
        <line num="246" count="1" type="stmt"/>
        <line num="247" count="1" type="stmt"/>
        <line num="248" count="82" type="stmt"/>
        <line num="249" count="82" type="stmt"/>
        <line num="250" count="2942" type="stmt"/>
        <line num="251" count="2942" type="stmt"/>
        <line num="252" count="2942" type="stmt"/>
        <line num="253" count="2942" type="stmt"/>
        <line num="254" count="2942" type="stmt"/>
        <line num="255" count="2942" type="stmt"/>
        <line num="256" count="2942" type="cond" truecount="1" falsecount="0"/>
        <line num="257" count="12" type="cond" truecount="1" falsecount="0"/>
        <line num="258" count="1" type="stmt"/>
        <line num="259" count="1" type="stmt"/>
        <line num="260" count="1" type="stmt"/>
        <line num="261" count="1" type="stmt"/>
        <line num="262" count="11" type="cond" truecount="1" falsecount="0"/>
        <line num="263" count="12" type="cond" truecount="1" falsecount="0"/>
        <line num="264" count="1" type="stmt"/>
        <line num="265" count="1" type="stmt"/>
        <line num="266" count="1" type="stmt"/>
        <line num="267" count="11" type="cond" truecount="1" falsecount="0"/>
        <line num="268" count="11" type="stmt"/>
        <line num="269" count="11" type="stmt"/>
        <line num="270" count="11" type="stmt"/>
        <line num="271" count="12" type="cond" truecount="2" falsecount="0"/>
        <line num="272" count="12" type="stmt"/>
        <line num="273" count="2942" type="stmt"/>
        <line num="274" count="2942" type="stmt"/>
        <line num="275" count="2942" type="stmt"/>
        <line num="276" count="2942" type="stmt"/>
        <line num="277" count="2942" type="stmt"/>
        <line num="278" count="2942" type="cond" truecount="1" falsecount="0"/>
        <line num="279" count="1" type="stmt"/>
        <line num="280" count="1" type="stmt"/>
        <line num="281" count="2942" type="stmt"/>
        <line num="282" count="2942" type="stmt"/>
        <line num="283" count="2942" type="stmt"/>
        <line num="284" count="2942" type="stmt"/>
        <line num="285" count="2942" type="stmt"/>
        <line num="286" count="2942" type="cond" truecount="1" falsecount="0"/>
        <line num="287" count="142" type="stmt"/>
        <line num="288" count="142" type="stmt"/>
        <line num="289" count="2942" type="stmt"/>
        <line num="290" count="2942" type="stmt"/>
        <line num="291" count="2942" type="stmt"/>
        <line num="292" count="2942" type="stmt"/>
        <line num="293" count="2942" type="stmt"/>
        <line num="294" count="2942" type="stmt"/>
        <line num="295" count="2942" type="stmt"/>
        <line num="296" count="2942" type="cond" truecount="1" falsecount="0"/>
        <line num="297" count="1" type="stmt"/>
        <line num="298" count="1" type="stmt"/>
        <line num="299" count="2942" type="stmt"/>
        <line num="300" count="2942" type="stmt"/>
        <line num="301" count="2942" type="stmt"/>
        <line num="302" count="2942" type="stmt"/>
        <line num="303" count="2942" type="stmt"/>
        <line num="304" count="2942" type="cond" truecount="1" falsecount="0"/>
        <line num="305" count="1" type="stmt"/>
        <line num="306" count="1" type="stmt"/>
        <line num="307" count="2942" type="stmt"/>
        <line num="308" count="2942" type="stmt"/>
        <line num="309" count="2942" type="stmt"/>
        <line num="310" count="2942" type="stmt"/>
        <line num="311" count="2942" type="stmt"/>
        <line num="312" count="2942" type="cond" truecount="1" falsecount="0"/>
        <line num="313" count="1" type="stmt"/>
        <line num="314" count="1" type="stmt"/>
        <line num="315" count="2942" type="stmt"/>
        <line num="316" count="2942" type="stmt"/>
        <line num="317" count="2942" type="stmt"/>
        <line num="318" count="2942" type="stmt"/>
        <line num="319" count="2942" type="stmt"/>
        <line num="320" count="2942" type="stmt"/>
        <line num="321" count="2942" type="cond" truecount="1" falsecount="0"/>
        <line num="322" count="1" type="stmt"/>
        <line num="323" count="1" type="stmt"/>
        <line num="324" count="2942" type="stmt"/>
        <line num="325" count="2942" type="stmt"/>
        <line num="326" count="2942" type="stmt"/>
        <line num="327" count="2942" type="stmt"/>
        <line num="328" count="2942" type="stmt"/>
        <line num="329" count="2942" type="cond" truecount="1" falsecount="0"/>
        <line num="330" count="1" type="stmt"/>
        <line num="331" count="1" type="stmt"/>
        <line num="332" count="2942" type="stmt"/>
        <line num="333" count="2942" type="stmt"/>
        <line num="334" count="2942" type="stmt"/>
        <line num="335" count="2942" type="stmt"/>
        <line num="336" count="2942" type="stmt"/>
        <line num="337" count="2942" type="stmt"/>
        <line num="338" count="2942" type="stmt"/>
        <line num="339" count="2942" type="stmt"/>
        <line num="340" count="2942" type="stmt"/>
        <line num="341" count="2942" type="stmt"/>
        <line num="342" count="2942" type="stmt"/>
        <line num="343" count="2942" type="stmt"/>
        <line num="344" count="2942" type="stmt"/>
        <line num="345" count="2942" type="stmt"/>
        <line num="346" count="2942" type="stmt"/>
        <line num="347" count="2942" type="stmt"/>
        <line num="348" count="2942" type="stmt"/>
        <line num="349" count="2942" type="cond" truecount="1" falsecount="0"/>
        <line num="350" count="1" type="stmt"/>
        <line num="351" count="1" type="stmt"/>
        <line num="352" count="1" type="stmt"/>
        <line num="353" count="1" type="stmt"/>
        <line num="354" count="1" type="stmt"/>
        <line num="355" count="1" type="stmt"/>
        <line num="356" count="1" type="stmt"/>
        <line num="357" count="2942" type="stmt"/>
        <line num="358" count="2942" type="stmt"/>
        <line num="359" count="2942" type="stmt"/>
        <line num="360" count="2942" type="stmt"/>
        <line num="361" count="2942" type="stmt"/>
        <line num="362" count="2942" type="stmt"/>
        <line num="363" count="2942" type="stmt"/>
        <line num="364" count="2942" type="stmt"/>
        <line num="365" count="2942" type="stmt"/>
        <line num="366" count="2942" type="cond" truecount="1" falsecount="0"/>
        <line num="367" count="56" type="stmt"/>
        <line num="368" count="56" type="stmt"/>
        <line num="369" count="56" type="stmt"/>
        <line num="370" count="56" type="stmt"/>
        <line num="371" count="56" type="stmt"/>
        <line num="372" count="56" type="cond" truecount="1" falsecount="0"/>
        <line num="373" count="82" type="stmt"/>
        <line num="374" count="82" type="stmt"/>
        <line num="375" count="82" type="stmt"/>
        <line num="376" count="56" type="stmt"/>
        <line num="377" count="56" type="stmt"/>
        <line num="378" count="56" type="cond" truecount="1" falsecount="0"/>
        <line num="379" count="56" type="cond" truecount="1" falsecount="0"/>
        <line num="380" count="56" type="cond" truecount="1" falsecount="0"/>
        <line num="381" count="56" type="stmt"/>
        <line num="382" count="2942" type="stmt"/>
        <line num="383" count="2942" type="stmt"/>
        <line num="384" count="2942" type="stmt"/>
        <line num="385" count="2942" type="stmt"/>
        <line num="386" count="2942" type="stmt"/>
        <line num="387" count="2942" type="cond" truecount="1" falsecount="0"/>
        <line num="388" count="1" type="stmt"/>
        <line num="389" count="1" type="stmt"/>
        <line num="390" count="2942" type="stmt"/>
        <line num="391" count="2942" type="stmt"/>
        <line num="392" count="2942" type="stmt"/>
        <line num="393" count="2942" type="stmt"/>
        <line num="394" count="2942" type="stmt"/>
        <line num="395" count="2942" type="cond" truecount="1" falsecount="0"/>
        <line num="396" count="2942" type="stmt"/>
      </file>
      <file name="index.js" path="/home/kelvinsoh/Desktop/math/mathlify/packages/mathlify/src/core/index.js">
        <metrics statements="2" coveredstatements="2" conditionals="0" coveredconditionals="0" methods="0" coveredmethods="0"/>
        <line num="1" count="1" type="stmt"/>
        <line num="2" count="1" type="stmt"/>
      </file>
    </package>
    <package name="src.core.algebra">
      <metrics statements="2" coveredstatements="2" conditionals="0" coveredconditionals="0" methods="0" coveredmethods="0"/>
      <file name="index.js" path="/home/kelvinsoh/Desktop/math/mathlify/packages/mathlify/src/core/algebra/index.js">
        <metrics statements="2" coveredstatements="2" conditionals="0" coveredconditionals="0" methods="0" coveredmethods="0"/>
        <line num="1" count="1" type="stmt"/>
        <line num="2" count="1" type="stmt"/>
      </file>
    </package>
    <package name="src.core.algebra.expression">
      <metrics statements="287" coveredstatements="287" conditionals="78" coveredconditionals="78" methods="14" coveredmethods="13"/>
      <file name="expression.js" path="/home/kelvinsoh/Desktop/math/mathlify/packages/mathlify/src/core/algebra/expression/expression.js">
        <metrics statements="286" coveredstatements="286" conditionals="78" coveredconditionals="78" methods="14" coveredmethods="13"/>
        <line num="1" count="1" type="stmt"/>
        <line num="2" count="1" type="stmt"/>
        <line num="3" count="1" type="stmt"/>
        <line num="4" count="1" type="stmt"/>
        <line num="5" count="1" type="stmt"/>
        <line num="6" count="1" type="stmt"/>
        <line num="7" count="1" type="stmt"/>
        <line num="8" count="1" type="stmt"/>
        <line num="9" count="1" type="stmt"/>
        <line num="10" count="1" type="stmt"/>
        <line num="11" count="1" type="stmt"/>
        <line num="12" count="1" type="stmt"/>
        <line num="13" count="1" type="stmt"/>
        <line num="14" count="1" type="stmt"/>
        <line num="15" count="1" type="stmt"/>
        <line num="16" count="1" type="stmt"/>
        <line num="17" count="1" type="stmt"/>
        <line num="18" count="1" type="stmt"/>
        <line num="19" count="1" type="stmt"/>
        <line num="20" count="1" type="stmt"/>
        <line num="21" count="1" type="stmt"/>
        <line num="22" count="1" type="stmt"/>
        <line num="23" count="1" type="cond" truecount="1" falsecount="0"/>
        <line num="24" count="142" type="stmt"/>
        <line num="25" count="142" type="stmt"/>
        <line num="26" count="142" type="stmt"/>
        <line num="27" count="142" type="stmt"/>
        <line num="28" count="142" type="stmt"/>
        <line num="29" count="142" type="stmt"/>
        <line num="30" count="142" type="stmt"/>
        <line num="31" count="142" type="stmt"/>
        <line num="32" count="142" type="cond" truecount="1" falsecount="0"/>
        <line num="33" count="142" type="cond" truecount="1" falsecount="0"/>
        <line num="34" count="1" type="stmt"/>
        <line num="35" count="1" type="stmt"/>
        <line num="36" count="141" type="cond" truecount="1" falsecount="0"/>
        <line num="37" count="141" type="stmt"/>
        <line num="38" count="141" type="stmt"/>
        <line num="39" count="141" type="stmt"/>
        <line num="40" count="141" type="stmt"/>
        <line num="41" count="141" type="stmt"/>
        <line num="42" count="141" type="cond" truecount="1" falsecount="0"/>
        <line num="43" count="219" type="cond" truecount="2" falsecount="0"/>
        <line num="44" count="45" type="stmt"/>
        <line num="45" count="45" type="cond" truecount="1" falsecount="0"/>
        <line num="46" count="45" type="stmt"/>
        <line num="47" count="219" type="cond" truecount="2" falsecount="0"/>
        <line num="48" count="11" type="stmt"/>
        <line num="49" count="11" type="stmt"/>
        <line num="50" count="11" type="stmt"/>
        <line num="51" count="11" type="stmt"/>
        <line num="52" count="11" type="stmt"/>
        <line num="53" count="11" type="stmt"/>
        <line num="54" count="11" type="stmt"/>
        <line num="55" count="11" type="stmt"/>
        <line num="56" count="11" type="stmt"/>
        <line num="57" count="174" type="cond" truecount="3" falsecount="0"/>
        <line num="58" count="154" type="cond" truecount="1" falsecount="0"/>
        <line num="59" count="1" type="stmt"/>
        <line num="60" count="1" type="stmt"/>
        <line num="61" count="154" type="stmt"/>
        <line num="62" count="154" type="stmt"/>
        <line num="63" count="154" type="stmt"/>
        <line num="64" count="154" type="cond" truecount="1" falsecount="0"/>
        <line num="65" count="154" type="stmt"/>
        <line num="66" count="154" type="cond" truecount="1" falsecount="0"/>
        <line num="67" count="141" type="stmt"/>
        <line num="68" count="141" type="stmt"/>
        <line num="69" count="154" type="cond" truecount="1" falsecount="0"/>
        <line num="70" count="141" type="stmt"/>
        <line num="71" count="141" type="stmt"/>
        <line num="72" count="163" type="cond" truecount="1" falsecount="0"/>
        <line num="73" count="9" type="stmt"/>
        <line num="74" count="9" type="cond" truecount="2" falsecount="0"/>
        <line num="75" count="4" type="cond" truecount="1" falsecount="0"/>
        <line num="76" count="4" type="cond" truecount="1" falsecount="0"/>
        <line num="77" count="2" type="stmt"/>
        <line num="78" count="2" type="stmt"/>
        <line num="79" count="2" type="stmt"/>
        <line num="80" count="2" type="stmt"/>
        <line num="81" count="9" type="cond" truecount="2" falsecount="0"/>
        <line num="82" count="2" type="stmt"/>
        <line num="83" count="2" type="stmt"/>
        <line num="84" count="2" type="cond" truecount="1" falsecount="0"/>
        <line num="85" count="1" type="stmt"/>
        <line num="86" count="1" type="stmt"/>
        <line num="87" count="1" type="stmt"/>
        <line num="88" count="1" type="stmt"/>
        <line num="89" count="2" type="stmt"/>
        <line num="90" count="2" type="stmt"/>
        <line num="91" count="2" type="stmt"/>
        <line num="92" count="2" type="stmt"/>
        <line num="93" count="2" type="stmt"/>
        <line num="94" count="2" type="stmt"/>
        <line num="95" count="2" type="stmt"/>
        <line num="96" count="2" type="stmt"/>
        <line num="97" count="2" type="stmt"/>
        <line num="98" count="5" type="cond" truecount="1" falsecount="0"/>
        <line num="99" count="3" type="stmt"/>
        <line num="100" count="3" type="stmt"/>
        <line num="101" count="3" type="cond" truecount="1" falsecount="0"/>
        <line num="102" count="3" type="cond" truecount="1" falsecount="0"/>
        <line num="103" count="1" type="stmt"/>
        <line num="104" count="3" type="cond" truecount="1" falsecount="0"/>
        <line num="105" count="2" type="stmt"/>
        <line num="106" count="2" type="stmt"/>
        <line num="107" count="3" type="cond" truecount="1" falsecount="0"/>
        <line num="108" count="2" type="stmt"/>
        <line num="109" count="2" type="stmt"/>
        <line num="110" count="3" type="cond" truecount="1" falsecount="0"/>
        <line num="111" count="2" type="stmt"/>
        <line num="112" count="2" type="stmt"/>
        <line num="113" count="2" type="stmt"/>
        <line num="114" count="2" type="stmt"/>
        <line num="115" count="2" type="stmt"/>
        <line num="116" count="3" type="stmt"/>
        <line num="117" count="9" type="stmt"/>
        <line num="118" count="141" type="stmt"/>
        <line num="119" count="141" type="stmt"/>
        <line num="120" count="141" type="stmt"/>
        <line num="121" count="141" type="stmt"/>
        <line num="122" count="141" type="stmt"/>
        <line num="123" count="141" type="stmt"/>
        <line num="124" count="141" type="stmt"/>
        <line num="125" count="141" type="cond" truecount="1" falsecount="0"/>
        <line num="126" count="193" type="cond" truecount="1" falsecount="0"/>
        <line num="127" count="187" type="stmt"/>
        <line num="128" count="187" type="stmt"/>
        <line num="129" count="187" type="cond" truecount="1" falsecount="0"/>
        <line num="130" count="187" type="stmt"/>
        <line num="131" count="187" type="stmt"/>
        <line num="132" count="187" type="stmt"/>
        <line num="133" count="141" type="stmt"/>
        <line num="134" count="141" type="stmt"/>
        <line num="135" count="141" type="stmt"/>
        <line num="136" count="142" type="cond" truecount="2" falsecount="0"/>
        <line num="137" count="142" type="stmt"/>
        <line num="138" count="142" type="stmt"/>
        <line num="139" count="142" type="stmt"/>
        <line num="140" count="142" type="stmt"/>
        <line num="141" count="142" type="stmt"/>
        <line num="142" count="142" type="stmt"/>
        <line num="143" count="142" type="stmt"/>
        <line num="144" count="142" type="cond" truecount="1" falsecount="0"/>
        <line num="145" count="14" type="cond" truecount="1" falsecount="0"/>
        <line num="146" count="3" type="stmt"/>
        <line num="147" count="3" type="stmt"/>
        <line num="148" count="11" type="cond" truecount="1" falsecount="0"/>
        <line num="149" count="11" type="stmt"/>
        <line num="150" count="142" type="stmt"/>
        <line num="151" count="142" type="stmt"/>
        <line num="152" count="142" type="stmt"/>
        <line num="153" count="142" type="stmt"/>
        <line num="154" count="142" type="stmt"/>
        <line num="155" count="142" type="cond" truecount="1" falsecount="0"/>
        <line num="156" count="1" type="cond" truecount="1" falsecount="0"/>
        <line num="157" count="1" type="stmt"/>
        <line num="158" count="142" type="stmt"/>
        <line num="159" count="142" type="stmt"/>
        <line num="160" count="142" type="stmt"/>
        <line num="161" count="142" type="stmt"/>
        <line num="162" count="142" type="stmt"/>
        <line num="163" count="142" type="cond" truecount="1" falsecount="0"/>
        <line num="164" count="6" type="cond" truecount="2" falsecount="0"/>
        <line num="165" count="5" type="stmt"/>
        <line num="166" count="5" type="stmt"/>
        <line num="167" count="6" type="stmt"/>
        <line num="168" count="6" type="stmt"/>
        <line num="169" count="142" type="stmt"/>
        <line num="170" count="142" type="stmt"/>
        <line num="171" count="142" type="stmt"/>
        <line num="172" count="142" type="stmt"/>
        <line num="173" count="142" type="stmt"/>
        <line num="174" count="142" type="stmt"/>
        <line num="175" count="142" type="cond" truecount="1" falsecount="0"/>
        <line num="176" count="73" type="cond" truecount="1" falsecount="0"/>
        <line num="177" count="17" type="stmt"/>
        <line num="178" count="17" type="stmt"/>
        <line num="179" count="17" type="cond" truecount="1" falsecount="0"/>
        <line num="180" count="25" type="cond" truecount="1" falsecount="0"/>
        <line num="181" count="31" type="stmt"/>
        <line num="182" count="25" type="stmt"/>
        <line num="183" count="17" type="stmt"/>
        <line num="184" count="17" type="stmt"/>
        <line num="185" count="17" type="stmt"/>
        <line num="186" count="56" type="cond" truecount="2" falsecount="0"/>
        <line num="187" count="56" type="stmt"/>
        <line num="188" count="56" type="stmt"/>
        <line num="189" count="142" type="stmt"/>
        <line num="190" count="142" type="stmt"/>
        <line num="191" count="142" type="stmt"/>
        <line num="192" count="142" type="stmt"/>
        <line num="193" count="142" type="stmt"/>
        <line num="194" count="142" type="stmt"/>
        <line num="195" count="142" type="stmt"/>
        <line num="196" count="142" type="cond" truecount="1" falsecount="0"/>
        <line num="197" count="56" type="stmt"/>
        <line num="198" count="56" type="stmt"/>
        <line num="199" count="56" type="stmt"/>
        <line num="200" count="56" type="stmt"/>
        <line num="201" count="56" type="stmt"/>
        <line num="202" count="142" type="stmt"/>
        <line num="203" count="142" type="stmt"/>
        <line num="204" count="142" type="stmt"/>
        <line num="205" count="142" type="stmt"/>
        <line num="206" count="142" type="stmt"/>
        <line num="207" count="142" type="stmt"/>
        <line num="208" count="142" type="cond" truecount="1" falsecount="0"/>
        <line num="209" count="3" type="cond" truecount="1" falsecount="0"/>
        <line num="210" count="3" type="stmt"/>
        <line num="211" count="3" type="stmt"/>
        <line num="212" count="142" type="stmt"/>
        <line num="213" count="142" type="stmt"/>
        <line num="214" count="142" type="stmt"/>
        <line num="215" count="142" type="stmt"/>
        <line num="216" count="142" type="stmt"/>
        <line num="217" count="142" type="cond" truecount="1" falsecount="0"/>
        <line num="218" count="55" type="cond" truecount="1" falsecount="0"/>
        <line num="219" count="1" type="stmt"/>
        <line num="220" count="1" type="stmt"/>
        <line num="221" count="54" type="cond" truecount="2" falsecount="0"/>
        <line num="222" count="54" type="stmt"/>
        <line num="223" count="142" type="stmt"/>
        <line num="224" count="142" type="stmt"/>
        <line num="225" count="142" type="stmt"/>
        <line num="226" count="142" type="stmt"/>
        <line num="227" count="142" type="stmt"/>
        <line num="228" count="142" type="stmt"/>
        <line num="229" count="142" type="stmt"/>
        <line num="230" count="142" type="stmt"/>
        <line num="231" count="142" type="stmt"/>
        <line num="232" count="142" type="stmt"/>
        <line num="233" count="142" type="stmt"/>
        <line num="234" count="142" type="stmt"/>
        <line num="235" count="142" type="stmt"/>
        <line num="236" count="142" type="cond" truecount="1" falsecount="0"/>
        <line num="237" count="3" type="stmt"/>
        <line num="238" count="142" type="cond" truecount="1" falsecount="0"/>
        <line num="239" count="142" type="stmt"/>
        <line num="240" count="142" type="stmt"/>
        <line num="241" count="142" type="stmt"/>
        <line num="242" count="142" type="stmt"/>
        <line num="243" count="142" type="stmt"/>
        <line num="244" count="142" type="stmt"/>
        <line num="245" count="142" type="stmt"/>
        <line num="246" count="142" type="stmt"/>
        <line num="247" count="142" type="cond" truecount="1" falsecount="0"/>
        <line num="248" count="4" type="cond" truecount="1" falsecount="0"/>
        <line num="249" count="1" type="stmt"/>
        <line num="250" count="4" type="cond" truecount="2" falsecount="0"/>
        <line num="251" count="2" type="stmt"/>
        <line num="252" count="2" type="stmt"/>
        <line num="253" count="1" type="cond" truecount="1" falsecount="0"/>
        <line num="254" count="142" type="stmt"/>
        <line num="255" count="142" type="stmt"/>
        <line num="256" count="142" type="stmt"/>
        <line num="257" count="142" type="stmt"/>
        <line num="258" count="142" type="stmt"/>
        <line num="259" count="142" type="cond" truecount="1" falsecount="0"/>
        <line num="260" count="6" type="cond" truecount="1" falsecount="0"/>
        <line num="261" count="1" type="stmt"/>
        <line num="262" count="6" type="cond" truecount="2" falsecount="0"/>
        <line num="263" count="4" type="stmt"/>
        <line num="264" count="4" type="stmt"/>
        <line num="265" count="1" type="cond" truecount="1" falsecount="0"/>
        <line num="266" count="1" type="stmt"/>
        <line num="267" count="1" type="stmt"/>
        <line num="268" count="142" type="stmt"/>
        <line num="269" count="142" type="stmt"/>
        <line num="270" count="142" type="stmt"/>
        <line num="271" count="142" type="stmt"/>
        <line num="272" count="142" type="stmt"/>
        <line num="273" count="142" type="stmt"/>
        <line num="274" count="142" type="cond" truecount="1" falsecount="0"/>
        <line num="275" count="167" type="cond" truecount="1" falsecount="0"/>
        <line num="276" count="3" type="stmt"/>
        <line num="277" count="3" type="stmt"/>
        <line num="278" count="164" type="cond" truecount="2" falsecount="0"/>
        <line num="279" count="233" type="cond" truecount="2" falsecount="0"/>
        <line num="280" count="48" type="stmt"/>
        <line num="281" count="48" type="stmt"/>
        <line num="282" count="233" type="cond" truecount="3" falsecount="0"/>
        <line num="283" count="233" type="stmt"/>
        <line num="284" count="164" type="stmt"/>
        <line num="285" count="164" type="stmt"/>
        <line num="286" count="142" type="stmt"/>
      </file>
      <file name="index.js" path="/home/kelvinsoh/Desktop/math/mathlify/packages/mathlify/src/core/algebra/expression/index.js">
        <metrics statements="1" coveredstatements="1" conditionals="0" coveredconditionals="0" methods="0" coveredmethods="0"/>
        <line num="1" count="1" type="stmt"/>
      </file>
    </package>
    <package name="src.core.algebra.polynomial">
      <metrics statements="1" coveredstatements="1" conditionals="0" coveredconditionals="0" methods="0" coveredmethods="0"/>
      <file name="polynomial.js" path="/home/kelvinsoh/Desktop/math/mathlify/packages/mathlify/src/core/algebra/polynomial/polynomial.js">
        <metrics statements="1" coveredstatements="1" conditionals="0" coveredconditionals="0" methods="0" coveredmethods="0"/>
        <line num="1" count="1" type="stmt"/>
      </file>
    </package>
    <package name="src.core.algebra.term">
      <metrics statements="320" coveredstatements="320" conditionals="98" coveredconditionals="98" methods="12" coveredmethods="12"/>
      <file name="index.js" path="/home/kelvinsoh/Desktop/math/mathlify/packages/mathlify/src/core/algebra/term/index.js">
        <metrics statements="1" coveredstatements="1" conditionals="0" coveredconditionals="0" methods="0" coveredmethods="0"/>
        <line num="1" count="1" type="stmt"/>
      </file>
      <file name="term.js" path="/home/kelvinsoh/Desktop/math/mathlify/packages/mathlify/src/core/algebra/term/term.js">
        <metrics statements="319" coveredstatements="319" conditionals="98" coveredconditionals="98" methods="12" coveredmethods="12"/>
        <line num="1" count="1" type="stmt"/>
        <line num="2" count="1" type="stmt"/>
        <line num="3" count="1" type="stmt"/>
        <line num="4" count="1" type="stmt"/>
        <line num="5" count="1" type="stmt"/>
        <line num="6" count="1" type="stmt"/>
        <line num="7" count="1" type="stmt"/>
        <line num="8" count="1" type="stmt"/>
        <line num="9" count="1" type="stmt"/>
        <line num="10" count="1" type="stmt"/>
        <line num="11" count="1" type="stmt"/>
        <line num="12" count="1" type="stmt"/>
        <line num="13" count="1" type="stmt"/>
        <line num="14" count="1" type="stmt"/>
        <line num="15" count="1" type="stmt"/>
        <line num="16" count="1" type="stmt"/>
        <line num="17" count="1" type="stmt"/>
        <line num="18" count="1" type="stmt"/>
        <line num="19" count="1" type="stmt"/>
        <line num="20" count="1" type="stmt"/>
        <line num="21" count="1" type="stmt"/>
        <line num="22" count="1" type="stmt"/>
        <line num="23" count="1" type="stmt"/>
        <line num="24" count="1" type="stmt"/>
        <line num="25" count="1" type="cond" truecount="1" falsecount="0"/>
        <line num="26" count="550" type="stmt"/>
        <line num="27" count="550" type="stmt"/>
        <line num="28" count="550" type="stmt"/>
        <line num="29" count="550" type="stmt"/>
        <line num="30" count="550" type="stmt"/>
        <line num="31" count="550" type="stmt"/>
        <line num="32" count="550" type="stmt"/>
        <line num="33" count="550" type="stmt"/>
        <line num="34" count="550" type="cond" truecount="1" falsecount="0"/>
        <line num="35" count="550" type="stmt"/>
        <line num="36" count="550" type="stmt"/>
        <line num="37" count="550" type="stmt"/>
        <line num="38" count="550" type="stmt"/>
        <line num="39" count="550" type="cond" truecount="1" falsecount="0"/>
        <line num="40" count="780" type="cond" truecount="2" falsecount="0"/>
        <line num="41" count="502" type="stmt"/>
        <line num="42" count="780" type="cond" truecount="2" falsecount="0"/>
        <line num="43" count="58" type="cond" truecount="1" falsecount="0"/>
        <line num="44" count="1" type="stmt"/>
        <line num="45" count="1" type="stmt"/>
        <line num="46" count="57" type="cond" truecount="1" falsecount="0"/>
        <line num="47" count="278" type="cond" truecount="2" falsecount="0"/>
        <line num="48" count="29" type="stmt"/>
        <line num="49" count="29" type="stmt"/>
        <line num="50" count="29" type="stmt"/>
        <line num="51" count="29" type="stmt"/>
        <line num="52" count="220" type="cond" truecount="1" falsecount="0"/>
        <line num="53" count="191" type="stmt"/>
        <line num="54" count="191" type="cond" truecount="1" falsecount="0"/>
        <line num="55" count="191" type="stmt"/>
        <line num="56" count="191" type="stmt"/>
        <line num="57" count="550" type="stmt"/>
        <line num="58" count="550" type="stmt"/>
        <line num="59" count="550" type="cond" truecount="1" falsecount="0"/>
        <line num="60" count="276" type="cond" truecount="1" falsecount="0"/>
        <line num="61" count="2" type="stmt"/>
        <line num="62" count="2" type="stmt"/>
        <line num="63" count="550" type="stmt"/>
        <line num="64" count="550" type="stmt"/>
        <line num="65" count="550" type="stmt"/>
        <line num="66" count="550" type="stmt"/>
        <line num="67" count="550" type="stmt"/>
        <line num="68" count="550" type="stmt"/>
        <line num="69" count="550" type="stmt"/>
        <line num="70" count="550" type="stmt"/>
        <line num="71" count="550" type="stmt"/>
        <line num="72" count="550" type="cond" truecount="2" falsecount="0"/>
        <line num="73" count="550" type="stmt"/>
        <line num="74" count="550" type="stmt"/>
        <line num="75" count="550" type="stmt"/>
        <line num="76" count="550" type="stmt"/>
        <line num="77" count="550" type="stmt"/>
        <line num="78" count="550" type="stmt"/>
        <line num="79" count="550" type="stmt"/>
        <line num="80" count="550" type="stmt"/>
        <line num="81" count="550" type="stmt"/>
        <line num="82" count="550" type="stmt"/>
        <line num="83" count="550" type="cond" truecount="1" falsecount="0"/>
        <line num="84" count="132" type="cond" truecount="2" falsecount="0"/>
        <line num="85" count="12" type="stmt"/>
        <line num="86" count="12" type="stmt"/>
        <line num="87" count="127" type="cond" truecount="3" falsecount="0"/>
        <line num="88" count="2" type="stmt"/>
        <line num="89" count="2" type="cond" truecount="1" falsecount="0"/>
        <line num="90" count="2" type="stmt"/>
        <line num="91" count="2" type="stmt"/>
        <line num="92" count="2" type="stmt"/>
        <line num="93" count="118" type="cond" truecount="1" falsecount="0"/>
        <line num="94" count="118" type="stmt"/>
        <line num="95" count="118" type="cond" truecount="1" falsecount="0"/>
        <line num="96" count="20" type="cond" truecount="1" falsecount="0"/>
        <line num="97" count="20" type="stmt"/>
        <line num="98" count="118" type="stmt"/>
        <line num="99" count="118" type="stmt"/>
        <line num="100" count="127" type="cond" truecount="1" falsecount="0"/>
        <line num="101" count="4" type="stmt"/>
        <line num="102" count="127" type="cond" truecount="2" falsecount="0"/>
        <line num="103" count="114" type="stmt"/>
        <line num="104" count="114" type="stmt"/>
        <line num="105" count="118" type="cond" truecount="1" falsecount="0"/>
        <line num="106" count="118" type="stmt"/>
        <line num="107" count="550" type="stmt"/>
        <line num="108" count="550" type="stmt"/>
        <line num="109" count="550" type="stmt"/>
        <line num="110" count="550" type="stmt"/>
        <line num="111" count="550" type="stmt"/>
        <line num="112" count="550" type="stmt"/>
        <line num="113" count="550" type="cond" truecount="1" falsecount="0"/>
        <line num="114" count="63" type="stmt"/>
        <line num="115" count="63" type="cond" truecount="1" falsecount="0"/>
        <line num="116" count="6" type="stmt"/>
        <line num="117" count="63" type="stmt"/>
        <line num="118" count="63" type="stmt"/>
        <line num="119" count="63" type="cond" truecount="1" falsecount="0"/>
        <line num="120" count="1" type="stmt"/>
        <line num="121" count="63" type="cond" truecount="1" falsecount="0"/>
        <line num="122" count="62" type="stmt"/>
        <line num="123" count="62" type="stmt"/>
        <line num="124" count="63" type="stmt"/>
        <line num="125" count="63" type="stmt"/>
        <line num="126" count="550" type="stmt"/>
        <line num="127" count="550" type="stmt"/>
        <line num="128" count="550" type="stmt"/>
        <line num="129" count="550" type="stmt"/>
        <line num="130" count="550" type="stmt"/>
        <line num="131" count="550" type="stmt"/>
        <line num="132" count="550" type="stmt"/>
        <line num="133" count="550" type="cond" truecount="1" falsecount="0"/>
        <line num="134" count="6" type="cond" truecount="1" falsecount="0"/>
        <line num="135" count="4" type="stmt"/>
        <line num="136" count="4" type="stmt"/>
        <line num="137" count="6" type="stmt"/>
        <line num="138" count="6" type="stmt"/>
        <line num="139" count="550" type="stmt"/>
        <line num="140" count="550" type="stmt"/>
        <line num="141" count="550" type="stmt"/>
        <line num="142" count="550" type="stmt"/>
        <line num="143" count="550" type="stmt"/>
        <line num="144" count="550" type="cond" truecount="1" falsecount="0"/>
        <line num="145" count="10" type="stmt"/>
        <line num="146" count="10" type="stmt"/>
        <line num="147" count="550" type="stmt"/>
        <line num="148" count="550" type="stmt"/>
        <line num="149" count="550" type="stmt"/>
        <line num="150" count="550" type="stmt"/>
        <line num="151" count="550" type="stmt"/>
        <line num="152" count="550" type="stmt"/>
        <line num="153" count="550" type="stmt"/>
        <line num="154" count="550" type="cond" truecount="1" falsecount="0"/>
        <line num="155" count="13" type="stmt"/>
        <line num="156" count="13" type="cond" truecount="1" falsecount="0"/>
        <line num="157" count="13" type="cond" truecount="1" falsecount="0"/>
        <line num="158" count="13" type="cond" truecount="1" falsecount="0"/>
        <line num="159" count="13" type="stmt"/>
        <line num="160" count="13" type="stmt"/>
        <line num="161" count="13" type="cond" truecount="1" falsecount="0"/>
        <line num="162" count="14" type="cond" truecount="1" falsecount="0"/>
        <line num="163" count="10" type="stmt"/>
        <line num="164" count="10" type="cond" truecount="1" falsecount="0"/>
        <line num="165" count="1" type="stmt"/>
        <line num="166" count="1" type="stmt"/>
        <line num="167" count="1" type="stmt"/>
        <line num="168" count="1" type="stmt"/>
        <line num="169" count="9" type="cond" truecount="1" falsecount="0"/>
        <line num="170" count="9" type="stmt"/>
        <line num="171" count="9" type="stmt"/>
        <line num="172" count="14" type="stmt"/>
        <line num="173" count="12" type="cond" truecount="1" falsecount="0"/>
        <line num="174" count="12" type="stmt"/>
        <line num="175" count="550" type="stmt"/>
        <line num="176" count="550" type="stmt"/>
        <line num="177" count="550" type="stmt"/>
        <line num="178" count="550" type="stmt"/>
        <line num="179" count="550" type="stmt"/>
        <line num="180" count="550" type="stmt"/>
        <line num="181" count="550" type="stmt"/>
        <line num="182" count="550" type="cond" truecount="1" falsecount="0"/>
        <line num="183" count="6" type="cond" truecount="1" falsecount="0"/>
        <line num="184" count="5" type="stmt"/>
        <line num="185" count="5" type="stmt"/>
        <line num="186" count="1" type="cond" truecount="1" falsecount="0"/>
        <line num="187" count="550" type="stmt"/>
        <line num="188" count="550" type="stmt"/>
        <line num="189" count="550" type="stmt"/>
        <line num="190" count="550" type="stmt"/>
        <line num="191" count="550" type="stmt"/>
        <line num="192" count="550" type="stmt"/>
        <line num="193" count="550" type="stmt"/>
        <line num="194" count="550" type="stmt"/>
        <line num="195" count="550" type="stmt"/>
        <line num="196" count="550" type="stmt"/>
        <line num="197" count="550" type="cond" truecount="1" falsecount="0"/>
        <line num="198" count="8" type="stmt"/>
        <line num="199" count="550" type="stmt"/>
        <line num="200" count="550" type="stmt"/>
        <line num="201" count="550" type="stmt"/>
        <line num="202" count="550" type="stmt"/>
        <line num="203" count="550" type="stmt"/>
        <line num="204" count="550" type="stmt"/>
        <line num="205" count="550" type="stmt"/>
        <line num="206" count="550" type="stmt"/>
        <line num="207" count="550" type="stmt"/>
        <line num="208" count="550" type="cond" truecount="1" falsecount="0"/>
        <line num="209" count="376" type="stmt"/>
        <line num="210" count="376" type="stmt"/>
        <line num="211" count="376" type="stmt"/>
        <line num="212" count="550" type="stmt"/>
        <line num="213" count="550" type="stmt"/>
        <line num="214" count="550" type="stmt"/>
        <line num="215" count="550" type="stmt"/>
        <line num="216" count="550" type="stmt"/>
        <line num="217" count="550" type="stmt"/>
        <line num="218" count="550" type="cond" truecount="1" falsecount="0"/>
        <line num="219" count="301" type="stmt"/>
        <line num="220" count="301" type="cond" truecount="1" falsecount="0"/>
        <line num="221" count="162" type="stmt"/>
        <line num="222" count="162" type="stmt"/>
        <line num="223" count="301" type="cond" truecount="2" falsecount="0"/>
        <line num="224" count="1" type="stmt"/>
        <line num="225" count="1" type="stmt"/>
        <line num="226" count="138" type="cond" truecount="1" falsecount="0"/>
        <line num="227" count="301" type="cond" truecount="1" falsecount="0"/>
        <line num="228" count="5" type="stmt"/>
        <line num="229" count="5" type="stmt"/>
        <line num="230" count="5" type="stmt"/>
        <line num="231" count="5" type="cond" truecount="1" falsecount="0"/>
        <line num="232" count="3" type="cond" truecount="2" falsecount="0"/>
        <line num="233" count="3" type="stmt"/>
        <line num="234" count="2" type="cond" truecount="1" falsecount="0"/>
        <line num="235" count="301" type="cond" truecount="1" falsecount="0"/>
        <line num="236" count="133" type="stmt"/>
        <line num="237" count="133" type="stmt"/>
        <line num="238" count="133" type="stmt"/>
        <line num="239" count="133" type="stmt"/>
        <line num="240" count="133" type="stmt"/>
        <line num="241" count="133" type="cond" truecount="1" falsecount="0"/>
        <line num="242" count="149" type="cond" truecount="1" falsecount="0"/>
        <line num="243" count="144" type="stmt"/>
        <line num="244" count="149" type="cond" truecount="1" falsecount="0"/>
        <line num="245" count="5" type="stmt"/>
        <line num="246" count="5" type="stmt"/>
        <line num="247" count="133" type="stmt"/>
        <line num="248" count="133" type="stmt"/>
        <line num="249" count="133" type="stmt"/>
        <line num="250" count="133" type="cond" truecount="1" falsecount="0"/>
        <line num="251" count="128" type="stmt"/>
        <line num="252" count="133" type="cond" truecount="1" falsecount="0"/>
        <line num="253" count="122" type="stmt"/>
        <line num="254" count="122" type="cond" truecount="1" falsecount="0"/>
        <line num="255" count="103" type="stmt"/>
        <line num="256" count="103" type="cond" truecount="1" falsecount="0"/>
        <line num="257" count="103" type="cond" truecount="1" falsecount="0"/>
        <line num="258" count="103" type="stmt"/>
        <line num="259" count="19" type="cond" truecount="1" falsecount="0"/>
        <line num="260" count="19" type="stmt"/>
        <line num="261" count="11" type="cond" truecount="2" falsecount="0"/>
        <line num="262" count="11" type="stmt"/>
        <line num="263" count="11" type="stmt"/>
        <line num="264" count="133" type="cond" truecount="3" falsecount="0"/>
        <line num="265" count="3" type="cond" truecount="1" falsecount="0"/>
        <line num="266" count="2" type="stmt"/>
        <line num="267" count="2" type="cond" truecount="1" falsecount="0"/>
        <line num="268" count="2" type="cond" truecount="1" falsecount="0"/>
        <line num="269" count="2" type="stmt"/>
        <line num="270" count="1" type="cond" truecount="1" falsecount="0"/>
        <line num="271" count="1" type="stmt"/>
        <line num="272" count="8" type="cond" truecount="1" falsecount="0"/>
        <line num="273" count="8" type="stmt"/>
        <line num="274" count="8" type="stmt"/>
        <line num="275" count="8" type="stmt"/>
        <line num="276" count="36" type="cond" truecount="1" falsecount="0"/>
        <line num="277" count="1" type="stmt"/>
        <line num="278" count="1" type="stmt"/>
        <line num="279" count="8" type="cond" truecount="1" falsecount="0"/>
        <line num="280" count="36" type="cond" truecount="1" falsecount="0"/>
        <line num="281" count="3" type="stmt"/>
        <line num="282" count="36" type="cond" truecount="3" falsecount="0"/>
        <line num="283" count="2" type="stmt"/>
        <line num="284" count="3" type="stmt"/>
        <line num="285" count="3" type="stmt"/>
        <line num="286" count="3" type="stmt"/>
        <line num="287" count="3" type="stmt"/>
        <line num="288" count="8" type="cond" truecount="2" falsecount="0"/>
        <line num="289" count="29" type="cond" truecount="1" falsecount="0"/>
        <line num="290" count="3" type="stmt"/>
        <line num="291" count="36" type="cond" truecount="2" falsecount="0"/>
        <line num="292" count="4" type="stmt"/>
        <line num="293" count="5" type="cond" truecount="1" falsecount="0"/>
        <line num="294" count="1" type="stmt"/>
        <line num="295" count="1" type="stmt"/>
        <line num="296" count="8" type="cond" truecount="1" falsecount="0"/>
        <line num="297" count="8" type="stmt"/>
        <line num="298" count="301" type="stmt"/>
        <line num="299" count="550" type="stmt"/>
        <line num="300" count="1" type="stmt"/>
        <line num="301" count="1" type="stmt"/>
        <line num="302" count="1" type="stmt"/>
        <line num="303" count="1" type="stmt"/>
        <line num="304" count="1" type="stmt"/>
        <line num="305" count="1" type="stmt"/>
        <line num="306" count="1" type="stmt"/>
        <line num="307" count="1" type="cond" truecount="1" falsecount="0"/>
        <line num="308" count="394" type="stmt"/>
        <line num="309" count="394" type="stmt"/>
        <line num="310" count="394" type="stmt"/>
        <line num="311" count="394" type="stmt"/>
        <line num="312" count="394" type="stmt"/>
        <line num="313" count="394" type="cond" truecount="1" falsecount="0"/>
        <line num="314" count="359" type="cond" truecount="1" falsecount="0"/>
        <line num="315" count="183" type="stmt"/>
        <line num="316" count="359" type="stmt"/>
        <line num="317" count="359" type="stmt"/>
        <line num="318" count="394" type="stmt"/>
        <line num="319" count="394" type="stmt"/>
      </file>
    </package>
    <package name="src.core.algebra.utils">
      <metrics statements="25" coveredstatements="25" conditionals="10" coveredconditionals="10" methods="1" coveredmethods="1"/>
      <file name="index.js" path="/home/kelvinsoh/Desktop/math/mathlify/packages/mathlify/src/core/algebra/utils/index.js">
        <metrics statements="1" coveredstatements="1" conditionals="0" coveredconditionals="0" methods="0" coveredmethods="0"/>
        <line num="1" count="1" type="stmt"/>
      </file>
      <file name="powerMapToString.js" path="/home/kelvinsoh/Desktop/math/mathlify/packages/mathlify/src/core/algebra/utils/powerMapToString.js">
        <metrics statements="24" coveredstatements="24" conditionals="10" coveredconditionals="10" methods="1" coveredmethods="1"/>
        <line num="1" count="1" type="stmt"/>
        <line num="2" count="1" type="stmt"/>
        <line num="3" count="1" type="stmt"/>
        <line num="4" count="1" type="stmt"/>
        <line num="5" count="1" type="stmt"/>
        <line num="6" count="1" type="stmt"/>
        <line num="7" count="1" type="stmt"/>
        <line num="8" count="1" type="stmt"/>
        <line num="9" count="1" type="cond" truecount="1" falsecount="0"/>
        <line num="10" count="699" type="stmt"/>
        <line num="11" count="699" type="stmt"/>
        <line num="12" count="699" type="cond" truecount="1" falsecount="0"/>
        <line num="13" count="430" type="cond" truecount="2" falsecount="0"/>
        <line num="14" count="430" type="cond" truecount="1" falsecount="0"/>
        <line num="15" count="365" type="cond" truecount="2" falsecount="0"/>
        <line num="16" count="365" type="stmt"/>
        <line num="17" count="430" type="cond" truecount="1" falsecount="0"/>
        <line num="18" count="65" type="stmt"/>
        <line num="19" count="65" type="cond" truecount="1" falsecount="0"/>
        <line num="20" count="65" type="cond" truecount="1" falsecount="0"/>
        <line num="21" count="65" type="stmt"/>
        <line num="22" count="699" type="stmt"/>
        <line num="23" count="699" type="stmt"/>
        <line num="24" count="699" type="stmt"/>
      </file>
    </package>
    <package name="src.random">
      <metrics statements="171" coveredstatements="171" conditionals="30" coveredconditionals="30" methods="4" coveredmethods="4"/>
      <file name="getRandomFraction.js" path="/home/kelvinsoh/Desktop/math/mathlify/packages/mathlify/src/random/getRandomFraction.js">
        <metrics statements="90" coveredstatements="90" conditionals="15" coveredconditionals="15" methods="2" coveredmethods="2"/>
        <line num="1" count="1" type="stmt"/>
        <line num="2" count="1" type="stmt"/>
        <line num="3" count="1" type="stmt"/>
        <line num="4" count="1" type="stmt"/>
        <line num="5" count="1" type="stmt"/>
        <line num="6" count="1" type="stmt"/>
        <line num="7" count="1" type="stmt"/>
        <line num="8" count="1" type="stmt"/>
        <line num="9" count="1" type="cond" truecount="1" falsecount="0"/>
        <line num="10" count="26" type="stmt"/>
        <line num="11" count="26" type="stmt"/>
        <line num="12" count="26" type="stmt"/>
        <line num="13" count="26" type="stmt"/>
        <line num="14" count="26" type="stmt"/>
        <line num="15" count="26" type="stmt"/>
        <line num="16" count="26" type="stmt"/>
        <line num="17" count="26" type="cond" truecount="2" falsecount="0"/>
        <line num="18" count="26" type="stmt"/>
        <line num="19" count="26" type="stmt"/>
        <line num="20" count="26" type="stmt"/>
        <line num="21" count="26" type="stmt"/>
        <line num="22" count="26" type="stmt"/>
        <line num="23" count="26" type="stmt"/>
        <line num="24" count="26" type="stmt"/>
        <line num="25" count="26" type="stmt"/>
        <line num="26" count="26" type="stmt"/>
        <line num="27" count="26" type="cond" truecount="2" falsecount="0"/>
        <line num="28" count="33" type="cond" truecount="1" falsecount="0"/>
        <line num="29" count="26" type="cond" truecount="1" falsecount="0"/>
        <line num="30" count="9" type="stmt"/>
        <line num="31" count="9" type="stmt"/>
        <line num="32" count="9" type="stmt"/>
        <line num="33" count="9" type="stmt"/>
        <line num="34" count="9" type="stmt"/>
        <line num="35" count="9" type="stmt"/>
        <line num="36" count="9" type="stmt"/>
        <line num="37" count="9" type="stmt"/>
        <line num="38" count="9" type="stmt"/>
        <line num="39" count="26" type="stmt"/>
        <line num="40" count="26" type="stmt"/>
        <line num="41" count="1" type="stmt"/>
        <line num="42" count="1" type="stmt"/>
        <line num="43" count="1" type="stmt"/>
        <line num="44" count="1" type="stmt"/>
        <line num="45" count="1" type="stmt"/>
        <line num="46" count="1" type="stmt"/>
        <line num="47" count="1" type="cond" truecount="1" falsecount="0"/>
        <line num="48" count="3" type="stmt"/>
        <line num="49" count="3" type="stmt"/>
        <line num="50" count="3" type="stmt"/>
        <line num="51" count="3" type="stmt"/>
        <line num="52" count="3" type="stmt"/>
        <line num="53" count="3" type="cond" truecount="2" falsecount="0"/>
        <line num="54" count="3" type="cond" truecount="1" falsecount="0"/>
        <line num="55" count="1" type="stmt"/>
        <line num="56" count="1" type="stmt"/>
        <line num="57" count="1" type="stmt"/>
        <line num="58" count="1" type="stmt"/>
        <line num="59" count="2" type="cond" truecount="1" falsecount="0"/>
        <line num="60" count="2" type="stmt"/>
        <line num="61" count="3" type="cond" truecount="1" falsecount="0"/>
        <line num="62" count="4" type="stmt"/>
        <line num="63" count="4" type="stmt"/>
        <line num="64" count="4" type="cond" truecount="1" falsecount="0"/>
        <line num="65" count="2" type="stmt"/>
        <line num="66" count="2" type="stmt"/>
        <line num="67" count="2" type="stmt"/>
        <line num="68" count="2" type="stmt"/>
        <line num="69" count="2" type="stmt"/>
        <line num="70" count="2" type="stmt"/>
        <line num="71" count="4" type="stmt"/>
        <line num="72" count="2" type="cond" truecount="1" falsecount="0"/>
        <line num="73" count="2" type="stmt"/>
        <line num="74" count="1" type="stmt"/>
        <line num="75" count="1" type="stmt"/>
        <line num="76" count="1" type="stmt"/>
        <line num="77" count="1" type="stmt"/>
        <line num="78" count="1" type="stmt"/>
        <line num="79" count="1" type="stmt"/>
        <line num="80" count="1" type="stmt"/>
        <line num="81" count="1" type="stmt"/>
        <line num="82" count="1" type="stmt"/>
        <line num="83" count="1" type="stmt"/>
        <line num="84" count="1" type="stmt"/>
        <line num="85" count="1" type="stmt"/>
        <line num="86" count="1" type="stmt"/>
        <line num="87" count="1" type="stmt"/>
        <line num="88" count="1" type="stmt"/>
        <line num="89" count="1" type="stmt"/>
        <line num="90" count="1" type="stmt"/>
      </file>
      <file name="getRandomInt.js" path="/home/kelvinsoh/Desktop/math/mathlify/packages/mathlify/src/random/getRandomInt.js">
        <metrics statements="79" coveredstatements="79" conditionals="15" coveredconditionals="15" methods="2" coveredmethods="2"/>
        <line num="1" count="1" type="stmt"/>
        <line num="2" count="1" type="stmt"/>
        <line num="3" count="1" type="stmt"/>
        <line num="4" count="1" type="stmt"/>
        <line num="5" count="1" type="stmt"/>
        <line num="6" count="1" type="cond" truecount="1" falsecount="0"/>
        <line num="7" count="87" type="stmt"/>
        <line num="8" count="87" type="stmt"/>
        <line num="9" count="87" type="stmt"/>
        <line num="10" count="87" type="stmt"/>
        <line num="11" count="87" type="stmt"/>
        <line num="12" count="87" type="stmt"/>
        <line num="13" count="87" type="stmt"/>
        <line num="14" count="87" type="cond" truecount="2" falsecount="0"/>
        <line num="15" count="87" type="cond" truecount="1" falsecount="0"/>
        <line num="16" count="1" type="stmt"/>
        <line num="17" count="1" type="stmt"/>
        <line num="18" count="1" type="stmt"/>
        <line num="19" count="1" type="stmt"/>
        <line num="20" count="86" type="cond" truecount="1" falsecount="0"/>
        <line num="21" count="86" type="stmt"/>
        <line num="22" count="86" type="stmt"/>
        <line num="23" count="86" type="stmt"/>
        <line num="24" count="86" type="stmt"/>
        <line num="25" count="87" type="cond" truecount="1" falsecount="0"/>
        <line num="26" count="29" type="stmt"/>
        <line num="27" count="29" type="stmt"/>
        <line num="28" count="29" type="stmt"/>
        <line num="29" count="86" type="cond" truecount="1" falsecount="0"/>
        <line num="30" count="86" type="stmt"/>
        <line num="31" count="1" type="stmt"/>
        <line num="32" count="1" type="stmt"/>
        <line num="33" count="1" type="stmt"/>
        <line num="34" count="1" type="stmt"/>
        <line num="35" count="1" type="stmt"/>
        <line num="36" count="1" type="stmt"/>
        <line num="37" count="1" type="cond" truecount="1" falsecount="0"/>
        <line num="38" count="3" type="stmt"/>
        <line num="39" count="3" type="stmt"/>
        <line num="40" count="3" type="stmt"/>
        <line num="41" count="3" type="stmt"/>
        <line num="42" count="3" type="stmt"/>
        <line num="43" count="3" type="stmt"/>
        <line num="44" count="3" type="cond" truecount="2" falsecount="0"/>
        <line num="45" count="3" type="cond" truecount="1" falsecount="0"/>
        <line num="46" count="1" type="stmt"/>
        <line num="47" count="1" type="stmt"/>
        <line num="48" count="1" type="stmt"/>
        <line num="49" count="1" type="stmt"/>
        <line num="50" count="2" type="cond" truecount="1" falsecount="0"/>
        <line num="51" count="2" type="stmt"/>
        <line num="52" count="3" type="cond" truecount="1" falsecount="0"/>
        <line num="53" count="5" type="stmt"/>
        <line num="54" count="5" type="stmt"/>
        <line num="55" count="5" type="cond" truecount="1" falsecount="0"/>
        <line num="56" count="3" type="stmt"/>
        <line num="57" count="3" type="stmt"/>
        <line num="58" count="3" type="stmt"/>
        <line num="59" count="3" type="stmt"/>
        <line num="60" count="3" type="stmt"/>
        <line num="61" count="3" type="stmt"/>
        <line num="62" count="5" type="stmt"/>
        <line num="63" count="2" type="cond" truecount="1" falsecount="0"/>
        <line num="64" count="2" type="stmt"/>
        <line num="65" count="1" type="stmt"/>
        <line num="66" count="1" type="stmt"/>
        <line num="67" count="1" type="stmt"/>
        <line num="68" count="1" type="stmt"/>
        <line num="69" count="1" type="stmt"/>
        <line num="70" count="1" type="stmt"/>
        <line num="71" count="1" type="stmt"/>
        <line num="72" count="1" type="stmt"/>
        <line num="73" count="1" type="stmt"/>
        <line num="74" count="1" type="stmt"/>
        <line num="75" count="1" type="stmt"/>
        <line num="76" count="1" type="stmt"/>
        <line num="77" count="1" type="stmt"/>
        <line num="78" count="1" type="stmt"/>
        <line num="79" count="1" type="stmt"/>
      </file>
      <file name="index.js" path="/home/kelvinsoh/Desktop/math/mathlify/packages/mathlify/src/random/index.js">
        <metrics statements="2" coveredstatements="2" conditionals="0" coveredconditionals="0" methods="0" coveredmethods="0"/>
        <line num="1" count="1" type="stmt"/>
        <line num="2" count="1" type="stmt"/>
      </file>
    </package>
    <package name="src.utils">
      <metrics statements="120" coveredstatements="120" conditionals="48" coveredconditionals="48" methods="5" coveredmethods="5"/>
      <file name="gcd.js" path="/home/kelvinsoh/Desktop/math/mathlify/packages/mathlify/src/utils/gcd.js">
        <metrics statements="55" coveredstatements="55" conditionals="29" coveredconditionals="29" methods="2" coveredmethods="2"/>
        <line num="1" count="1" type="stmt"/>
        <line num="2" count="1" type="stmt"/>
        <line num="3" count="1" type="stmt"/>
        <line num="4" count="1" type="stmt"/>
        <line num="5" count="1" type="stmt"/>
        <line num="6" count="1" type="stmt"/>
        <line num="7" count="1" type="cond" truecount="1" falsecount="0"/>
        <line num="8" count="3035" type="cond" truecount="1" falsecount="0"/>
        <line num="9" count="1" type="stmt"/>
        <line num="10" count="1" type="stmt"/>
        <line num="11" count="3035" type="cond" truecount="2" falsecount="0"/>
        <line num="12" count="34" type="stmt"/>
        <line num="13" count="34" type="cond" truecount="1" falsecount="0"/>
        <line num="14" count="1" type="stmt"/>
        <line num="15" count="1" type="stmt"/>
        <line num="16" count="34" type="cond" truecount="3" falsecount="0"/>
        <line num="17" count="1" type="stmt"/>
        <line num="18" count="1" type="stmt"/>
        <line num="19" count="32" type="stmt"/>
        <line num="20" count="32" type="stmt"/>
        <line num="21" count="3000" type="cond" truecount="1" falsecount="0"/>
        <line num="22" count="3035" type="cond" truecount="1" falsecount="0"/>
        <line num="23" count="2997" type="stmt"/>
        <line num="24" count="2997" type="stmt"/>
        <line num="25" count="3" type="cond" truecount="2" falsecount="0"/>
        <line num="26" count="3" type="stmt"/>
        <line num="27" count="2202" type="cond" truecount="1" falsecount="0"/>
        <line num="28" count="3035" type="cond" truecount="1" falsecount="0"/>
        <line num="29" count="3035" type="cond" truecount="1" falsecount="0"/>
        <line num="30" count="3035" type="stmt"/>
        <line num="31" count="1" type="stmt"/>
        <line num="32" count="1" type="stmt"/>
        <line num="33" count="1" type="stmt"/>
        <line num="34" count="1" type="stmt"/>
        <line num="35" count="1" type="stmt"/>
        <line num="36" count="1" type="stmt"/>
        <line num="37" count="1" type="stmt"/>
        <line num="38" count="2999" type="cond" truecount="1" falsecount="0"/>
        <line num="39" count="2999" type="cond" truecount="2" falsecount="0"/>
        <line num="40" count="1" type="stmt"/>
        <line num="41" count="1" type="stmt"/>
        <line num="42" count="2998" type="cond" truecount="1" falsecount="0"/>
        <line num="43" count="2998" type="stmt"/>
        <line num="44" count="2999" type="cond" truecount="2" falsecount="0"/>
        <line num="45" count="2" type="stmt"/>
        <line num="46" count="2" type="stmt"/>
        <line num="47" count="2999" type="cond" truecount="4" falsecount="0"/>
        <line num="48" count="459" type="stmt"/>
        <line num="49" count="459" type="stmt"/>
        <line num="50" count="2537" type="cond" truecount="2" falsecount="0"/>
        <line num="51" count="2996" type="cond" truecount="1" falsecount="0"/>
        <line num="52" count="2775" type="stmt"/>
        <line num="53" count="2775" type="stmt"/>
        <line num="54" count="2537" type="cond" truecount="1" falsecount="0"/>
        <line num="55" count="2537" type="stmt"/>
      </file>
      <file name="index.js" path="/home/kelvinsoh/Desktop/math/mathlify/packages/mathlify/src/utils/index.js">
        <metrics statements="4" coveredstatements="4" conditionals="0" coveredconditionals="0" methods="0" coveredmethods="0"/>
        <line num="1" count="1" type="stmt"/>
        <line num="2" count="1" type="stmt"/>
        <line num="3" count="1" type="stmt"/>
        <line num="4" count="1" type="stmt"/>
      </file>
      <file name="lcm.js" path="/home/kelvinsoh/Desktop/math/mathlify/packages/mathlify/src/utils/lcm.js">
        <metrics statements="51" coveredstatements="51" conditionals="16" coveredconditionals="16" methods="2" coveredmethods="2"/>
        <line num="1" count="1" type="stmt"/>
        <line num="2" count="1" type="stmt"/>
        <line num="3" count="1" type="stmt"/>
        <line num="4" count="1" type="stmt"/>
        <line num="5" count="1" type="stmt"/>
        <line num="6" count="1" type="stmt"/>
        <line num="7" count="1" type="stmt"/>
        <line num="8" count="1" type="stmt"/>
        <line num="9" count="1" type="cond" truecount="1" falsecount="0"/>
        <line num="10" count="65" type="cond" truecount="1" falsecount="0"/>
        <line num="11" count="1" type="stmt"/>
        <line num="12" count="1" type="stmt"/>
        <line num="13" count="1" type="stmt"/>
        <line num="14" count="1" type="stmt"/>
        <line num="15" count="65" type="cond" truecount="2" falsecount="0"/>
        <line num="16" count="33" type="stmt"/>
        <line num="17" count="33" type="cond" truecount="2" falsecount="0"/>
        <line num="18" count="1" type="stmt"/>
        <line num="19" count="1" type="stmt"/>
        <line num="20" count="1" type="stmt"/>
        <line num="21" count="1" type="stmt"/>
        <line num="22" count="32" type="stmt"/>
        <line num="23" count="32" type="stmt"/>
        <line num="24" count="31" type="cond" truecount="1" falsecount="0"/>
        <line num="25" count="65" type="cond" truecount="1" falsecount="0"/>
        <line num="26" count="29" type="stmt"/>
        <line num="27" count="29" type="stmt"/>
        <line num="28" count="2" type="cond" truecount="1" falsecount="0"/>
        <line num="29" count="2" type="stmt"/>
        <line num="30" count="2" type="stmt"/>
        <line num="31" count="2" type="stmt"/>
        <line num="32" count="1" type="stmt"/>
        <line num="33" count="1" type="stmt"/>
        <line num="34" count="1" type="stmt"/>
        <line num="35" count="1" type="stmt"/>
        <line num="36" count="1" type="stmt"/>
        <line num="37" count="1" type="stmt"/>
        <line num="38" count="1" type="stmt"/>
        <line num="39" count="31" type="cond" truecount="1" falsecount="0"/>
        <line num="40" count="31" type="cond" truecount="2" falsecount="0"/>
        <line num="41" count="1" type="stmt"/>
        <line num="42" count="1" type="stmt"/>
        <line num="43" count="1" type="stmt"/>
        <line num="44" count="1" type="stmt"/>
        <line num="45" count="30" type="cond" truecount="1" falsecount="0"/>
        <line num="46" count="30" type="stmt"/>
        <line num="47" count="31" type="cond" truecount="2" falsecount="0"/>
        <line num="48" count="1" type="stmt"/>
        <line num="49" count="1" type="stmt"/>
        <line num="50" count="29" type="cond" truecount="1" falsecount="0"/>
        <line num="51" count="29" type="stmt"/>
      </file>
      <file name="toFraction.js" path="/home/kelvinsoh/Desktop/math/mathlify/packages/mathlify/src/utils/toFraction.js">
        <metrics statements="10" coveredstatements="10" conditionals="3" coveredconditionals="3" methods="1" coveredmethods="1"/>
        <line num="1" count="1" type="stmt"/>
        <line num="2" count="1" type="stmt"/>
        <line num="3" count="1" type="stmt"/>
        <line num="4" count="1" type="stmt"/>
        <line num="5" count="1" type="stmt"/>
        <line num="6" count="1" type="stmt"/>
        <line num="7" count="1" type="stmt"/>
        <line num="8" count="1" type="cond" truecount="1" falsecount="0"/>
        <line num="9" count="1387" type="cond" truecount="2" falsecount="0"/>
        <line num="10" count="1387" type="stmt"/>
      </file>
    </package>
    <package name="src.utils.typesetting-helpers">
      <metrics statements="20" coveredstatements="20" conditionals="8" coveredconditionals="8" methods="1" coveredmethods="1"/>
      <file name="bracket.js" path="/home/kelvinsoh/Desktop/math/mathlify/packages/mathlify/src/utils/typesetting-helpers/bracket.js">
        <metrics statements="19" coveredstatements="19" conditionals="8" coveredconditionals="8" methods="1" coveredmethods="1"/>
        <line num="1" count="1" type="stmt"/>
        <line num="2" count="1" type="stmt"/>
        <line num="3" count="1" type="stmt"/>
        <line num="4" count="1" type="stmt"/>
        <line num="5" count="1" type="stmt"/>
        <line num="6" count="1" type="stmt"/>
        <line num="7" count="1" type="stmt"/>
        <line num="8" count="1" type="stmt"/>
        <line num="9" count="1" type="stmt"/>
        <line num="10" count="1" type="cond" truecount="1" falsecount="0"/>
        <line num="11" count="33" type="stmt"/>
        <line num="12" count="33" type="stmt"/>
        <line num="13" count="33" type="cond" truecount="2" falsecount="0"/>
        <line num="14" count="33" type="cond" truecount="1" falsecount="0"/>
        <line num="15" count="33" type="cond" truecount="3" falsecount="0"/>
        <line num="16" count="15" type="stmt"/>
        <line num="17" count="15" type="stmt"/>
        <line num="18" count="18" type="cond" truecount="1" falsecount="0"/>
        <line num="19" count="18" type="stmt"/>
      </file>
      <file name="index.js" path="/home/kelvinsoh/Desktop/math/mathlify/packages/mathlify/src/utils/typesetting-helpers/index.js">
        <metrics statements="1" coveredstatements="1" conditionals="0" coveredconditionals="0" methods="0" coveredmethods="0"/>
        <line num="1" count="1" type="stmt"/>
      </file>
    </package>
  </project>
</coverage>
