{"/home/kelvinsoh/Desktop/math/mathlify/packages/mathlify/src/index.js": {"path":"/home/kelvinsoh/Desktop/math/mathlify/packages/mathlify/src/index.js","all":false,"statementMap":{"0":{"start":{"line":1,"column":0},"end":{"line":1,"column":73}},"1":{"start":{"line":2,"column":0},"end":{"line":2,"column":53}},"2":{"start":{"line":3,"column":0},"end":{"line":3,"column":8}},"3":{"start":{"line":4,"column":0},"end":{"line":4,"column":14}},"4":{"start":{"line":5,"column":0},"end":{"line":5,"column":15}},"5":{"start":{"line":6,"column":0},"end":{"line":6,"column":24}},"6":{"start":{"line":7,"column":0},"end":{"line":7,"column":18}},"7":{"start":{"line":8,"column":0},"end":{"line":8,"column":17}},"8":{"start":{"line":9,"column":0},"end":{"line":9,"column":5}},"9":{"start":{"line":10,"column":0},"end":{"line":10,"column":14}},"10":{"start":{"line":11,"column":0},"end":{"line":11,"column":13}},"11":{"start":{"line":12,"column":0},"end":{"line":12,"column":16}},"12":{"start":{"line":13,"column":0},"end":{"line":13,"column":20}},"13":{"start":{"line":14,"column":0},"end":{"line":14,"column":20}},"14":{"start":{"line":15,"column":0},"end":{"line":15,"column":21}},"15":{"start":{"line":16,"column":0},"end":{"line":16,"column":23}},"16":{"start":{"line":17,"column":0},"end":{"line":17,"column":16}},"17":{"start":{"line":18,"column":0},"end":{"line":18,"column":28}},"18":{"start":{"line":19,"column":0},"end":{"line":19,"column":46}},"19":{"start":{"line":20,"column":0},"end":{"line":20,"column":8}},"20":{"start":{"line":21,"column":0},"end":{"line":21,"column":13}},"21":{"start":{"line":22,"column":0},"end":{"line":22,"column":22}},"22":{"start":{"line":23,"column":0},"end":{"line":23,"column":13}},"23":{"start":{"line":24,"column":0},"end":{"line":24,"column":22}},"24":{"start":{"line":25,"column":0},"end":{"line":25,"column":34}},"25":{"start":{"line":26,"column":0},"end":{"line":26,"column":8}},"26":{"start":{"line":27,"column":0},"end":{"line":27,"column":14}},"27":{"start":{"line":28,"column":0},"end":{"line":28,"column":15}},"28":{"start":{"line":29,"column":0},"end":{"line":29,"column":19}},"29":{"start":{"line":30,"column":0},"end":{"line":30,"column":20}},"30":{"start":{"line":31,"column":0},"end":{"line":31,"column":27}}},"s":{"0":1,"1":1,"2":1,"3":1,"4":1,"5":1,"6":1,"7":1,"8":1,"9":1,"10":1,"11":1,"12":1,"13":1,"14":1,"15":1,"16":1,"17":1,"18":1,"19":1,"20":1,"21":1,"22":1,"23":1,"24":1,"25":1,"26":1,"27":1,"28":1,"29":1,"30":1},"branchMap":{},"b":{},"fnMap":{},"f":{}}
,"/home/kelvinsoh/Desktop/math/mathlify/packages/mathlify/src/algebra/index.js": {"path":"/home/kelvinsoh/Desktop/math/mathlify/packages/mathlify/src/algebra/index.js","all":false,"statementMap":{"0":{"start":{"line":1,"column":0},"end":{"line":1,"column":8}},"1":{"start":{"line":2,"column":0},"end":{"line":2,"column":24}},"2":{"start":{"line":3,"column":0},"end":{"line":3,"column":16}},"3":{"start":{"line":4,"column":0},"end":{"line":4,"column":21}},"4":{"start":{"line":5,"column":0},"end":{"line":5,"column":31}},"5":{"start":{"line":6,"column":0},"end":{"line":6,"column":80}},"6":{"start":{"line":7,"column":0},"end":{"line":7,"column":73}},"7":{"start":{"line":8,"column":0},"end":{"line":8,"column":8}},"8":{"start":{"line":9,"column":0},"end":{"line":9,"column":13}},"9":{"start":{"line":10,"column":0},"end":{"line":10,"column":16}},"10":{"start":{"line":11,"column":0},"end":{"line":11,"column":20}},"11":{"start":{"line":12,"column":0},"end":{"line":12,"column":20}},"12":{"start":{"line":13,"column":0},"end":{"line":13,"column":23}},"13":{"start":{"line":14,"column":0},"end":{"line":14,"column":28}}},"s":{"0":1,"1":1,"2":1,"3":1,"4":1,"5":1,"6":1,"7":1,"8":1,"9":1,"10":1,"11":1,"12":1,"13":1},"branchMap":{},"b":{},"fnMap":{},"f":{}}
,"/home/kelvinsoh/Desktop/math/mathlify/packages/mathlify/src/algebra/equation/index.js": {"path":"/home/kelvinsoh/Desktop/math/mathlify/packages/mathlify/src/algebra/equation/index.js","all":false,"statementMap":{"0":{"start":{"line":1,"column":0},"end":{"line":1,"column":60}},"1":{"start":{"line":2,"column":0},"end":{"line":2,"column":72}}},"s":{"0":1,"1":1},"branchMap":{},"b":{},"fnMap":{},"f":{}}
,"/home/kelvinsoh/Desktop/math/mathlify/packages/mathlify/src/algebra/equation/eqn/equation-working.js": {"path":"/home/kelvinsoh/Desktop/math/mathlify/packages/mathlify/src/algebra/equation/eqn/equation-working.js","all":false,"statementMap":{"0":{"start":{"line":1,"column":0},"end":{"line":1,"column":56}},"1":{"start":{"line":2,"column":0},"end":{"line":2,"column":32}},"2":{"start":{"line":3,"column":0},"end":{"line":3,"column":47}},"3":{"start":{"line":4,"column":0},"end":{"line":4,"column":67}},"4":{"start":{"line":5,"column":0},"end":{"line":5,"column":0}},"5":{"start":{"line":6,"column":0},"end":{"line":6,"column":68}},"6":{"start":{"line":7,"column":0},"end":{"line":7,"column":8}},"7":{"start":{"line":8,"column":0},"end":{"line":8,"column":15}},"8":{"start":{"line":9,"column":0},"end":{"line":9,"column":45}},"9":{"start":{"line":10,"column":0},"end":{"line":10,"column":29}},"10":{"start":{"line":11,"column":0},"end":{"line":11,"column":29}},"11":{"start":{"line":12,"column":0},"end":{"line":12,"column":0}},"12":{"start":{"line":13,"column":0},"end":{"line":13,"column":36}},"13":{"start":{"line":14,"column":0},"end":{"line":14,"column":25}},"14":{"start":{"line":15,"column":0},"end":{"line":15,"column":0}},"15":{"start":{"line":16,"column":0},"end":{"line":16,"column":3}},"16":{"start":{"line":17,"column":0},"end":{"line":17,"column":97}},"17":{"start":{"line":18,"column":0},"end":{"line":18,"column":67}},"18":{"start":{"line":19,"column":0},"end":{"line":19,"column":9}},"19":{"start":{"line":20,"column":0},"end":{"line":20,"column":66}},"20":{"start":{"line":21,"column":0},"end":{"line":21,"column":67}},"21":{"start":{"line":22,"column":0},"end":{"line":22,"column":111}},"22":{"start":{"line":23,"column":0},"end":{"line":23,"column":111}},"23":{"start":{"line":24,"column":0},"end":{"line":24,"column":75}},"24":{"start":{"line":25,"column":0},"end":{"line":25,"column":3}},"25":{"start":{"line":26,"column":0},"end":{"line":26,"column":30}},"26":{"start":{"line":27,"column":0},"end":{"line":27,"column":27}},"27":{"start":{"line":28,"column":0},"end":{"line":28,"column":6}},"28":{"start":{"line":29,"column":0},"end":{"line":29,"column":27}},"29":{"start":{"line":30,"column":0},"end":{"line":30,"column":6}},"30":{"start":{"line":31,"column":0},"end":{"line":31,"column":38}},"31":{"start":{"line":32,"column":0},"end":{"line":32,"column":11}},"32":{"start":{"line":33,"column":0},"end":{"line":33,"column":38}},"33":{"start":{"line":34,"column":0},"end":{"line":34,"column":11}},"34":{"start":{"line":35,"column":0},"end":{"line":35,"column":24}},"35":{"start":{"line":36,"column":0},"end":{"line":36,"column":10}},"36":{"start":{"line":37,"column":0},"end":{"line":37,"column":5}},"37":{"start":{"line":38,"column":0},"end":{"line":38,"column":16}},"38":{"start":{"line":39,"column":0},"end":{"line":39,"column":125}},"39":{"start":{"line":40,"column":0},"end":{"line":40,"column":146}},"40":{"start":{"line":41,"column":0},"end":{"line":41,"column":92}},"41":{"start":{"line":42,"column":0},"end":{"line":42,"column":5}},"42":{"start":{"line":43,"column":0},"end":{"line":43,"column":38}},"43":{"start":{"line":44,"column":0},"end":{"line":44,"column":39}},"44":{"start":{"line":45,"column":0},"end":{"line":45,"column":78}},"45":{"start":{"line":46,"column":0},"end":{"line":46,"column":5}},"46":{"start":{"line":47,"column":0},"end":{"line":47,"column":39}},"47":{"start":{"line":48,"column":0},"end":{"line":48,"column":78}},"48":{"start":{"line":49,"column":0},"end":{"line":49,"column":5}},"49":{"start":{"line":50,"column":0},"end":{"line":50,"column":46}},"50":{"start":{"line":51,"column":0},"end":{"line":51,"column":29}},"51":{"start":{"line":52,"column":0},"end":{"line":52,"column":19}},"52":{"start":{"line":53,"column":0},"end":{"line":53,"column":29}},"53":{"start":{"line":54,"column":0},"end":{"line":54,"column":19}},"54":{"start":{"line":55,"column":0},"end":{"line":55,"column":40}},"55":{"start":{"line":56,"column":0},"end":{"line":56,"column":26}},"56":{"start":{"line":57,"column":0},"end":{"line":57,"column":40}},"57":{"start":{"line":58,"column":0},"end":{"line":58,"column":26}},"58":{"start":{"line":59,"column":0},"end":{"line":59,"column":26}},"59":{"start":{"line":60,"column":0},"end":{"line":60,"column":27}},"60":{"start":{"line":61,"column":0},"end":{"line":61,"column":3}},"61":{"start":{"line":62,"column":0},"end":{"line":62,"column":0}},"62":{"start":{"line":63,"column":0},"end":{"line":63,"column":5}},"63":{"start":{"line":64,"column":0},"end":{"line":64,"column":13}},"64":{"start":{"line":65,"column":0},"end":{"line":65,"column":102}},"65":{"start":{"line":66,"column":0},"end":{"line":66,"column":161}},"66":{"start":{"line":67,"column":0},"end":{"line":67,"column":76}},"67":{"start":{"line":68,"column":0},"end":{"line":68,"column":62}},"68":{"start":{"line":69,"column":0},"end":{"line":69,"column":86}},"69":{"start":{"line":70,"column":0},"end":{"line":70,"column":5}},"70":{"start":{"line":71,"column":0},"end":{"line":71,"column":20}},"71":{"start":{"line":72,"column":0},"end":{"line":72,"column":36}},"72":{"start":{"line":73,"column":0},"end":{"line":73,"column":36}},"73":{"start":{"line":74,"column":0},"end":{"line":74,"column":35}},"74":{"start":{"line":75,"column":0},"end":{"line":75,"column":31}},"75":{"start":{"line":76,"column":0},"end":{"line":76,"column":31}},"76":{"start":{"line":77,"column":0},"end":{"line":77,"column":22}},"77":{"start":{"line":78,"column":0},"end":{"line":78,"column":22}},"78":{"start":{"line":79,"column":0},"end":{"line":79,"column":16}},"79":{"start":{"line":80,"column":0},"end":{"line":80,"column":3}},"80":{"start":{"line":81,"column":0},"end":{"line":81,"column":5}},"81":{"start":{"line":82,"column":0},"end":{"line":82,"column":16}},"82":{"start":{"line":83,"column":0},"end":{"line":83,"column":109}},"83":{"start":{"line":84,"column":0},"end":{"line":84,"column":161}},"84":{"start":{"line":85,"column":0},"end":{"line":85,"column":76}},"85":{"start":{"line":86,"column":0},"end":{"line":86,"column":62}},"86":{"start":{"line":87,"column":0},"end":{"line":87,"column":86}},"87":{"start":{"line":88,"column":0},"end":{"line":88,"column":5}},"88":{"start":{"line":89,"column":0},"end":{"line":89,"column":21}},"89":{"start":{"line":90,"column":0},"end":{"line":90,"column":37}},"90":{"start":{"line":91,"column":0},"end":{"line":91,"column":37}},"91":{"start":{"line":92,"column":0},"end":{"line":92,"column":35}},"92":{"start":{"line":93,"column":0},"end":{"line":93,"column":31}},"93":{"start":{"line":94,"column":0},"end":{"line":94,"column":31}},"94":{"start":{"line":95,"column":0},"end":{"line":95,"column":22}},"95":{"start":{"line":96,"column":0},"end":{"line":96,"column":22}},"96":{"start":{"line":97,"column":0},"end":{"line":97,"column":16}},"97":{"start":{"line":98,"column":0},"end":{"line":98,"column":3}},"98":{"start":{"line":99,"column":0},"end":{"line":99,"column":5}},"99":{"start":{"line":100,"column":0},"end":{"line":100,"column":19}},"100":{"start":{"line":101,"column":0},"end":{"line":101,"column":109}},"101":{"start":{"line":102,"column":0},"end":{"line":102,"column":161}},"102":{"start":{"line":103,"column":0},"end":{"line":103,"column":76}},"103":{"start":{"line":104,"column":0},"end":{"line":104,"column":62}},"104":{"start":{"line":105,"column":0},"end":{"line":105,"column":86}},"105":{"start":{"line":106,"column":0},"end":{"line":106,"column":5}},"106":{"start":{"line":107,"column":0},"end":{"line":107,"column":21}},"107":{"start":{"line":108,"column":0},"end":{"line":108,"column":37}},"108":{"start":{"line":109,"column":0},"end":{"line":109,"column":37}},"109":{"start":{"line":110,"column":0},"end":{"line":110,"column":35}},"110":{"start":{"line":111,"column":0},"end":{"line":111,"column":31}},"111":{"start":{"line":112,"column":0},"end":{"line":112,"column":31}},"112":{"start":{"line":113,"column":0},"end":{"line":113,"column":22}},"113":{"start":{"line":114,"column":0},"end":{"line":114,"column":22}},"114":{"start":{"line":115,"column":0},"end":{"line":115,"column":16}},"115":{"start":{"line":116,"column":0},"end":{"line":116,"column":3}},"116":{"start":{"line":117,"column":0},"end":{"line":117,"column":5}},"117":{"start":{"line":118,"column":0},"end":{"line":118,"column":13}},"118":{"start":{"line":119,"column":0},"end":{"line":119,"column":161}},"119":{"start":{"line":120,"column":0},"end":{"line":120,"column":76}},"120":{"start":{"line":121,"column":0},"end":{"line":121,"column":62}},"121":{"start":{"line":122,"column":0},"end":{"line":122,"column":86}},"122":{"start":{"line":123,"column":0},"end":{"line":123,"column":5}},"123":{"start":{"line":124,"column":0},"end":{"line":124,"column":21}},"124":{"start":{"line":125,"column":0},"end":{"line":125,"column":39}},"125":{"start":{"line":126,"column":0},"end":{"line":126,"column":39}},"126":{"start":{"line":127,"column":0},"end":{"line":127,"column":35}},"127":{"start":{"line":128,"column":0},"end":{"line":128,"column":31}},"128":{"start":{"line":129,"column":0},"end":{"line":129,"column":31}},"129":{"start":{"line":130,"column":0},"end":{"line":130,"column":22}},"130":{"start":{"line":131,"column":0},"end":{"line":131,"column":22}},"131":{"start":{"line":132,"column":0},"end":{"line":132,"column":16}},"132":{"start":{"line":133,"column":0},"end":{"line":133,"column":3}},"133":{"start":{"line":134,"column":0},"end":{"line":134,"column":5}},"134":{"start":{"line":135,"column":0},"end":{"line":135,"column":13}},"135":{"start":{"line":136,"column":0},"end":{"line":136,"column":84}},"136":{"start":{"line":137,"column":0},"end":{"line":137,"column":161}},"137":{"start":{"line":138,"column":0},"end":{"line":138,"column":76}},"138":{"start":{"line":139,"column":0},"end":{"line":139,"column":62}},"139":{"start":{"line":140,"column":0},"end":{"line":140,"column":86}},"140":{"start":{"line":141,"column":0},"end":{"line":141,"column":5}},"141":{"start":{"line":142,"column":0},"end":{"line":142,"column":22}},"142":{"start":{"line":143,"column":0},"end":{"line":143,"column":38}},"143":{"start":{"line":144,"column":0},"end":{"line":144,"column":38}},"144":{"start":{"line":145,"column":0},"end":{"line":145,"column":35}},"145":{"start":{"line":146,"column":0},"end":{"line":146,"column":31}},"146":{"start":{"line":147,"column":0},"end":{"line":147,"column":31}},"147":{"start":{"line":148,"column":0},"end":{"line":148,"column":22}},"148":{"start":{"line":149,"column":0},"end":{"line":149,"column":22}},"149":{"start":{"line":150,"column":0},"end":{"line":150,"column":16}},"150":{"start":{"line":151,"column":0},"end":{"line":151,"column":3}},"151":{"start":{"line":152,"column":0},"end":{"line":152,"column":5}},"152":{"start":{"line":153,"column":0},"end":{"line":153,"column":22}},"153":{"start":{"line":154,"column":0},"end":{"line":154,"column":161}},"154":{"start":{"line":155,"column":0},"end":{"line":155,"column":76}},"155":{"start":{"line":156,"column":0},"end":{"line":156,"column":62}},"156":{"start":{"line":157,"column":0},"end":{"line":157,"column":5}},"157":{"start":{"line":158,"column":0},"end":{"line":158,"column":17}},"158":{"start":{"line":159,"column":0},"end":{"line":159,"column":28}},"159":{"start":{"line":160,"column":0},"end":{"line":160,"column":28}},"160":{"start":{"line":161,"column":0},"end":{"line":161,"column":35}},"161":{"start":{"line":162,"column":0},"end":{"line":162,"column":31}},"162":{"start":{"line":163,"column":0},"end":{"line":163,"column":31}},"163":{"start":{"line":164,"column":0},"end":{"line":164,"column":22}},"164":{"start":{"line":165,"column":0},"end":{"line":165,"column":22}},"165":{"start":{"line":166,"column":0},"end":{"line":166,"column":16}},"166":{"start":{"line":167,"column":0},"end":{"line":167,"column":3}},"167":{"start":{"line":168,"column":0},"end":{"line":168,"column":0}},"168":{"start":{"line":169,"column":0},"end":{"line":169,"column":30}},"169":{"start":{"line":170,"column":0},"end":{"line":170,"column":5}},"170":{"start":{"line":171,"column":0},"end":{"line":171,"column":56}},"171":{"start":{"line":172,"column":0},"end":{"line":172,"column":161}},"172":{"start":{"line":173,"column":0},"end":{"line":173,"column":76}},"173":{"start":{"line":174,"column":0},"end":{"line":174,"column":62}},"174":{"start":{"line":175,"column":0},"end":{"line":175,"column":86}},"175":{"start":{"line":176,"column":0},"end":{"line":176,"column":5}},"176":{"start":{"line":177,"column":0},"end":{"line":177,"column":33}},"177":{"start":{"line":178,"column":0},"end":{"line":178,"column":57}},"178":{"start":{"line":179,"column":0},"end":{"line":179,"column":18}},"179":{"start":{"line":180,"column":0},"end":{"line":180,"column":43}},"180":{"start":{"line":181,"column":0},"end":{"line":181,"column":39}},"181":{"start":{"line":182,"column":0},"end":{"line":182,"column":24}},"182":{"start":{"line":183,"column":0},"end":{"line":183,"column":57}},"183":{"start":{"line":184,"column":0},"end":{"line":184,"column":18}},"184":{"start":{"line":185,"column":0},"end":{"line":185,"column":43}},"185":{"start":{"line":186,"column":0},"end":{"line":186,"column":39}},"186":{"start":{"line":187,"column":0},"end":{"line":187,"column":24}},"187":{"start":{"line":188,"column":0},"end":{"line":188,"column":8}},"188":{"start":{"line":189,"column":0},"end":{"line":189,"column":46}},"189":{"start":{"line":190,"column":0},"end":{"line":190,"column":43}},"190":{"start":{"line":191,"column":0},"end":{"line":191,"column":7}},"191":{"start":{"line":192,"column":0},"end":{"line":192,"column":37}},"192":{"start":{"line":193,"column":0},"end":{"line":193,"column":33}},"193":{"start":{"line":194,"column":0},"end":{"line":194,"column":33}},"194":{"start":{"line":195,"column":0},"end":{"line":195,"column":24}},"195":{"start":{"line":196,"column":0},"end":{"line":196,"column":24}},"196":{"start":{"line":197,"column":0},"end":{"line":197,"column":18}},"197":{"start":{"line":198,"column":0},"end":{"line":198,"column":5}},"198":{"start":{"line":199,"column":0},"end":{"line":199,"column":17}},"199":{"start":{"line":200,"column":0},"end":{"line":200,"column":124}},"200":{"start":{"line":201,"column":0},"end":{"line":201,"column":6}},"201":{"start":{"line":202,"column":0},"end":{"line":202,"column":16}},"202":{"start":{"line":203,"column":0},"end":{"line":203,"column":3}},"203":{"start":{"line":204,"column":0},"end":{"line":204,"column":5}},"204":{"start":{"line":205,"column":0},"end":{"line":205,"column":81}},"205":{"start":{"line":206,"column":0},"end":{"line":206,"column":161}},"206":{"start":{"line":207,"column":0},"end":{"line":207,"column":76}},"207":{"start":{"line":208,"column":0},"end":{"line":208,"column":62}},"208":{"start":{"line":209,"column":0},"end":{"line":209,"column":5}},"209":{"start":{"line":210,"column":0},"end":{"line":210,"column":26}},"210":{"start":{"line":211,"column":0},"end":{"line":211,"column":57}},"211":{"start":{"line":212,"column":0},"end":{"line":212,"column":57}},"212":{"start":{"line":213,"column":0},"end":{"line":213,"column":48}},"213":{"start":{"line":214,"column":0},"end":{"line":214,"column":50}},"214":{"start":{"line":215,"column":0},"end":{"line":215,"column":40}},"215":{"start":{"line":216,"column":0},"end":{"line":216,"column":37}},"216":{"start":{"line":217,"column":0},"end":{"line":217,"column":45}},"217":{"start":{"line":218,"column":0},"end":{"line":218,"column":40}},"218":{"start":{"line":219,"column":0},"end":{"line":219,"column":37}},"219":{"start":{"line":220,"column":0},"end":{"line":220,"column":45}},"220":{"start":{"line":221,"column":0},"end":{"line":221,"column":39}},"221":{"start":{"line":222,"column":0},"end":{"line":222,"column":35}},"222":{"start":{"line":223,"column":0},"end":{"line":223,"column":35}},"223":{"start":{"line":224,"column":0},"end":{"line":224,"column":26}},"224":{"start":{"line":225,"column":0},"end":{"line":225,"column":26}},"225":{"start":{"line":226,"column":0},"end":{"line":226,"column":20}},"226":{"start":{"line":227,"column":0},"end":{"line":227,"column":47}},"227":{"start":{"line":228,"column":0},"end":{"line":228,"column":52}},"228":{"start":{"line":229,"column":0},"end":{"line":229,"column":40}},"229":{"start":{"line":230,"column":0},"end":{"line":230,"column":37}},"230":{"start":{"line":231,"column":0},"end":{"line":231,"column":26}},"231":{"start":{"line":232,"column":0},"end":{"line":232,"column":65}},"232":{"start":{"line":233,"column":0},"end":{"line":233,"column":39}},"233":{"start":{"line":234,"column":0},"end":{"line":234,"column":35}},"234":{"start":{"line":235,"column":0},"end":{"line":235,"column":35}},"235":{"start":{"line":236,"column":0},"end":{"line":236,"column":26}},"236":{"start":{"line":237,"column":0},"end":{"line":237,"column":26}},"237":{"start":{"line":238,"column":0},"end":{"line":238,"column":20}},"238":{"start":{"line":239,"column":0},"end":{"line":239,"column":14}},"239":{"start":{"line":240,"column":0},"end":{"line":240,"column":68}},"240":{"start":{"line":241,"column":0},"end":{"line":241,"column":71}},"241":{"start":{"line":242,"column":0},"end":{"line":242,"column":39}},"242":{"start":{"line":243,"column":0},"end":{"line":243,"column":35}},"243":{"start":{"line":244,"column":0},"end":{"line":244,"column":35}},"244":{"start":{"line":245,"column":0},"end":{"line":245,"column":26}},"245":{"start":{"line":246,"column":0},"end":{"line":246,"column":26}},"246":{"start":{"line":247,"column":0},"end":{"line":247,"column":20}},"247":{"start":{"line":248,"column":0},"end":{"line":248,"column":7}},"248":{"start":{"line":249,"column":0},"end":{"line":249,"column":12}},"249":{"start":{"line":250,"column":0},"end":{"line":250,"column":44}},"250":{"start":{"line":251,"column":0},"end":{"line":251,"column":50}},"251":{"start":{"line":252,"column":0},"end":{"line":252,"column":42}},"252":{"start":{"line":253,"column":0},"end":{"line":253,"column":54}},"253":{"start":{"line":254,"column":0},"end":{"line":254,"column":67}},"254":{"start":{"line":255,"column":0},"end":{"line":255,"column":42}},"255":{"start":{"line":256,"column":0},"end":{"line":256,"column":27}},"256":{"start":{"line":257,"column":0},"end":{"line":257,"column":40}},"257":{"start":{"line":258,"column":0},"end":{"line":258,"column":41}},"258":{"start":{"line":259,"column":0},"end":{"line":259,"column":37}},"259":{"start":{"line":260,"column":0},"end":{"line":260,"column":37}},"260":{"start":{"line":261,"column":0},"end":{"line":261,"column":28}},"261":{"start":{"line":262,"column":0},"end":{"line":262,"column":28}},"262":{"start":{"line":263,"column":0},"end":{"line":263,"column":22}},"263":{"start":{"line":264,"column":0},"end":{"line":264,"column":16}},"264":{"start":{"line":265,"column":0},"end":{"line":265,"column":73}},"265":{"start":{"line":266,"column":0},"end":{"line":266,"column":70}},"266":{"start":{"line":267,"column":0},"end":{"line":267,"column":41}},"267":{"start":{"line":268,"column":0},"end":{"line":268,"column":37}},"268":{"start":{"line":269,"column":0},"end":{"line":269,"column":37}},"269":{"start":{"line":270,"column":0},"end":{"line":270,"column":28}},"270":{"start":{"line":271,"column":0},"end":{"line":271,"column":28}},"271":{"start":{"line":272,"column":0},"end":{"line":272,"column":22}},"272":{"start":{"line":273,"column":0},"end":{"line":273,"column":9}},"273":{"start":{"line":274,"column":0},"end":{"line":274,"column":14}},"274":{"start":{"line":275,"column":0},"end":{"line":275,"column":21}},"275":{"start":{"line":276,"column":0},"end":{"line":276,"column":123}},"276":{"start":{"line":277,"column":0},"end":{"line":277,"column":10}},"277":{"start":{"line":278,"column":0},"end":{"line":278,"column":20}},"278":{"start":{"line":279,"column":0},"end":{"line":279,"column":7}},"279":{"start":{"line":280,"column":0},"end":{"line":280,"column":5}},"280":{"start":{"line":281,"column":0},"end":{"line":281,"column":3}},"281":{"start":{"line":282,"column":0},"end":{"line":282,"column":0}},"282":{"start":{"line":283,"column":0},"end":{"line":283,"column":5}},"283":{"start":{"line":284,"column":0},"end":{"line":284,"column":27}},"284":{"start":{"line":285,"column":0},"end":{"line":285,"column":130}},"285":{"start":{"line":286,"column":0},"end":{"line":286,"column":62}},"286":{"start":{"line":287,"column":0},"end":{"line":287,"column":38}},"287":{"start":{"line":288,"column":0},"end":{"line":288,"column":5}},"288":{"start":{"line":289,"column":0},"end":{"line":289,"column":23}},"289":{"start":{"line":290,"column":0},"end":{"line":290,"column":32}},"290":{"start":{"line":291,"column":0},"end":{"line":291,"column":35}},"291":{"start":{"line":292,"column":0},"end":{"line":292,"column":12}},"292":{"start":{"line":293,"column":0},"end":{"line":293,"column":29}},"293":{"start":{"line":294,"column":0},"end":{"line":294,"column":5}},"294":{"start":{"line":295,"column":0},"end":{"line":295,"column":16}},"295":{"start":{"line":296,"column":0},"end":{"line":296,"column":3}},"296":{"start":{"line":297,"column":0},"end":{"line":297,"column":0}},"297":{"start":{"line":298,"column":0},"end":{"line":298,"column":5}},"298":{"start":{"line":299,"column":0},"end":{"line":299,"column":44}},"299":{"start":{"line":300,"column":0},"end":{"line":300,"column":76}},"300":{"start":{"line":301,"column":0},"end":{"line":301,"column":156}},"301":{"start":{"line":302,"column":0},"end":{"line":302,"column":171}},"302":{"start":{"line":303,"column":0},"end":{"line":303,"column":62}},"303":{"start":{"line":304,"column":0},"end":{"line":304,"column":38}},"304":{"start":{"line":305,"column":0},"end":{"line":305,"column":5}},"305":{"start":{"line":306,"column":0},"end":{"line":306,"column":24}},"306":{"start":{"line":307,"column":0},"end":{"line":307,"column":40}},"307":{"start":{"line":308,"column":0},"end":{"line":308,"column":29}},"308":{"start":{"line":309,"column":0},"end":{"line":309,"column":15}},"309":{"start":{"line":310,"column":0},"end":{"line":310,"column":29}},"310":{"start":{"line":311,"column":0},"end":{"line":311,"column":15}},"311":{"start":{"line":312,"column":0},"end":{"line":312,"column":25}},"312":{"start":{"line":313,"column":0},"end":{"line":313,"column":75}},"313":{"start":{"line":314,"column":0},"end":{"line":314,"column":49}},"314":{"start":{"line":315,"column":0},"end":{"line":315,"column":12}},"315":{"start":{"line":316,"column":0},"end":{"line":316,"column":75}},"316":{"start":{"line":317,"column":0},"end":{"line":317,"column":49}},"317":{"start":{"line":318,"column":0},"end":{"line":318,"column":5}},"318":{"start":{"line":319,"column":0},"end":{"line":319,"column":35}},"319":{"start":{"line":320,"column":0},"end":{"line":320,"column":31}},"320":{"start":{"line":321,"column":0},"end":{"line":321,"column":31}},"321":{"start":{"line":322,"column":0},"end":{"line":322,"column":22}},"322":{"start":{"line":323,"column":0},"end":{"line":323,"column":22}},"323":{"start":{"line":324,"column":0},"end":{"line":324,"column":16}},"324":{"start":{"line":325,"column":0},"end":{"line":325,"column":3}},"325":{"start":{"line":326,"column":0},"end":{"line":326,"column":0}},"326":{"start":{"line":327,"column":0},"end":{"line":327,"column":5}},"327":{"start":{"line":328,"column":0},"end":{"line":328,"column":126}},"328":{"start":{"line":329,"column":0},"end":{"line":329,"column":5}},"329":{"start":{"line":330,"column":0},"end":{"line":330,"column":14}},"330":{"start":{"line":331,"column":0},"end":{"line":331,"column":48}},"331":{"start":{"line":332,"column":0},"end":{"line":332,"column":51}},"332":{"start":{"line":333,"column":0},"end":{"line":333,"column":49}},"333":{"start":{"line":334,"column":0},"end":{"line":334,"column":23}},"334":{"start":{"line":335,"column":0},"end":{"line":335,"column":69}},"335":{"start":{"line":336,"column":0},"end":{"line":336,"column":70}},"336":{"start":{"line":337,"column":0},"end":{"line":337,"column":11}},"337":{"start":{"line":338,"column":0},"end":{"line":338,"column":3}},"338":{"start":{"line":339,"column":0},"end":{"line":339,"column":1}},"339":{"start":{"line":340,"column":0},"end":{"line":340,"column":0}},"340":{"start":{"line":341,"column":0},"end":{"line":341,"column":3}},"341":{"start":{"line":342,"column":0},"end":{"line":342,"column":85}},"342":{"start":{"line":343,"column":0},"end":{"line":343,"column":65}},"343":{"start":{"line":344,"column":0},"end":{"line":344,"column":53}},"344":{"start":{"line":345,"column":0},"end":{"line":345,"column":3}},"345":{"start":{"line":346,"column":0},"end":{"line":346,"column":38}},"346":{"start":{"line":347,"column":0},"end":{"line":347,"column":71}},"347":{"start":{"line":348,"column":0},"end":{"line":348,"column":1}},"348":{"start":{"line":349,"column":0},"end":{"line":349,"column":0}},"349":{"start":{"line":350,"column":0},"end":{"line":350,"column":3}},"350":{"start":{"line":351,"column":0},"end":{"line":351,"column":95}},"351":{"start":{"line":352,"column":0},"end":{"line":352,"column":44}},"352":{"start":{"line":353,"column":0},"end":{"line":353,"column":65}},"353":{"start":{"line":354,"column":0},"end":{"line":354,"column":64}},"354":{"start":{"line":355,"column":0},"end":{"line":355,"column":3}},"355":{"start":{"line":356,"column":0},"end":{"line":356,"column":43}},"356":{"start":{"line":357,"column":0},"end":{"line":357,"column":49}},"357":{"start":{"line":358,"column":0},"end":{"line":358,"column":19}},"358":{"start":{"line":359,"column":0},"end":{"line":359,"column":50}},"359":{"start":{"line":360,"column":0},"end":{"line":360,"column":67}},"360":{"start":{"line":361,"column":0},"end":{"line":361,"column":38}},"361":{"start":{"line":362,"column":0},"end":{"line":362,"column":25}},"362":{"start":{"line":363,"column":0},"end":{"line":363,"column":6}},"363":{"start":{"line":364,"column":0},"end":{"line":364,"column":25}},"364":{"start":{"line":365,"column":0},"end":{"line":365,"column":3}},"365":{"start":{"line":366,"column":0},"end":{"line":366,"column":20}},"366":{"start":{"line":367,"column":0},"end":{"line":367,"column":1}},"367":{"start":{"line":368,"column":0},"end":{"line":368,"column":0}},"368":{"start":{"line":369,"column":0},"end":{"line":369,"column":3}},"369":{"start":{"line":370,"column":0},"end":{"line":370,"column":32}},"370":{"start":{"line":371,"column":0},"end":{"line":371,"column":66}},"371":{"start":{"line":372,"column":0},"end":{"line":372,"column":68}},"372":{"start":{"line":373,"column":0},"end":{"line":373,"column":3}},"373":{"start":{"line":374,"column":0},"end":{"line":374,"column":45}},"374":{"start":{"line":375,"column":0},"end":{"line":375,"column":39}},"375":{"start":{"line":376,"column":0},"end":{"line":376,"column":25}},"376":{"start":{"line":377,"column":0},"end":{"line":377,"column":36}},"377":{"start":{"line":378,"column":0},"end":{"line":378,"column":29}},"378":{"start":{"line":379,"column":0},"end":{"line":379,"column":1}}},"s":{"0":1,"1":1,"2":1,"3":1,"4":1,"5":1,"6":1,"7":1,"8":1,"9":1,"10":1,"11":1,"12":1,"13":1,"14":1,"15":1,"16":1,"17":1,"18":1,"19":1,"20":1,"21":1,"22":1,"23":1,"24":1,"25":1,"26":8,"27":8,"28":8,"29":8,"30":8,"31":8,"32":8,"33":8,"34":8,"35":8,"36":8,"37":8,"38":8,"39":8,"40":8,"41":8,"42":8,"43":8,"44":8,"45":8,"46":8,"47":7,"48":7,"49":8,"50":8,"51":8,"52":8,"53":8,"54":8,"55":8,"56":8,"57":8,"58":8,"59":8,"60":8,"61":8,"62":8,"63":8,"64":8,"65":8,"66":8,"67":8,"68":8,"69":8,"70":8,"71":1,"72":1,"73":1,"74":1,"75":1,"76":1,"77":1,"78":1,"79":1,"80":8,"81":8,"82":8,"83":8,"84":8,"85":8,"86":8,"87":8,"88":8,"89":1,"90":1,"91":1,"92":1,"93":1,"94":1,"95":1,"96":1,"97":1,"98":8,"99":8,"100":8,"101":8,"102":8,"103":8,"104":8,"105":8,"106":8,"107":1,"108":1,"109":1,"110":1,"111":1,"112":1,"113":1,"114":1,"115":1,"116":8,"117":8,"118":8,"119":8,"120":8,"121":8,"122":8,"123":8,"124":1,"125":1,"126":1,"127":1,"128":1,"129":1,"130":1,"131":1,"132":1,"133":8,"134":8,"135":8,"136":8,"137":8,"138":8,"139":8,"140":8,"141":8,"142":1,"143":1,"144":1,"145":1,"146":1,"147":1,"148":1,"149":1,"150":1,"151":8,"152":8,"153":8,"154":8,"155":8,"156":8,"157":8,"158":1,"159":1,"160":1,"161":1,"162":1,"163":1,"164":1,"165":1,"166":1,"167":8,"168":8,"169":8,"170":8,"171":8,"172":8,"173":8,"174":8,"175":8,"176":8,"177":2,"178":2,"179":2,"180":2,"181":2,"182":2,"183":2,"184":2,"185":2,"186":2,"187":2,"188":2,"189":1,"190":2,"191":1,"192":1,"193":1,"194":1,"195":1,"196":1,"197":1,"198":1,"199":1,"200":1,"201":1,"202":2,"203":8,"204":8,"205":8,"206":8,"207":8,"208":8,"209":8,"210":6,"211":6,"212":6,"213":3,"214":1,"215":1,"216":1,"217":1,"218":1,"219":1,"220":1,"221":1,"222":1,"223":1,"224":1,"225":1,"226":3,"227":1,"228":1,"229":1,"230":1,"231":1,"232":1,"233":1,"234":1,"235":1,"236":1,"237":1,"238":1,"239":1,"240":1,"241":1,"242":1,"243":1,"244":1,"245":1,"246":1,"247":1,"248":3,"249":3,"250":3,"251":2,"252":1,"253":1,"254":1,"255":1,"256":1,"257":1,"258":1,"259":1,"260":1,"261":1,"262":1,"263":1,"264":1,"265":1,"266":1,"267":1,"268":1,"269":1,"270":1,"271":1,"272":1,"273":3,"274":1,"275":1,"276":1,"277":1,"278":1,"279":3,"280":6,"281":8,"282":8,"283":8,"284":8,"285":8,"286":8,"287":8,"288":8,"289":3,"290":1,"291":3,"292":2,"293":2,"294":3,"295":3,"296":8,"297":8,"298":8,"299":8,"300":8,"301":8,"302":8,"303":8,"304":8,"305":8,"306":2,"307":2,"308":2,"309":2,"310":2,"311":2,"312":1,"313":1,"314":1,"315":1,"316":1,"317":1,"318":2,"319":2,"320":2,"321":2,"322":2,"323":2,"324":2,"325":8,"326":8,"327":8,"328":8,"329":8,"330":17,"331":17,"332":37,"333":37,"334":37,"335":37,"336":17,"337":17,"338":8,"339":1,"340":1,"341":1,"342":1,"343":1,"344":1,"345":16,"346":16,"347":16,"348":1,"349":1,"350":1,"351":1,"352":1,"353":1,"354":1,"355":16,"356":16,"357":16,"358":8,"359":8,"360":8,"361":8,"362":8,"363":8,"364":8,"365":8,"366":8,"367":1,"368":1,"369":1,"370":1,"371":1,"372":1,"373":14,"374":14,"375":14,"376":2,"377":2,"378":2},"branchMap":{"0":{"type":"branch","line":26,"loc":{"start":{"line":26,"column":7},"end":{"line":339,"column":1}},"locations":[{"start":{"line":26,"column":7},"end":{"line":339,"column":1}}]},"1":{"type":"branch","line":43,"loc":{"start":{"line":43,"column":2},"end":{"line":61,"column":3}},"locations":[{"start":{"line":43,"column":2},"end":{"line":61,"column":3}}]},"2":{"type":"branch","line":45,"loc":{"start":{"line":45,"column":31},"end":{"line":45,"column":55}},"locations":[{"start":{"line":45,"column":31},"end":{"line":45,"column":55}}]},"3":{"type":"branch","line":45,"loc":{"start":{"line":45,"column":56},"end":{"line":45,"column":77}},"locations":[{"start":{"line":45,"column":56},"end":{"line":45,"column":77}}]},"4":{"type":"branch","line":47,"loc":{"start":{"line":47,"column":38},"end":{"line":49,"column":5}},"locations":[{"start":{"line":47,"column":38},"end":{"line":49,"column":5}}]},"5":{"type":"branch","line":48,"loc":{"start":{"line":48,"column":31},"end":{"line":48,"column":55}},"locations":[{"start":{"line":48,"column":31},"end":{"line":48,"column":55}}]},"6":{"type":"branch","line":48,"loc":{"start":{"line":48,"column":56},"end":{"line":48,"column":77}},"locations":[{"start":{"line":48,"column":56},"end":{"line":48,"column":77}}]},"7":{"type":"branch","line":50,"loc":{"start":{"line":50,"column":27},"end":{"line":50,"column":36}},"locations":[{"start":{"line":50,"column":27},"end":{"line":50,"column":36}}]},"8":{"type":"branch","line":50,"loc":{"start":{"line":50,"column":37},"end":{"line":50,"column":45}},"locations":[{"start":{"line":50,"column":37},"end":{"line":50,"column":45}}]},"9":{"type":"branch","line":71,"loc":{"start":{"line":71,"column":2},"end":{"line":80,"column":3}},"locations":[{"start":{"line":71,"column":2},"end":{"line":80,"column":3}}]},"10":{"type":"branch","line":89,"loc":{"start":{"line":89,"column":2},"end":{"line":98,"column":3}},"locations":[{"start":{"line":89,"column":2},"end":{"line":98,"column":3}}]},"11":{"type":"branch","line":107,"loc":{"start":{"line":107,"column":2},"end":{"line":116,"column":3}},"locations":[{"start":{"line":107,"column":2},"end":{"line":116,"column":3}}]},"12":{"type":"branch","line":124,"loc":{"start":{"line":124,"column":2},"end":{"line":133,"column":3}},"locations":[{"start":{"line":124,"column":2},"end":{"line":133,"column":3}}]},"13":{"type":"branch","line":142,"loc":{"start":{"line":142,"column":2},"end":{"line":151,"column":3}},"locations":[{"start":{"line":142,"column":2},"end":{"line":151,"column":3}}]},"14":{"type":"branch","line":158,"loc":{"start":{"line":158,"column":2},"end":{"line":167,"column":3}},"locations":[{"start":{"line":158,"column":2},"end":{"line":167,"column":3}}]},"15":{"type":"branch","line":177,"loc":{"start":{"line":177,"column":2},"end":{"line":203,"column":3}},"locations":[{"start":{"line":177,"column":2},"end":{"line":203,"column":3}}]},"16":{"type":"branch","line":181,"loc":{"start":{"line":181,"column":8},"end":{"line":181,"column":39}},"locations":[{"start":{"line":181,"column":8},"end":{"line":181,"column":39}}]},"17":{"type":"branch","line":182,"loc":{"start":{"line":182,"column":8},"end":{"line":182,"column":23}},"locations":[{"start":{"line":182,"column":8},"end":{"line":182,"column":23}}]},"18":{"type":"branch","line":186,"loc":{"start":{"line":186,"column":8},"end":{"line":186,"column":39}},"locations":[{"start":{"line":186,"column":8},"end":{"line":186,"column":39}}]},"19":{"type":"branch","line":187,"loc":{"start":{"line":187,"column":8},"end":{"line":187,"column":23}},"locations":[{"start":{"line":187,"column":8},"end":{"line":187,"column":23}}]},"20":{"type":"branch","line":189,"loc":{"start":{"line":189,"column":44},"end":{"line":190,"column":43}},"locations":[{"start":{"line":189,"column":44},"end":{"line":190,"column":43}}]},"21":{"type":"branch","line":191,"loc":{"start":{"line":191,"column":6},"end":{"line":203,"column":2}},"locations":[{"start":{"line":191,"column":6},"end":{"line":203,"column":2}}]},"22":{"type":"branch","line":210,"loc":{"start":{"line":210,"column":2},"end":{"line":281,"column":3}},"locations":[{"start":{"line":210,"column":2},"end":{"line":281,"column":3}}]},"23":{"type":"branch","line":213,"loc":{"start":{"line":213,"column":47},"end":{"line":280,"column":5}},"locations":[{"start":{"line":213,"column":47},"end":{"line":280,"column":5}}]},"24":{"type":"branch","line":214,"loc":{"start":{"line":214,"column":49},"end":{"line":227,"column":7}},"locations":[{"start":{"line":214,"column":49},"end":{"line":227,"column":7}}]},"25":{"type":"branch","line":227,"loc":{"start":{"line":227,"column":7},"end":{"line":248,"column":7}},"locations":[{"start":{"line":227,"column":7},"end":{"line":248,"column":7}}]},"26":{"type":"branch","line":227,"loc":{"start":{"line":227,"column":46},"end":{"line":248,"column":7}},"locations":[{"start":{"line":227,"column":46},"end":{"line":248,"column":7}}]},"27":{"type":"branch","line":251,"loc":{"start":{"line":251,"column":49},"end":{"line":274,"column":7}},"locations":[{"start":{"line":251,"column":49},"end":{"line":274,"column":7}}]},"28":{"type":"branch","line":252,"loc":{"start":{"line":252,"column":41},"end":{"line":273,"column":9}},"locations":[{"start":{"line":252,"column":41},"end":{"line":273,"column":9}}]},"29":{"type":"branch","line":274,"loc":{"start":{"line":274,"column":7},"end":{"line":279,"column":7}},"locations":[{"start":{"line":274,"column":7},"end":{"line":279,"column":7}}]},"30":{"type":"branch","line":289,"loc":{"start":{"line":289,"column":2},"end":{"line":296,"column":3}},"locations":[{"start":{"line":289,"column":2},"end":{"line":296,"column":3}}]},"31":{"type":"branch","line":290,"loc":{"start":{"line":290,"column":31},"end":{"line":292,"column":5}},"locations":[{"start":{"line":290,"column":31},"end":{"line":292,"column":5}}]},"32":{"type":"branch","line":292,"loc":{"start":{"line":292,"column":5},"end":{"line":294,"column":5}},"locations":[{"start":{"line":292,"column":5},"end":{"line":294,"column":5}}]},"33":{"type":"branch","line":306,"loc":{"start":{"line":306,"column":2},"end":{"line":325,"column":3}},"locations":[{"start":{"line":306,"column":2},"end":{"line":325,"column":3}}]},"34":{"type":"branch","line":307,"loc":{"start":{"line":307,"column":24},"end":{"line":307,"column":30}},"locations":[{"start":{"line":307,"column":24},"end":{"line":307,"column":30}}]},"35":{"type":"branch","line":307,"loc":{"start":{"line":307,"column":31},"end":{"line":307,"column":39}},"locations":[{"start":{"line":307,"column":31},"end":{"line":307,"column":39}}]},"36":{"type":"branch","line":312,"loc":{"start":{"line":312,"column":24},"end":{"line":318,"column":5}},"locations":[{"start":{"line":312,"column":24},"end":{"line":318,"column":5}}]},"37":{"type":"branch","line":313,"loc":{"start":{"line":313,"column":55},"end":{"line":313,"column":72}},"locations":[{"start":{"line":313,"column":55},"end":{"line":313,"column":72}}]},"38":{"type":"branch","line":316,"loc":{"start":{"line":316,"column":55},"end":{"line":316,"column":72}},"locations":[{"start":{"line":316,"column":55},"end":{"line":316,"column":72}}]},"39":{"type":"branch","line":330,"loc":{"start":{"line":330,"column":2},"end":{"line":338,"column":3}},"locations":[{"start":{"line":330,"column":2},"end":{"line":338,"column":3}}]},"40":{"type":"branch","line":331,"loc":{"start":{"line":331,"column":31},"end":{"line":331,"column":39}},"locations":[{"start":{"line":331,"column":31},"end":{"line":331,"column":39}}]},"41":{"type":"branch","line":331,"loc":{"start":{"line":331,"column":40},"end":{"line":331,"column":47}},"locations":[{"start":{"line":331,"column":40},"end":{"line":331,"column":47}}]},"42":{"type":"branch","line":332,"loc":{"start":{"line":332,"column":32},"end":{"line":337,"column":5}},"locations":[{"start":{"line":332,"column":32},"end":{"line":337,"column":5}}]},"43":{"type":"branch","line":333,"loc":{"start":{"line":333,"column":30},"end":{"line":333,"column":34}},"locations":[{"start":{"line":333,"column":30},"end":{"line":333,"column":34}}]},"44":{"type":"branch","line":333,"loc":{"start":{"line":333,"column":35},"end":{"line":333,"column":48}},"locations":[{"start":{"line":333,"column":35},"end":{"line":333,"column":48}}]},"45":{"type":"branch","line":335,"loc":{"start":{"line":335,"column":32},"end":{"line":335,"column":60}},"locations":[{"start":{"line":335,"column":32},"end":{"line":335,"column":60}}]},"46":{"type":"branch","line":335,"loc":{"start":{"line":335,"column":48},"end":{"line":335,"column":54}},"locations":[{"start":{"line":335,"column":48},"end":{"line":335,"column":54}}]},"47":{"type":"branch","line":335,"loc":{"start":{"line":335,"column":55},"end":{"line":335,"column":59}},"locations":[{"start":{"line":335,"column":55},"end":{"line":335,"column":59}}]},"48":{"type":"branch","line":335,"loc":{"start":{"line":335,"column":61},"end":{"line":335,"column":68}},"locations":[{"start":{"line":335,"column":61},"end":{"line":335,"column":68}}]},"49":{"type":"branch","line":346,"loc":{"start":{"line":346,"column":0},"end":{"line":348,"column":1}},"locations":[{"start":{"line":346,"column":0},"end":{"line":348,"column":1}}]},"50":{"type":"branch","line":347,"loc":{"start":{"line":347,"column":31},"end":{"line":347,"column":69}},"locations":[{"start":{"line":347,"column":31},"end":{"line":347,"column":69}}]},"51":{"type":"branch","line":356,"loc":{"start":{"line":356,"column":0},"end":{"line":367,"column":1}},"locations":[{"start":{"line":356,"column":0},"end":{"line":367,"column":1}}]},"52":{"type":"branch","line":358,"loc":{"start":{"line":358,"column":18},"end":{"line":367,"column":1}},"locations":[{"start":{"line":358,"column":18},"end":{"line":367,"column":1}}]},"53":{"type":"branch","line":361,"loc":{"start":{"line":361,"column":6},"end":{"line":361,"column":37}},"locations":[{"start":{"line":361,"column":6},"end":{"line":361,"column":37}}]},"54":{"type":"branch","line":374,"loc":{"start":{"line":374,"column":0},"end":{"line":379,"column":1}},"locations":[{"start":{"line":374,"column":0},"end":{"line":379,"column":1}}]},"55":{"type":"branch","line":375,"loc":{"start":{"line":375,"column":27},"end":{"line":375,"column":38}},"locations":[{"start":{"line":375,"column":27},"end":{"line":375,"column":38}}]},"56":{"type":"branch","line":376,"loc":{"start":{"line":376,"column":18},"end":{"line":376,"column":25}},"locations":[{"start":{"line":376,"column":18},"end":{"line":376,"column":25}}]},"57":{"type":"branch","line":377,"loc":{"start":{"line":377,"column":-1},"end":{"line":379,"column":1}},"locations":[{"start":{"line":377,"column":-1},"end":{"line":379,"column":1}}]}},"b":{"0":[8],"1":[8],"2":[2],"3":[6],"4":[7],"5":[1],"6":[6],"7":[1],"8":[7],"9":[1],"10":[1],"11":[1],"12":[1],"13":[1],"14":[1],"15":[2],"16":[1],"17":[1],"18":[1],"19":[1],"20":[1],"21":[1],"22":[6],"23":[3],"24":[1],"25":[2],"26":[1],"27":[2],"28":[1],"29":[1],"30":[3],"31":[1],"32":[2],"33":[2],"34":[1],"35":[1],"36":[1],"37":[2],"38":[2],"39":[17],"40":[5],"41":[12],"42":[37],"43":[17],"44":[20],"45":[2],"46":[1],"47":[1],"48":[35],"49":[16],"50":[20],"51":[16],"52":[8],"53":[9],"54":[14],"55":[2],"56":[12],"57":[2]},"fnMap":{"0":{"name":"<instance_members_initializer>","decl":{"start":{"line":26,"column":7},"end":{"line":339,"column":1}},"loc":{"start":{"line":26,"column":7},"end":{"line":339,"column":1}},"line":26},"1":{"name":"EquationWorking","decl":{"start":{"line":43,"column":2},"end":{"line":61,"column":3}},"loc":{"start":{"line":43,"column":2},"end":{"line":61,"column":3}},"line":43},"2":{"name":"plus","decl":{"start":{"line":71,"column":2},"end":{"line":80,"column":3}},"loc":{"start":{"line":71,"column":2},"end":{"line":80,"column":3}},"line":71},"3":{"name":"minus","decl":{"start":{"line":89,"column":2},"end":{"line":98,"column":3}},"loc":{"start":{"line":89,"column":2},"end":{"line":98,"column":3}},"line":89},"4":{"name":"times","decl":{"start":{"line":107,"column":2},"end":{"line":116,"column":3}},"loc":{"start":{"line":107,"column":2},"end":{"line":116,"column":3}},"line":107},"5":{"name":"negative","decl":{"start":{"line":124,"column":2},"end":{"line":133,"column":3}},"loc":{"start":{"line":124,"column":2},"end":{"line":133,"column":3}},"line":124},"6":{"name":"divide","decl":{"start":{"line":142,"column":2},"end":{"line":151,"column":3}},"loc":{"start":{"line":142,"column":2},"end":{"line":151,"column":3}},"line":142},"7":{"name":"swap","decl":{"start":{"line":158,"column":2},"end":{"line":167,"column":3}},"loc":{"start":{"line":158,"column":2},"end":{"line":167,"column":3}},"line":158},"8":{"name":"combineRationalTerms","decl":{"start":{"line":177,"column":2},"end":{"line":203,"column":3}},"loc":{"start":{"line":177,"column":2},"end":{"line":203,"column":3}},"line":177},"9":{"name":"crossMultiply","decl":{"start":{"line":210,"column":2},"end":{"line":281,"column":3}},"loc":{"start":{"line":210,"column":2},"end":{"line":281,"column":3}},"line":210},"10":{"name":"setAligned","decl":{"start":{"line":289,"column":2},"end":{"line":296,"column":3}},"loc":{"start":{"line":289,"column":2},"end":{"line":296,"column":3}},"line":289},"11":{"name":"moveTerm","decl":{"start":{"line":306,"column":2},"end":{"line":325,"column":3}},"loc":{"start":{"line":306,"column":2},"end":{"line":325,"column":3}},"line":306},"12":{"name":"toString","decl":{"start":{"line":330,"column":2},"end":{"line":338,"column":3}},"loc":{"start":{"line":330,"column":2},"end":{"line":338,"column":3}},"line":330},"13":{"name":"hasRationalTerm","decl":{"start":{"line":346,"column":0},"end":{"line":348,"column":1}},"loc":{"start":{"line":346,"column":0},"end":{"line":348,"column":1}},"line":346},"14":{"name":"simplifyRationalTerm","decl":{"start":{"line":356,"column":0},"end":{"line":367,"column":1}},"loc":{"start":{"line":356,"column":0},"end":{"line":367,"column":1}},"line":356},"15":{"name":"insertIntertext","decl":{"start":{"line":374,"column":0},"end":{"line":379,"column":1}},"loc":{"start":{"line":374,"column":0},"end":{"line":379,"column":1}},"line":374}},"f":{"0":8,"1":8,"2":1,"3":1,"4":1,"5":1,"6":1,"7":1,"8":2,"9":6,"10":3,"11":2,"12":17,"13":16,"14":16,"15":14}}
,"/home/kelvinsoh/Desktop/math/mathlify/packages/mathlify/src/algebra/equation/sle/system-of-linear-equations.js": {"path":"/home/kelvinsoh/Desktop/math/mathlify/packages/mathlify/src/algebra/equation/sle/system-of-linear-equations.js","all":false,"statementMap":{"0":{"start":{"line":1,"column":0},"end":{"line":1,"column":56}},"1":{"start":{"line":2,"column":0},"end":{"line":2,"column":32}},"2":{"start":{"line":3,"column":0},"end":{"line":3,"column":47}},"3":{"start":{"line":4,"column":0},"end":{"line":4,"column":67}},"4":{"start":{"line":5,"column":0},"end":{"line":5,"column":0}},"5":{"start":{"line":6,"column":0},"end":{"line":6,"column":68}},"6":{"start":{"line":7,"column":0},"end":{"line":7,"column":8}},"7":{"start":{"line":8,"column":0},"end":{"line":8,"column":14}},"8":{"start":{"line":9,"column":0},"end":{"line":9,"column":23}},"9":{"start":{"line":10,"column":0},"end":{"line":10,"column":43}},"10":{"start":{"line":11,"column":0},"end":{"line":11,"column":64}},"11":{"start":{"line":12,"column":0},"end":{"line":12,"column":0}},"12":{"start":{"line":13,"column":0},"end":{"line":13,"column":3}},"13":{"start":{"line":14,"column":0},"end":{"line":14,"column":54}},"14":{"start":{"line":15,"column":0},"end":{"line":15,"column":67}},"15":{"start":{"line":16,"column":0},"end":{"line":16,"column":9}},"16":{"start":{"line":17,"column":0},"end":{"line":17,"column":55}},"17":{"start":{"line":18,"column":0},"end":{"line":18,"column":68}},"18":{"start":{"line":19,"column":0},"end":{"line":19,"column":49}},"19":{"start":{"line":20,"column":0},"end":{"line":20,"column":131}},"20":{"start":{"line":21,"column":0},"end":{"line":21,"column":106}},"21":{"start":{"line":22,"column":0},"end":{"line":22,"column":3}},"22":{"start":{"line":23,"column":0},"end":{"line":23,"column":18}},"23":{"start":{"line":24,"column":0},"end":{"line":24,"column":29}},"24":{"start":{"line":25,"column":0},"end":{"line":25,"column":9}},"25":{"start":{"line":26,"column":0},"end":{"line":26,"column":27}},"26":{"start":{"line":27,"column":0},"end":{"line":27,"column":9}},"27":{"start":{"line":28,"column":0},"end":{"line":28,"column":40}},"28":{"start":{"line":29,"column":0},"end":{"line":29,"column":12}},"29":{"start":{"line":30,"column":0},"end":{"line":30,"column":23}},"30":{"start":{"line":31,"column":0},"end":{"line":31,"column":13}},"31":{"start":{"line":32,"column":0},"end":{"line":32,"column":5}},"32":{"start":{"line":33,"column":0},"end":{"line":33,"column":16}},"33":{"start":{"line":34,"column":0},"end":{"line":34,"column":91}},"34":{"start":{"line":35,"column":0},"end":{"line":35,"column":78}},"35":{"start":{"line":36,"column":0},"end":{"line":36,"column":172}},"36":{"start":{"line":37,"column":0},"end":{"line":37,"column":5}},"37":{"start":{"line":38,"column":0},"end":{"line":38,"column":40}},"38":{"start":{"line":39,"column":0},"end":{"line":39,"column":47}},"39":{"start":{"line":40,"column":0},"end":{"line":40,"column":47}},"40":{"start":{"line":41,"column":0},"end":{"line":41,"column":47}},"41":{"start":{"line":42,"column":0},"end":{"line":42,"column":47}},"42":{"start":{"line":43,"column":0},"end":{"line":43,"column":35}},"43":{"start":{"line":44,"column":0},"end":{"line":44,"column":75}},"44":{"start":{"line":45,"column":0},"end":{"line":45,"column":57}},"45":{"start":{"line":46,"column":0},"end":{"line":46,"column":53}},"46":{"start":{"line":47,"column":0},"end":{"line":47,"column":31}},"47":{"start":{"line":48,"column":0},"end":{"line":48,"column":49}},"48":{"start":{"line":49,"column":0},"end":{"line":49,"column":3}},"49":{"start":{"line":50,"column":0},"end":{"line":50,"column":0}},"50":{"start":{"line":51,"column":0},"end":{"line":51,"column":5}},"51":{"start":{"line":52,"column":0},"end":{"line":52,"column":112}},"52":{"start":{"line":53,"column":0},"end":{"line":53,"column":5}},"53":{"start":{"line":54,"column":0},"end":{"line":54,"column":14}},"54":{"start":{"line":55,"column":0},"end":{"line":55,"column":39}},"55":{"start":{"line":56,"column":0},"end":{"line":56,"column":22}},"56":{"start":{"line":57,"column":0},"end":{"line":57,"column":51}},"57":{"start":{"line":58,"column":0},"end":{"line":58,"column":47}},"58":{"start":{"line":59,"column":0},"end":{"line":59,"column":42}},"59":{"start":{"line":60,"column":0},"end":{"line":60,"column":21}},"60":{"start":{"line":61,"column":0},"end":{"line":61,"column":20}},"61":{"start":{"line":62,"column":0},"end":{"line":62,"column":29}},"62":{"start":{"line":63,"column":0},"end":{"line":63,"column":21}},"63":{"start":{"line":64,"column":0},"end":{"line":64,"column":16}},"64":{"start":{"line":65,"column":0},"end":{"line":65,"column":28}},"65":{"start":{"line":66,"column":0},"end":{"line":66,"column":70}},"66":{"start":{"line":67,"column":0},"end":{"line":67,"column":68}},"67":{"start":{"line":68,"column":0},"end":{"line":68,"column":9}},"68":{"start":{"line":69,"column":0},"end":{"line":69,"column":42}},"69":{"start":{"line":70,"column":0},"end":{"line":70,"column":62}},"70":{"start":{"line":71,"column":0},"end":{"line":71,"column":7}},"71":{"start":{"line":72,"column":0},"end":{"line":72,"column":20}},"72":{"start":{"line":73,"column":0},"end":{"line":73,"column":5}},"73":{"start":{"line":74,"column":0},"end":{"line":74,"column":62}},"74":{"start":{"line":75,"column":0},"end":{"line":75,"column":60}},"75":{"start":{"line":76,"column":0},"end":{"line":76,"column":42}},"76":{"start":{"line":77,"column":0},"end":{"line":77,"column":55}},"77":{"start":{"line":78,"column":0},"end":{"line":78,"column":6}},"78":{"start":{"line":79,"column":0},"end":{"line":79,"column":60}},"79":{"start":{"line":80,"column":0},"end":{"line":80,"column":42}},"80":{"start":{"line":81,"column":0},"end":{"line":81,"column":47}},"81":{"start":{"line":82,"column":0},"end":{"line":82,"column":64}},"82":{"start":{"line":83,"column":0},"end":{"line":83,"column":11}},"83":{"start":{"line":84,"column":0},"end":{"line":84,"column":3}},"84":{"start":{"line":85,"column":0},"end":{"line":85,"column":0}},"85":{"start":{"line":86,"column":0},"end":{"line":86,"column":5}},"86":{"start":{"line":87,"column":0},"end":{"line":87,"column":83}},"87":{"start":{"line":88,"column":0},"end":{"line":88,"column":102}},"88":{"start":{"line":89,"column":0},"end":{"line":89,"column":5}},"89":{"start":{"line":90,"column":0},"end":{"line":90,"column":11}},"90":{"start":{"line":91,"column":0},"end":{"line":91,"column":35}},"91":{"start":{"line":92,"column":0},"end":{"line":92,"column":33}},"92":{"start":{"line":93,"column":0},"end":{"line":93,"column":47}},"93":{"start":{"line":94,"column":0},"end":{"line":94,"column":23}},"94":{"start":{"line":95,"column":0},"end":{"line":95,"column":47}},"95":{"start":{"line":96,"column":0},"end":{"line":96,"column":22}},"96":{"start":{"line":97,"column":0},"end":{"line":97,"column":8}},"97":{"start":{"line":98,"column":0},"end":{"line":98,"column":76}},"98":{"start":{"line":99,"column":0},"end":{"line":99,"column":42}},"99":{"start":{"line":100,"column":0},"end":{"line":100,"column":36}},"100":{"start":{"line":101,"column":0},"end":{"line":101,"column":66}},"101":{"start":{"line":102,"column":0},"end":{"line":102,"column":23}},"102":{"start":{"line":103,"column":0},"end":{"line":103,"column":66}},"103":{"start":{"line":104,"column":0},"end":{"line":104,"column":23}},"104":{"start":{"line":105,"column":0},"end":{"line":105,"column":66}},"105":{"start":{"line":106,"column":0},"end":{"line":106,"column":22}},"106":{"start":{"line":107,"column":0},"end":{"line":107,"column":8}},"107":{"start":{"line":108,"column":0},"end":{"line":108,"column":14}},"108":{"start":{"line":109,"column":0},"end":{"line":109,"column":38}},"109":{"start":{"line":110,"column":0},"end":{"line":110,"column":38}},"110":{"start":{"line":111,"column":0},"end":{"line":111,"column":38}},"111":{"start":{"line":112,"column":0},"end":{"line":112,"column":8}},"112":{"start":{"line":113,"column":0},"end":{"line":113,"column":42}},"113":{"start":{"line":114,"column":0},"end":{"line":114,"column":39}},"114":{"start":{"line":115,"column":0},"end":{"line":115,"column":9}},"115":{"start":{"line":116,"column":0},"end":{"line":116,"column":28}},"116":{"start":{"line":117,"column":0},"end":{"line":117,"column":28}},"117":{"start":{"line":118,"column":0},"end":{"line":118,"column":28}},"118":{"start":{"line":119,"column":0},"end":{"line":119,"column":28}},"119":{"start":{"line":120,"column":0},"end":{"line":120,"column":10}},"120":{"start":{"line":121,"column":0},"end":{"line":121,"column":23}},"121":{"start":{"line":122,"column":0},"end":{"line":122,"column":9}},"122":{"start":{"line":123,"column":0},"end":{"line":123,"column":28}},"123":{"start":{"line":124,"column":0},"end":{"line":124,"column":28}},"124":{"start":{"line":125,"column":0},"end":{"line":125,"column":28}},"125":{"start":{"line":126,"column":0},"end":{"line":126,"column":28}},"126":{"start":{"line":127,"column":0},"end":{"line":127,"column":10}},"127":{"start":{"line":128,"column":0},"end":{"line":128,"column":23}},"128":{"start":{"line":129,"column":0},"end":{"line":129,"column":9}},"129":{"start":{"line":130,"column":0},"end":{"line":130,"column":28}},"130":{"start":{"line":131,"column":0},"end":{"line":131,"column":28}},"131":{"start":{"line":132,"column":0},"end":{"line":132,"column":28}},"132":{"start":{"line":133,"column":0},"end":{"line":133,"column":28}},"133":{"start":{"line":134,"column":0},"end":{"line":134,"column":10}},"134":{"start":{"line":135,"column":0},"end":{"line":135,"column":23}},"135":{"start":{"line":136,"column":0},"end":{"line":136,"column":9}},"136":{"start":{"line":137,"column":0},"end":{"line":137,"column":28}},"137":{"start":{"line":138,"column":0},"end":{"line":138,"column":28}},"138":{"start":{"line":139,"column":0},"end":{"line":139,"column":28}},"139":{"start":{"line":140,"column":0},"end":{"line":140,"column":28}},"140":{"start":{"line":141,"column":0},"end":{"line":141,"column":10}},"141":{"start":{"line":142,"column":0},"end":{"line":142,"column":22}},"142":{"start":{"line":143,"column":0},"end":{"line":143,"column":8}},"143":{"start":{"line":144,"column":0},"end":{"line":144,"column":14}},"144":{"start":{"line":145,"column":0},"end":{"line":145,"column":38}},"145":{"start":{"line":146,"column":0},"end":{"line":146,"column":38}},"146":{"start":{"line":147,"column":0},"end":{"line":147,"column":38}},"147":{"start":{"line":148,"column":0},"end":{"line":148,"column":38}},"148":{"start":{"line":149,"column":0},"end":{"line":149,"column":8}},"149":{"start":{"line":150,"column":0},"end":{"line":150,"column":5}},"150":{"start":{"line":151,"column":0},"end":{"line":151,"column":20}},"151":{"start":{"line":152,"column":0},"end":{"line":152,"column":126}},"152":{"start":{"line":153,"column":0},"end":{"line":153,"column":6}},"153":{"start":{"line":154,"column":0},"end":{"line":154,"column":3}},"154":{"start":{"line":155,"column":0},"end":{"line":155,"column":1}},"155":{"start":{"line":156,"column":0},"end":{"line":156,"column":0}},"156":{"start":{"line":157,"column":0},"end":{"line":157,"column":3}},"157":{"start":{"line":158,"column":0},"end":{"line":158,"column":54}},"158":{"start":{"line":159,"column":0},"end":{"line":159,"column":67}},"159":{"start":{"line":160,"column":0},"end":{"line":160,"column":9}},"160":{"start":{"line":161,"column":0},"end":{"line":161,"column":53}},"161":{"start":{"line":162,"column":0},"end":{"line":162,"column":66}},"162":{"start":{"line":163,"column":0},"end":{"line":163,"column":49}},"163":{"start":{"line":164,"column":0},"end":{"line":164,"column":131}},"164":{"start":{"line":165,"column":0},"end":{"line":165,"column":72}},"165":{"start":{"line":166,"column":0},"end":{"line":166,"column":106}},"166":{"start":{"line":167,"column":0},"end":{"line":167,"column":3}},"167":{"start":{"line":168,"column":0},"end":{"line":168,"column":27}},"168":{"start":{"line":169,"column":0},"end":{"line":169,"column":27}},"169":{"start":{"line":170,"column":0},"end":{"line":170,"column":9}},"170":{"start":{"line":171,"column":0},"end":{"line":171,"column":25}},"171":{"start":{"line":172,"column":0},"end":{"line":172,"column":9}},"172":{"start":{"line":173,"column":0},"end":{"line":173,"column":40}},"173":{"start":{"line":174,"column":0},"end":{"line":174,"column":12}},"174":{"start":{"line":175,"column":0},"end":{"line":175,"column":23}},"175":{"start":{"line":176,"column":0},"end":{"line":176,"column":10}},"176":{"start":{"line":177,"column":0},"end":{"line":177,"column":23}},"177":{"start":{"line":178,"column":0},"end":{"line":178,"column":13}},"178":{"start":{"line":179,"column":0},"end":{"line":179,"column":5}},"179":{"start":{"line":180,"column":0},"end":{"line":180,"column":16}},"180":{"start":{"line":181,"column":0},"end":{"line":181,"column":91}},"181":{"start":{"line":182,"column":0},"end":{"line":182,"column":78}},"182":{"start":{"line":183,"column":0},"end":{"line":183,"column":202}},"183":{"start":{"line":184,"column":0},"end":{"line":184,"column":5}},"184":{"start":{"line":185,"column":0},"end":{"line":185,"column":40}},"185":{"start":{"line":186,"column":0},"end":{"line":186,"column":47}},"186":{"start":{"line":187,"column":0},"end":{"line":187,"column":47}},"187":{"start":{"line":188,"column":0},"end":{"line":188,"column":47}},"188":{"start":{"line":189,"column":0},"end":{"line":189,"column":47}},"189":{"start":{"line":190,"column":0},"end":{"line":190,"column":35}},"190":{"start":{"line":191,"column":0},"end":{"line":191,"column":67}},"191":{"start":{"line":192,"column":0},"end":{"line":192,"column":49}},"192":{"start":{"line":193,"column":0},"end":{"line":193,"column":53}},"193":{"start":{"line":194,"column":0},"end":{"line":194,"column":31}},"194":{"start":{"line":195,"column":0},"end":{"line":195,"column":41}},"195":{"start":{"line":196,"column":0},"end":{"line":196,"column":49}},"196":{"start":{"line":197,"column":0},"end":{"line":197,"column":3}},"197":{"start":{"line":198,"column":0},"end":{"line":198,"column":0}},"198":{"start":{"line":199,"column":0},"end":{"line":199,"column":5}},"199":{"start":{"line":200,"column":0},"end":{"line":200,"column":112}},"200":{"start":{"line":201,"column":0},"end":{"line":201,"column":5}},"201":{"start":{"line":202,"column":0},"end":{"line":202,"column":14}},"202":{"start":{"line":203,"column":0},"end":{"line":203,"column":39}},"203":{"start":{"line":204,"column":0},"end":{"line":204,"column":22}},"204":{"start":{"line":205,"column":0},"end":{"line":205,"column":51}},"205":{"start":{"line":206,"column":0},"end":{"line":206,"column":47}},"206":{"start":{"line":207,"column":0},"end":{"line":207,"column":22}},"207":{"start":{"line":208,"column":0},"end":{"line":208,"column":21}},"208":{"start":{"line":209,"column":0},"end":{"line":209,"column":23}},"209":{"start":{"line":210,"column":0},"end":{"line":210,"column":22}},"210":{"start":{"line":211,"column":0},"end":{"line":211,"column":31}},"211":{"start":{"line":212,"column":0},"end":{"line":212,"column":23}},"212":{"start":{"line":213,"column":0},"end":{"line":213,"column":18}},"213":{"start":{"line":214,"column":0},"end":{"line":214,"column":30}},"214":{"start":{"line":215,"column":0},"end":{"line":215,"column":69}},"215":{"start":{"line":216,"column":0},"end":{"line":216,"column":72}},"216":{"start":{"line":217,"column":0},"end":{"line":217,"column":68}},"217":{"start":{"line":218,"column":0},"end":{"line":218,"column":9}},"218":{"start":{"line":219,"column":0},"end":{"line":219,"column":42}},"219":{"start":{"line":220,"column":0},"end":{"line":220,"column":62}},"220":{"start":{"line":221,"column":0},"end":{"line":221,"column":7}},"221":{"start":{"line":222,"column":0},"end":{"line":222,"column":20}},"222":{"start":{"line":223,"column":0},"end":{"line":223,"column":5}},"223":{"start":{"line":224,"column":0},"end":{"line":224,"column":62}},"224":{"start":{"line":225,"column":0},"end":{"line":225,"column":60}},"225":{"start":{"line":226,"column":0},"end":{"line":226,"column":42}},"226":{"start":{"line":227,"column":0},"end":{"line":227,"column":25}},"227":{"start":{"line":228,"column":0},"end":{"line":228,"column":26}},"228":{"start":{"line":229,"column":0},"end":{"line":229,"column":71}},"229":{"start":{"line":230,"column":0},"end":{"line":230,"column":44}},"230":{"start":{"line":231,"column":0},"end":{"line":231,"column":24}},"231":{"start":{"line":232,"column":0},"end":{"line":232,"column":25}},"232":{"start":{"line":233,"column":0},"end":{"line":233,"column":24}},"233":{"start":{"line":234,"column":0},"end":{"line":234,"column":28}},"234":{"start":{"line":235,"column":0},"end":{"line":235,"column":21}},"235":{"start":{"line":236,"column":0},"end":{"line":236,"column":10}},"236":{"start":{"line":237,"column":0},"end":{"line":237,"column":8}},"237":{"start":{"line":238,"column":0},"end":{"line":238,"column":6}},"238":{"start":{"line":239,"column":0},"end":{"line":239,"column":60}},"239":{"start":{"line":240,"column":0},"end":{"line":240,"column":42}},"240":{"start":{"line":241,"column":0},"end":{"line":241,"column":47}},"241":{"start":{"line":242,"column":0},"end":{"line":242,"column":14}},"242":{"start":{"line":243,"column":0},"end":{"line":243,"column":80}},"243":{"start":{"line":244,"column":0},"end":{"line":244,"column":8}},"244":{"start":{"line":245,"column":0},"end":{"line":245,"column":11}},"245":{"start":{"line":246,"column":0},"end":{"line":246,"column":3}},"246":{"start":{"line":247,"column":0},"end":{"line":247,"column":0}},"247":{"start":{"line":248,"column":0},"end":{"line":248,"column":5}},"248":{"start":{"line":249,"column":0},"end":{"line":249,"column":83}},"249":{"start":{"line":250,"column":0},"end":{"line":250,"column":102}},"250":{"start":{"line":251,"column":0},"end":{"line":251,"column":5}},"251":{"start":{"line":252,"column":0},"end":{"line":252,"column":11}},"252":{"start":{"line":253,"column":0},"end":{"line":253,"column":35}},"253":{"start":{"line":254,"column":0},"end":{"line":254,"column":42}},"254":{"start":{"line":255,"column":0},"end":{"line":255,"column":47}},"255":{"start":{"line":256,"column":0},"end":{"line":256,"column":23}},"256":{"start":{"line":257,"column":0},"end":{"line":257,"column":47}},"257":{"start":{"line":258,"column":0},"end":{"line":258,"column":22}},"258":{"start":{"line":259,"column":0},"end":{"line":259,"column":8}},"259":{"start":{"line":260,"column":0},"end":{"line":260,"column":14}},"260":{"start":{"line":261,"column":0},"end":{"line":261,"column":60}},"261":{"start":{"line":262,"column":0},"end":{"line":262,"column":60}},"262":{"start":{"line":263,"column":0},"end":{"line":263,"column":8}},"263":{"start":{"line":264,"column":0},"end":{"line":264,"column":42}},"264":{"start":{"line":265,"column":0},"end":{"line":265,"column":45}},"265":{"start":{"line":266,"column":0},"end":{"line":266,"column":66}},"266":{"start":{"line":267,"column":0},"end":{"line":267,"column":23}},"267":{"start":{"line":268,"column":0},"end":{"line":268,"column":66}},"268":{"start":{"line":269,"column":0},"end":{"line":269,"column":23}},"269":{"start":{"line":270,"column":0},"end":{"line":270,"column":66}},"270":{"start":{"line":271,"column":0},"end":{"line":271,"column":22}},"271":{"start":{"line":272,"column":0},"end":{"line":272,"column":8}},"272":{"start":{"line":273,"column":0},"end":{"line":273,"column":14}},"273":{"start":{"line":274,"column":0},"end":{"line":274,"column":60}},"274":{"start":{"line":275,"column":0},"end":{"line":275,"column":60}},"275":{"start":{"line":276,"column":0},"end":{"line":276,"column":60}},"276":{"start":{"line":277,"column":0},"end":{"line":277,"column":8}},"277":{"start":{"line":278,"column":0},"end":{"line":278,"column":42}},"278":{"start":{"line":279,"column":0},"end":{"line":279,"column":48}},"279":{"start":{"line":280,"column":0},"end":{"line":280,"column":9}},"280":{"start":{"line":281,"column":0},"end":{"line":281,"column":28}},"281":{"start":{"line":282,"column":0},"end":{"line":282,"column":28}},"282":{"start":{"line":283,"column":0},"end":{"line":283,"column":28}},"283":{"start":{"line":284,"column":0},"end":{"line":284,"column":28}},"284":{"start":{"line":285,"column":0},"end":{"line":285,"column":10}},"285":{"start":{"line":286,"column":0},"end":{"line":286,"column":23}},"286":{"start":{"line":287,"column":0},"end":{"line":287,"column":9}},"287":{"start":{"line":288,"column":0},"end":{"line":288,"column":28}},"288":{"start":{"line":289,"column":0},"end":{"line":289,"column":28}},"289":{"start":{"line":290,"column":0},"end":{"line":290,"column":28}},"290":{"start":{"line":291,"column":0},"end":{"line":291,"column":28}},"291":{"start":{"line":292,"column":0},"end":{"line":292,"column":10}},"292":{"start":{"line":293,"column":0},"end":{"line":293,"column":23}},"293":{"start":{"line":294,"column":0},"end":{"line":294,"column":9}},"294":{"start":{"line":295,"column":0},"end":{"line":295,"column":28}},"295":{"start":{"line":296,"column":0},"end":{"line":296,"column":28}},"296":{"start":{"line":297,"column":0},"end":{"line":297,"column":28}},"297":{"start":{"line":298,"column":0},"end":{"line":298,"column":28}},"298":{"start":{"line":299,"column":0},"end":{"line":299,"column":10}},"299":{"start":{"line":300,"column":0},"end":{"line":300,"column":23}},"300":{"start":{"line":301,"column":0},"end":{"line":301,"column":9}},"301":{"start":{"line":302,"column":0},"end":{"line":302,"column":28}},"302":{"start":{"line":303,"column":0},"end":{"line":303,"column":28}},"303":{"start":{"line":304,"column":0},"end":{"line":304,"column":28}},"304":{"start":{"line":305,"column":0},"end":{"line":305,"column":28}},"305":{"start":{"line":306,"column":0},"end":{"line":306,"column":10}},"306":{"start":{"line":307,"column":0},"end":{"line":307,"column":22}},"307":{"start":{"line":308,"column":0},"end":{"line":308,"column":8}},"308":{"start":{"line":309,"column":0},"end":{"line":309,"column":14}},"309":{"start":{"line":310,"column":0},"end":{"line":310,"column":60}},"310":{"start":{"line":311,"column":0},"end":{"line":311,"column":60}},"311":{"start":{"line":312,"column":0},"end":{"line":312,"column":60}},"312":{"start":{"line":313,"column":0},"end":{"line":313,"column":60}},"313":{"start":{"line":314,"column":0},"end":{"line":314,"column":8}},"314":{"start":{"line":315,"column":0},"end":{"line":315,"column":5}},"315":{"start":{"line":316,"column":0},"end":{"line":316,"column":20}},"316":{"start":{"line":317,"column":0},"end":{"line":317,"column":126}},"317":{"start":{"line":318,"column":0},"end":{"line":318,"column":6}},"318":{"start":{"line":319,"column":0},"end":{"line":319,"column":3}},"319":{"start":{"line":320,"column":0},"end":{"line":320,"column":1}}},"s":{"0":1,"1":1,"2":1,"3":1,"4":1,"5":1,"6":1,"7":1,"8":1,"9":1,"10":1,"11":1,"12":1,"13":1,"14":1,"15":1,"16":1,"17":1,"18":1,"19":1,"20":1,"21":1,"22":1,"23":4,"24":4,"25":4,"26":4,"27":4,"28":4,"29":4,"30":4,"31":4,"32":4,"33":4,"34":4,"35":4,"36":4,"37":4,"38":4,"39":4,"40":4,"41":4,"42":4,"43":4,"44":4,"45":4,"46":4,"47":4,"48":4,"49":4,"50":4,"51":4,"52":4,"53":4,"54":3,"55":1,"56":1,"57":2,"58":4,"59":4,"60":2,"61":2,"62":4,"63":2,"64":4,"65":4,"66":4,"67":4,"68":2,"69":2,"70":2,"71":1,"72":1,"73":3,"74":3,"75":3,"76":7,"77":3,"78":3,"79":3,"80":7,"81":7,"82":3,"83":3,"84":4,"85":4,"86":4,"87":4,"88":4,"89":4,"90":4,"91":1,"92":1,"93":1,"94":1,"95":1,"96":1,"97":1,"98":4,"99":1,"100":1,"101":1,"102":1,"103":1,"104":1,"105":1,"106":1,"107":1,"108":1,"109":1,"110":1,"111":1,"112":3,"113":1,"114":1,"115":1,"116":1,"117":1,"118":1,"119":1,"120":1,"121":1,"122":1,"123":1,"124":1,"125":1,"126":1,"127":1,"128":1,"129":1,"130":1,"131":1,"132":1,"133":1,"134":1,"135":1,"136":1,"137":1,"138":1,"139":1,"140":1,"141":1,"142":1,"143":1,"144":1,"145":1,"146":1,"147":1,"148":1,"149":1,"150":1,"151":1,"152":1,"153":4,"154":4,"155":1,"156":1,"157":1,"158":1,"159":1,"160":1,"161":1,"162":1,"163":1,"164":1,"165":1,"166":1,"167":1,"168":4,"169":4,"170":4,"171":4,"172":4,"173":4,"174":4,"175":4,"176":4,"177":4,"178":4,"179":4,"180":4,"181":4,"182":4,"183":4,"184":4,"185":4,"186":4,"187":4,"188":4,"189":4,"190":4,"191":4,"192":4,"193":4,"194":4,"195":4,"196":4,"197":4,"198":4,"199":4,"200":4,"201":4,"202":3,"203":1,"204":1,"205":3,"206":9,"207":9,"208":9,"209":3,"210":3,"211":9,"212":6,"213":9,"214":9,"215":9,"216":9,"217":9,"218":3,"219":3,"220":3,"221":1,"222":1,"223":3,"224":3,"225":3,"226":6,"227":20,"228":20,"229":20,"230":20,"231":20,"232":20,"233":20,"234":20,"235":20,"236":6,"237":3,"238":3,"239":3,"240":6,"241":6,"242":6,"243":6,"244":3,"245":3,"246":4,"247":4,"248":4,"249":4,"250":4,"251":4,"252":4,"253":1,"254":1,"255":1,"256":1,"257":1,"258":1,"259":1,"260":1,"261":1,"262":1,"263":4,"264":1,"265":1,"266":1,"267":1,"268":1,"269":1,"270":1,"271":1,"272":1,"273":1,"274":1,"275":1,"276":1,"277":3,"278":1,"279":1,"280":1,"281":1,"282":1,"283":1,"284":1,"285":1,"286":1,"287":1,"288":1,"289":1,"290":1,"291":1,"292":1,"293":1,"294":1,"295":1,"296":1,"297":1,"298":1,"299":1,"300":1,"301":1,"302":1,"303":1,"304":1,"305":1,"306":1,"307":1,"308":1,"309":1,"310":1,"311":1,"312":1,"313":1,"314":1,"315":1,"316":1,"317":1,"318":4,"319":4},"branchMap":{"0":{"type":"branch","line":23,"loc":{"start":{"line":23,"column":7},"end":{"line":155,"column":1}},"locations":[{"start":{"line":23,"column":7},"end":{"line":155,"column":1}}]},"1":{"type":"branch","line":38,"loc":{"start":{"line":38,"column":2},"end":{"line":49,"column":3}},"locations":[{"start":{"line":38,"column":2},"end":{"line":49,"column":3}}]},"2":{"type":"branch","line":39,"loc":{"start":{"line":39,"column":21},"end":{"line":39,"column":32}},"locations":[{"start":{"line":39,"column":21},"end":{"line":39,"column":32}}]},"3":{"type":"branch","line":39,"loc":{"start":{"line":39,"column":32},"end":{"line":39,"column":36}},"locations":[{"start":{"line":39,"column":32},"end":{"line":39,"column":36}}]},"4":{"type":"branch","line":39,"loc":{"start":{"line":39,"column":40},"end":{"line":39,"column":46}},"locations":[{"start":{"line":39,"column":40},"end":{"line":39,"column":46}}]},"5":{"type":"branch","line":40,"loc":{"start":{"line":40,"column":21},"end":{"line":40,"column":32}},"locations":[{"start":{"line":40,"column":21},"end":{"line":40,"column":32}}]},"6":{"type":"branch","line":40,"loc":{"start":{"line":40,"column":32},"end":{"line":40,"column":36}},"locations":[{"start":{"line":40,"column":32},"end":{"line":40,"column":36}}]},"7":{"type":"branch","line":40,"loc":{"start":{"line":40,"column":40},"end":{"line":40,"column":46}},"locations":[{"start":{"line":40,"column":40},"end":{"line":40,"column":46}}]},"8":{"type":"branch","line":41,"loc":{"start":{"line":41,"column":21},"end":{"line":41,"column":32}},"locations":[{"start":{"line":41,"column":21},"end":{"line":41,"column":32}}]},"9":{"type":"branch","line":41,"loc":{"start":{"line":41,"column":32},"end":{"line":41,"column":36}},"locations":[{"start":{"line":41,"column":32},"end":{"line":41,"column":36}}]},"10":{"type":"branch","line":41,"loc":{"start":{"line":41,"column":40},"end":{"line":41,"column":46}},"locations":[{"start":{"line":41,"column":40},"end":{"line":41,"column":46}}]},"11":{"type":"branch","line":42,"loc":{"start":{"line":42,"column":21},"end":{"line":42,"column":32}},"locations":[{"start":{"line":42,"column":21},"end":{"line":42,"column":32}}]},"12":{"type":"branch","line":42,"loc":{"start":{"line":42,"column":32},"end":{"line":42,"column":36}},"locations":[{"start":{"line":42,"column":32},"end":{"line":42,"column":36}}]},"13":{"type":"branch","line":46,"loc":{"start":{"line":46,"column":28},"end":{"line":46,"column":39}},"locations":[{"start":{"line":46,"column":28},"end":{"line":46,"column":39}}]},"14":{"type":"branch","line":46,"loc":{"start":{"line":46,"column":40},"end":{"line":46,"column":52}},"locations":[{"start":{"line":46,"column":40},"end":{"line":46,"column":52}}]},"15":{"type":"branch","line":44,"loc":{"start":{"line":44,"column":29},"end":{"line":44,"column":73}},"locations":[{"start":{"line":44,"column":29},"end":{"line":44,"column":73}}]},"16":{"type":"branch","line":44,"loc":{"start":{"line":44,"column":46},"end":{"line":44,"column":72}},"locations":[{"start":{"line":44,"column":46},"end":{"line":44,"column":72}}]},"17":{"type":"branch","line":45,"loc":{"start":{"line":45,"column":29},"end":{"line":45,"column":55}},"locations":[{"start":{"line":45,"column":29},"end":{"line":45,"column":55}}]},"18":{"type":"branch","line":54,"loc":{"start":{"line":54,"column":2},"end":{"line":84,"column":3}},"locations":[{"start":{"line":54,"column":2},"end":{"line":84,"column":3}}]},"19":{"type":"branch","line":55,"loc":{"start":{"line":55,"column":38},"end":{"line":73,"column":5}},"locations":[{"start":{"line":55,"column":38},"end":{"line":73,"column":5}}]},"20":{"type":"branch","line":57,"loc":{"start":{"line":57,"column":50},"end":{"line":71,"column":7}},"locations":[{"start":{"line":57,"column":50},"end":{"line":71,"column":7}}]},"21":{"type":"branch","line":58,"loc":{"start":{"line":58,"column":46},"end":{"line":68,"column":9}},"locations":[{"start":{"line":58,"column":46},"end":{"line":68,"column":9}}]},"22":{"type":"branch","line":60,"loc":{"start":{"line":60,"column":12},"end":{"line":62,"column":29}},"locations":[{"start":{"line":60,"column":12},"end":{"line":62,"column":29}}]},"23":{"type":"branch","line":61,"loc":{"start":{"line":61,"column":14},"end":{"line":61,"column":20}},"locations":[{"start":{"line":61,"column":14},"end":{"line":61,"column":20}}]},"24":{"type":"branch","line":62,"loc":{"start":{"line":62,"column":14},"end":{"line":62,"column":29}},"locations":[{"start":{"line":62,"column":14},"end":{"line":62,"column":29}}]},"25":{"type":"branch","line":63,"loc":{"start":{"line":63,"column":12},"end":{"line":65,"column":27}},"locations":[{"start":{"line":63,"column":12},"end":{"line":65,"column":27}}]},"26":{"type":"branch","line":64,"loc":{"start":{"line":64,"column":12},"end":{"line":64,"column":16}},"locations":[{"start":{"line":64,"column":12},"end":{"line":64,"column":16}}]},"27":{"type":"branch","line":65,"loc":{"start":{"line":65,"column":12},"end":{"line":65,"column":27}},"locations":[{"start":{"line":65,"column":12},"end":{"line":65,"column":27}}]},"28":{"type":"branch","line":66,"loc":{"start":{"line":66,"column":51},"end":{"line":66,"column":55}},"locations":[{"start":{"line":66,"column":51},"end":{"line":66,"column":55}}]},"29":{"type":"branch","line":66,"loc":{"start":{"line":66,"column":56},"end":{"line":66,"column":69}},"locations":[{"start":{"line":66,"column":56},"end":{"line":66,"column":69}}]},"30":{"type":"branch","line":70,"loc":{"start":{"line":70,"column":42},"end":{"line":70,"column":62}},"locations":[{"start":{"line":70,"column":42},"end":{"line":70,"column":62}}]},"31":{"type":"branch","line":74,"loc":{"start":{"line":74,"column":-1},"end":{"line":74,"column":45}},"locations":[{"start":{"line":74,"column":-1},"end":{"line":74,"column":45}}]},"32":{"type":"branch","line":74,"loc":{"start":{"line":74,"column":45},"end":{"line":74,"column":53}},"locations":[{"start":{"line":74,"column":45},"end":{"line":74,"column":53}}]},"33":{"type":"branch","line":74,"loc":{"start":{"line":74,"column":54},"end":{"line":74,"column":61}},"locations":[{"start":{"line":74,"column":54},"end":{"line":74,"column":61}}]},"34":{"type":"branch","line":76,"loc":{"start":{"line":76,"column":34},"end":{"line":77,"column":55}},"locations":[{"start":{"line":76,"column":34},"end":{"line":77,"column":55}}]},"35":{"type":"branch","line":77,"loc":{"start":{"line":77,"column":14},"end":{"line":77,"column":54}},"locations":[{"start":{"line":77,"column":14},"end":{"line":77,"column":54}}]},"36":{"type":"branch","line":79,"loc":{"start":{"line":79,"column":27},"end":{"line":79,"column":58}},"locations":[{"start":{"line":79,"column":27},"end":{"line":79,"column":58}}]},"37":{"type":"branch","line":80,"loc":{"start":{"line":80,"column":23},"end":{"line":83,"column":5}},"locations":[{"start":{"line":80,"column":23},"end":{"line":83,"column":5}}]},"38":{"type":"branch","line":81,"loc":{"start
[...]
line":54,"column":0},"end":{"line":54,"column":10}},"54":{"start":{"line":55,"column":0},"end":{"line":55,"column":1}}},"s":{"0":1,"1":1,"2":1,"3":1,"4":1,"5":1,"6":1,"7":23793,"8":1,"9":1,"10":23793,"11":45,"12":45,"13":1,"14":1,"15":45,"16":1,"17":1,"18":43,"19":43,"20":23747,"21":23776,"22":23743,"23":23743,"24":4,"25":4,"26":7138,"27":23793,"28":23793,"29":23793,"30":1,"31":1,"32":1,"33":1,"34":1,"35":1,"36":1,"37":23746,"38":23746,"39":1,"40":1,"41":23745,"42":23745,"43":23746,"44":2,"45":2,"46":23746,"47":3850,"48":3850,"49":19893,"50":23627,"51":20581,"52":20581,"53":19893,"54":19893},"branchMap":{"0":{"type":"branch","line":7,"loc":{"start":{"line":7,"column":7},"end":{"line":30,"column":1}},"locations":[{"start":{"line":7,"column":7},"end":{"line":30,"column":1}}]},"1":{"type":"branch","line":8,"loc":{"start":{"line":8,"column":28},"end":{"line":10,"column":2}},"locations":[{"start":{"line":8,"column":28},"end":{"line":10,"column":2}}]},"2":{"type":"branch","line":11,"loc":{"start":{"line":11,"column":-1},"end":{"line":11,"column":28}},"locations":[{"start":{"line":11,"column":-1},"end":{"line":11,"column":28}}]},"3":{"type":"branch","line":11,"loc":{"start":{"line":11,"column":28},"end":{"line":20,"column":2}},"locations":[{"start":{"line":11,"column":28},"end":{"line":20,"column":2}}]},"4":{"type":"branch","line":13,"loc":{"start":{"line":13,"column":28},"end":{"line":15,"column":3}},"locations":[{"start":{"line":13,"column":28},"end":{"line":15,"column":3}}]},"5":{"type":"branch","line":16,"loc":{"start":{"line":16,"column":-1},"end":{"line":16,"column":15}},"locations":[{"start":{"line":16,"column":-1},"end":{"line":16,"column":15}}]},"6":{"type":"branch","line":16,"loc":{"start":{"line":16,"column":15},"end":{"line":20,"column":2}},"locations":[{"start":{"line":16,"column":15},"end":{"line":20,"column":2}}]},"7":{"type":"branch","line":16,"loc":{"start":{"line":16,"column":15},"end":{"line":18,"column":3}},"locations":[{"start":{"line":16,"column":15},"end":{"line":18,"column":3}}]},"8":{"type":"branch","line":21,"loc":{"start":{"line":21,"column":-1},"end":{"line":24,"column":2}},"locations":[{"start":{"line":21,"column":-1},"end":{"line":24,"column":2}}]},"9":{"type":"branch","line":21,"loc":{"start":{"line":21,"column":-1},"end":{"line":22,"column":28}},"locations":[{"start":{"line":21,"column":-1},"end":{"line":22,"column":28}}]},"10":{"type":"branch","line":22,"loc":{"start":{"line":22,"column":28},"end":{"line":24,"column":2}},"locations":[{"start":{"line":22,"column":28},"end":{"line":24,"column":2}}]},"11":{"type":"branch","line":25,"loc":{"start":{"line":25,"column":-1},"end":{"line":27,"column":32}},"locations":[{"start":{"line":25,"column":-1},"end":{"line":27,"column":32}}]},"12":{"type":"branch","line":25,"loc":{"start":{"line":25,"column":-1},"end":{"line":27,"column":19}},"locations":[{"start":{"line":25,"column":-1},"end":{"line":27,"column":19}}]},"13":{"type":"branch","line":27,"loc":{"start":{"line":27,"column":19},"end":{"line":27,"column":32}},"locations":[{"start":{"line":27,"column":19},"end":{"line":27,"column":32}}]},"14":{"type":"branch","line":28,"loc":{"start":{"line":28,"column":2},"end":{"line":28,"column":19}},"locations":[{"start":{"line":28,"column":2},"end":{"line":28,"column":19}}]},"15":{"type":"branch","line":29,"loc":{"start":{"line":29,"column":2},"end":{"line":29,"column":36}},"locations":[{"start":{"line":29,"column":2},"end":{"line":29,"column":36}}]},"16":{"type":"branch","line":38,"loc":{"start":{"line":38,"column":0},"end":{"line":55,"column":1}},"locations":[{"start":{"line":38,"column":0},"end":{"line":55,"column":1}}]},"17":{"type":"branch","line":39,"loc":{"start":{"line":39,"column":26},"end":{"line":39,"column":49}},"locations":[{"start":{"line":39,"column":26},"end":{"line":39,"column":49}}]},"18":{"type":"branch","line":39,"loc":{"start":{"line":39,"column":51},"end":{"line":41,"column":2}},"locations":[{"start":{"line":39,"column":51},"end":{"line":41,"column":2}}]},"19":{"type":"branch","line":42,"loc":{"start":{"line":42,"column":-1},"end":{"line":44,"column":13}},"locations":[{"start":{"line":42,"column":-1},"end":{"line":44,"column":13}}]},"20":{"type":"branch","line":44,"loc":{"start":{"line":44,"column":13},"end":{"line":44,"column":23}},"locations":[{"start":{"line":44,"column":13},"end":{"line":44,"column":23}}]},"21":{"type":"branch","line":44,"loc":{"start":{"line":44,"column":25},"end":{"line":46,"column":2}},"locations":[{"start":{"line":44,"column":25},"end":{"line":46,"column":2}}]},"22":{"type":"branch","line":47,"loc":{"start":{"line":47,"column":-1},"end":{"line":47,"column":13}},"locations":[{"start":{"line":47,"column":-1},"end":{"line":47,"column":13}}]},"23":{"type":"branch","line":47,"loc":{"start":{"line":47,"column":13},"end":{"line":47,"column":23}},"locations":[{"start":{"line":47,"column":13},"end":{"line":47,"column":23}}]},"24":{"type":"branch","line":47,"loc":{"start":{"line":47,"column":25},"end":{"line":49,"column":2}},"locations":[{"start":{"line":47,"column":25},"end":{"line":49,"column":2}}]},"25":{"type":"branch","line":50,"loc":{"start":{"line":50,"column":-1},"end":{"line":55,"column":1}},"locations":[{"start":{"line":50,"column":-1},"end":{"line":55,"column":1}}]},"26":{"type":"branch","line":50,"loc":{"start":{"line":50,"column":-1},"end":{"line":51,"column":17}},"locations":[{"start":{"line":50,"column":-1},"end":{"line":51,"column":17}}]},"27":{"type":"branch","line":51,"loc":{"start":{"line":51,"column":17},"end":{"line":53,"column":2}},"locations":[{"start":{"line":51,"column":17},"end":{"line":53,"column":2}}]},"28":{"type":"branch","line":54,"loc":{"start":{"line":54,"column":-1},"end":{"line":55,"column":1}},"locations":[{"start":{"line":54,"column":-1},"end":{"line":55,"column":1}}]}},"b":{"0":[23793],"1":[1],"2":[23792],"3":[45],"4":[1],"5":[44],"6":[43],"7":[1],"8":[23776],"9":[23747],"10":[23743],"11":[7138],"12":[4],"13":[1],"14":[1],"15":[3],"16":[23746],"17":[23745],"18":[1],"19":[23745],"20":[3852],"21":[2],"22":[23743],"23":[19893],"24":[3850],"25":[23627],"26":[19893],"27":[20581],"28":[19893]},"fnMap":{"0":{"name":"gcd","decl":{"start":{"line":7,"column":7},"end":{"line":30,"column":1}},"loc":{"start":{"line":7,"column":7},"end":{"line":30,"column":1}},"line":7},"1":{"name":"gcdTwo","decl":{"start":{"line":38,"column":0},"end":{"line":55,"column":1}},"loc":{"start":{"line":38,"column":0},"end":{"line":55,"column":1}},"line":38}},"f":{"0":23793,"1":23746}}
,"/home/kelvinsoh/Desktop/math/mathlify/packages/mathlify/src/utils/index.js": {"path":"/home/kelvinsoh/Desktop/math/mathlify/packages/mathlify/src/utils/index.js","all":false,"statementMap":{"0":{"start":{"line":1,"column":0},"end":{"line":1,"column":31}},"1":{"start":{"line":2,"column":0},"end":{"line":2,"column":31}},"2":{"start":{"line":3,"column":0},"end":{"line":3,"column":51}},"3":{"start":{"line":4,"column":0},"end":{"line":4,"column":57}}},"s":{"0":1,"1":1,"2":1,"3":1},"branchMap":{},"b":{},"fnMap":{},"f":{}}
,"/home/kelvinsoh/Desktop/math/mathlify/packages/mathlify/src/utils/lcm.js": {"path":"/home/kelvinsoh/Desktop/math/mathlify/packages/mathlify/src/utils/lcm.js","all":false,"statementMap":{"0":{"start":{"line":1,"column":0},"end":{"line":1,"column":31}},"1":{"start":{"line":2,"column":0},"end":{"line":2,"column":0}},"2":{"start":{"line":3,"column":0},"end":{"line":3,"column":3}},"3":{"start":{"line":4,"column":0},"end":{"line":4,"column":52}},"4":{"start":{"line":5,"column":0},"end":{"line":5,"column":31}},"5":{"start":{"line":6,"column":0},"end":{"line":6,"column":60}},"6":{"start":{"line":7,"column":0},"end":{"line":7,"column":48}},"7":{"start":{"line":8,"column":0},"end":{"line":8,"column":3}},"8":{"start":{"line":9,"column":0},"end":{"line":9,"column":34}},"9":{"start":{"line":10,"column":0},"end":{"line":10,"column":29}},"10":{"start":{"line":11,"column":0},"end":{"line":11,"column":18}},"11":{"start":{"line":12,"column":0},"end":{"line":12,"column":42}},"12":{"start":{"line":13,"column":0},"end":{"line":13,"column":4}},"13":{"start":{"line":14,"column":0},"end":{"line":14,"column":2}},"14":{"start":{"line":15,"column":0},"end":{"line":15,"column":29}},"15":{"start":{"line":16,"column":0},"end":{"line":16,"column":24}},"16":{"start":{"line":17,"column":0},"end":{"line":17,"column":29}},"17":{"start":{"line":18,"column":0},"end":{"line":18,"column":19}},"18":{"start":{"line":19,"column":0},"end":{"line":19,"column":47}},"19":{"start":{"line":20,"column":0},"end":{"line":20,"column":5}},"20":{"start":{"line":21,"column":0},"end":{"line":21,"column":3}},"21":{"start":{"line":22,"column":0},"end":{"line":22,"column":21}},"22":{"start":{"line":23,"column":0},"end":{"line":23,"column":2}},"23":{"start":{"line":24,"column":0},"end":{"line":24,"column":25}},"24":{"start":{"line":25,"column":0},"end":{"line":25,"column":29}},"25":{"start":{"line":26,"column":0},"end":{"line":26,"column":42}},"26":{"start":{"line":27,"column":0},"end":{"line":27,"column":2}},"27":{"start":{"line":28,"column":0},"end":{"line":28,"column":34}},"28":{"start":{"line":29,"column":0},"end":{"line":29,"column":40}},"29":{"start":{"line":30,"column":0},"end":{"line":30,"column":41}},"30":{"start":{"line":31,"column":0},"end":{"line":31,"column":1}},"31":{"start":{"line":32,"column":0},"end":{"line":32,"column":0}},"32":{"start":{"line":33,"column":0},"end":{"line":33,"column":3}},"33":{"start":{"line":34,"column":0},"end":{"line":34,"column":27}},"34":{"start":{"line":35,"column":0},"end":{"line":35,"column":32}},"35":{"start":{"line":36,"column":0},"end":{"line":36,"column":32}},"36":{"start":{"line":37,"column":0},"end":{"line":37,"column":35}},"37":{"start":{"line":38,"column":0},"end":{"line":38,"column":3}},"38":{"start":{"line":39,"column":0},"end":{"line":39,"column":23}},"39":{"start":{"line":40,"column":0},"end":{"line":40,"column":52}},"40":{"start":{"line":41,"column":0},"end":{"line":41,"column":18}},"41":{"start":{"line":42,"column":0},"end":{"line":42,"column":55}},"42":{"start":{"line":43,"column":0},"end":{"line":43,"column":4}},"43":{"start":{"line":44,"column":0},"end":{"line":44,"column":2}},"44":{"start":{"line":45,"column":0},"end":{"line":45,"column":17}},"45":{"start":{"line":46,"column":0},"end":{"line":46,"column":17}},"46":{"start":{"line":47,"column":0},"end":{"line":47,"column":26}},"47":{"start":{"line":48,"column":0},"end":{"line":48,"column":11}},"48":{"start":{"line":49,"column":0},"end":{"line":49,"column":2}},"49":{"start":{"line":50,"column":0},"end":{"line":50,"column":28}},"50":{"start":{"line":51,"column":0},"end":{"line":51,"column":1}}},"s":{"0":1,"1":1,"2":1,"3":1,"4":1,"5":1,"6":1,"7":1,"8":1,"9":123,"10":1,"11":1,"12":1,"13":1,"14":123,"15":44,"16":44,"17":1,"18":1,"19":1,"20":1,"21":43,"22":43,"23":78,"24":106,"25":75,"26":75,"27":3,"28":3,"29":3,"30":3,"31":1,"32":1,"33":1,"34":1,"35":1,"36":1,"37":1,"38":78,"39":78,"40":1,"41":1,"42":1,"43":1,"44":77,"45":77,"46":78,"47":1,"48":1,"49":76,"50":76},"branchMap":{"0":{"type":"branch","line":9,"loc":{"start":{"line":9,"column":7},"end":{"line":31,"column":1}},"locations":[{"start":{"line":9,"column":7},"end":{"line":31,"column":1}}]},"1":{"type":"branch","line":10,"loc":{"start":{"line":10,"column":28},"end":{"line":14,"column":2}},"locations":[{"start":{"line":10,"column":28},"end":{"line":14,"column":2}}]},"2":{"type":"branch","line":15,"loc":{"start":{"line":15,"column":-1},"end":{"line":15,"column":28}},"locations":[{"start":{"line":15,"column":-1},"end":{"line":15,"column":28}}]},"3":{"type":"branch","line":15,"loc":{"start":{"line":15,"column":28},"end":{"line":23,"column":2}},"locations":[{"start":{"line":15,"column":28},"end":{"line":23,"column":2}}]},"4":{"type":"branch","line":17,"loc":{"start":{"line":17,"column":28},"end":{"line":23,"column":2}},"locations":[{"start":{"line":17,"column":28},"end":{"line":23,"column":2}}]},"5":{"type":"branch","line":17,"loc":{"start":{"line":17,"column":28},"end":{"line":21,"column":3}},"locations":[{"start":{"line":17,"column":28},"end":{"line":21,"column":3}}]},"6":{"type":"branch","line":24,"loc":{"start":{"line":24,"column":-1},"end":{"line":27,"column":2}},"locations":[{"start":{"line":24,"column":-1},"end":{"line":27,"column":2}}]},"7":{"type":"branch","line":24,"loc":{"start":{"line":24,"column":-1},"end":{"line":25,"column":28}},"locations":[{"start":{"line":24,"column":-1},"end":{"line":25,"column":28}}]},"8":{"type":"branch","line":25,"loc":{"start":{"line":25,"column":28},"end":{"line":27,"column":2}},"locations":[{"start":{"line":25,"column":28},"end":{"line":27,"column":2}}]},"9":{"type":"branch","line":28,"loc":{"start":{"line":28,"column":-1},"end":{"line":31,"column":1}},"locations":[{"start":{"line":28,"column":-1},"end":{"line":31,"column":1}}]},"10":{"type":"branch","line":39,"loc":{"start":{"line":39,"column":0},"end":{"line":51,"column":1}},"locations":[{"start":{"line":39,"column":0},"end":{"line":51,"column":1}}]},"11":{"type":"branch","line":40,"loc":{"start":{"line":40,"column":26},"end":{"line":40,"column":49}},"locations":[{"start":{"line":40,"column":26},"end":{"line":40,"column":49}}]},"12":{"type":"branch","line":40,"loc":{"start":{"line":40,"column":51},"end":{"line":44,"column":2}},"locations":[{"start":{"line":40,"column":51},"end":{"line":44,"column":2}}]},"13":{"type":"branch","line":45,"loc":{"start":{"line":45,"column":-1},"end":{"line":47,"column":13}},"locations":[{"start":{"line":45,"column":-1},"end":{"line":47,"column":13}}]},"14":{"type":"branch","line":47,"loc":{"start":{"line":47,"column":13},"end":{"line":47,"column":23}},"locations":[{"start":{"line":47,"column":13},"end":{"line":47,"column":23}}]},"15":{"type":"branch","line":47,"loc":{"start":{"line":47,"column":25},"end":{"line":49,"column":2}},"locations":[{"start":{"line":47,"column":25},"end":{"line":49,"column":2}}]},"16":{"type":"branch","line":50,"loc":{"start":{"line":50,"column":-1},"end":{"line":51,"column":1}},"locations":[{"start":{"line":50,"column":-1},"end":{"line":51,"column":1}}]}},"b":{"0":[123],"1":[1],"2":[122],"3":[44],"4":[43],"5":[1],"6":[106],"7":[78],"8":[75],"9":[3],"10":[78],"11":[77],"12":[1],"13":[77],"14":[76],"15":[1],"16":[76]},"fnMap":{"0":{"name":"lcm","decl":{"start":{"line":9,"column":7},"end":{"line":31,"column":1}},"loc":{"start":{"line":9,"column":7},"end":{"line":31,"column":1}},"line":9},"1":{"name":"lcmTwo","decl":{"start":{"line":39,"column":0},"end":{"line":51,"column":1}},"loc":{"start":{"line":39,"column":0},"end":{"line":51,"column":1}},"line":39}},"f":{"0":123,"1":78}}
,"/home/kelvinsoh/Desktop/math/mathlify/packages/mathlify/src/utils/toFraction.js": {"path":"/home/kelvinsoh/Desktop/math/mathlify/packages/mathlify/src/utils/toFraction.js","all":false,"statementMap":{"0":{"start":{"line":1,"column":0},"end":{"line":1,"column":47}},"1":{"start":{"line":2,"column":0},"end":{"line":2,"column":0}},"2":{"start":{"line":3,"column":0},"end":{"line":3,"column":3}},"3":{"start":{"line":4,"column":0},"end":{"line":4,"column":48}},"4":{"start":{"line":5,"column":0},"end":{"line":5,"column":66}},"5":{"start":{"line":6,"column":0},"end":{"line":6,"column":50}},"6":{"start":{"line":7,"column":0},"end":{"line":7,"column":3}},"7":{"start":{"line":8,"column":0},"end":{"line":8,"column":37}},"8":{"start":{"line":9,"column":0},"end":{"line":9,"column":52}},"9":{"start":{"line":10,"column":0},"end":{"line":10,"column":1}}},"s":{"0":1,"1":1,"2":1,"3":1,"4":1,"5":1,"6":1,"7":1,"8":12973,"9":12973},"branchMap":{"0":{"type":"branch","line":8,"loc":{"start":{"line":8,"column":7},"end":{"line":10,"column":1}},"locations":[{"start":{"line":8,"column":7},"end":{"line":10,"column":1}}]},"1":{"type":"branch","line":9,"loc":{"start":{"line":9,"column":30},"end":{"line":9,"column":47}},"locations":[{"start":{"line":9,"column":30},"end":{"line":9,"column":47}}]},"2":{"type":"branch","line":9,"loc":{"start":{"line":9,"column":48},"end":{"line":9,"column":51}},"locations":[{"start":{"line":9,"column":48},"end":{"line":9,"column":51}}]}},"b":{"0":[12973],"1":[1687],"2":[11286]},"fnMap":{"0":{"name":"numberToFraction","decl":{"start":{"line":8,"column":7},"end":{"line":10,"column":1}},"loc":{"start":{"line":8,"column":7},"end":{"line":10,"column":1}},"line":8}},"f":{"0":12973}}
,"/home/kelvinsoh/Desktop/math/mathlify/packages/mathlify/src/utils/typesetting-helpers/bracket.js": {"path":"/home/kelvinsoh/Desktop/math/mathlify/packages/mathlify/src/utils/typesetting-helpers/bracket.js","all":false,"statementMap":{"0":{"start":{"line":1,"column":0},"end":{"line":1,"column":48}},"1":{"start":{"line":2,"column":0},"end":{"line":2,"column":0}},"2":{"start":{"line":3,"column":0},"end":{"line":3,"column":3}},"3":{"start":{"line":4,"column":0},"end":{"line":4,"column":39}},"4":{"start":{"line":5,"column":0},"end":{"line":5,"column":27}},"5":{"start":{"line":6,"column":0},"end":{"line":6,"column":152}},"6":{"start":{"line":7,"column":0},"end":{"line":7,"column":59}},"7":{"start":{"line":8,"column":0},"end":{"line":8,"column":78}},"8":{"start":{"line":9,"column":0},"end":{"line":9,"column":3}},"9":{"start":{"line":10,"column":0},"end":{"line":10,"column":42}},"10":{"start":{"line":11,"column":0},"end":{"line":11,"column":35}},"11":{"start":{"line":12,"column":0},"end":{"line":12,"column":19}},"12":{"start":{"line":13,"column":0},"end":{"line":13,"column":47}},"13":{"start":{"line":14,"column":0},"end":{"line":14,"column":47}},"14":{"start":{"line":15,"column":0},"end":{"line":15,"column":60}},"15":{"start":{"line":16,"column":0},"end":{"line":16,"column":33}},"16":{"start":{"line":17,"column":0},"end":{"line":17,"column":2}},"17":{"start":{"line":18,"column":0},"end":{"line":18,"column":15}},"18":{"start":{"line":19,"column":0},"end":{"line":19,"column":1}}},"s":{"0":1,"1":1,"2":1,"3":1,"4":1,"5":1,"6":1,"7":1,"8":1,"9":1,"10":63,"11":63,"12":63,"13":63,"14":63,"15":21,"16":21,"17":42,"18":42},"branchMap":{"0":{"type":"branch","line":10,"loc":{"start":{"line":10,"column":7},"end":{"line":19,"column":1}},"locations":[{"start":{"line":10,"column":7},"end":{"line":19,"column":1}}]},"1":{"type":"branch","line":13,"loc":{"start":{"line":13,"column":25},"end":{"line":13,"column":43}},"locations":[{"start":{"line":13,"column":25},"end":{"line":13,"column":43}}]},"2":{"type":"branch","line":13,"loc":{"start":{"line":13,"column":45},"end":{"line":14,"column":46}},"locations":[{"start":{"line":13,"column":45},"end":{"line":14,"column":46}}]},"3":{"type":"branch","line":14,"loc":{"start":{"line":14,"column":21},"end":{"line":14,"column":45}},"locations":[{"start":{"line":14,"column":21},"end":{"line":14,"column":45}}]},"4":{"type":"branch","line":15,"loc":{"start":{"line":15,"column":23},"end":{"line":15,"column":57}},"locations":[{"start":{"line":15,"column":23},"end":{"line":15,"column":57}}]},"5":{"type":"branch","line":15,"loc":{"start":{"line":15,"column":43},"end":{"line":15,"column":56}},"locations":[{"start":{"line":15,"column":43},"end":{"line":15,"column":56}}]},"6":{"type":"branch","line":15,"loc":{"start":{"line":15,"column":59},"end":{"line":17,"column":2}},"locations":[{"start":{"line":15,"column":59},"end":{"line":17,"column":2}}]},"7":{"type":"branch","line":18,"loc":{"start":{"line":18,"column":-1},"end":{"line":19,"column":1}},"locations":[{"start":{"line":18,"column":-1},"end":{"line":19,"column":1}}]}},"b":{"0":[63],"1":[6],"2":[61],"3":[57],"4":[56],"5":[34],"6":[21],"7":[42]},"fnMap":{"0":{"name":"bracket","decl":{"start":{"line":10,"column":7},"end":{"line":19,"column":1}},"loc":{"start":{"line":10,"column":7},"end":{"line":19,"column":1}},"line":10}},"f":{"0":63}}
,"/home/kelvinsoh/Desktop/math/mathlify/packages/mathlify/src/utils/typesetting-helpers/index.js": {"path":"/home/kelvinsoh/Desktop/math/mathlify/packages/mathlify/src/utils/typesetting-helpers/index.js","all":false,"statementMap":{"0":{"start":{"line":1,"column":0},"end":{"line":1,"column":39}}},"s":{"0":1},"branchMap":{},"b":{},"fnMap":{},"f":{}}
}
